{
	"start":	{
		"connected":	[],
		"version":	"iperf 3.9",
		"system_info":	"Linux localhost 5.10.81-android12-9-24854392-abS901U1UEU2AVHF #1 SMP PREEMPT Tue Aug 16 04:54:26 UTC 2022 aarch64",
		"timestamp":	{
			"time":	"Tue, 09 May 2023 04:54:21 GMT",
			"timesecs":	1683608061
		},
		"connecting_to":	{
			"host":	"66.42.97.129",
			"port":	5257
		},
		"cookie":	"6zwemk7oyuue3c3jrauqqwyjzewap7w7td6u",
		"sock_bufsize":	1048576,
		"sndbuf_actual":	2097152,
		"rcvbuf_actual":	2097152
	},
	"intervals":	[],
	"end":	{
		"streams":	[],
		"sum":	{
			"start":	0,
			"end":	0,
			"seconds":	0,
			"bytes":	0,
			"bits_per_second":	0,
			"jitter_ms":	0,
			"lost_packets":	0,
			"packets":	0,
			"lost_percent":	0,
			"sender":	false
		},
		"cpu_utilization_percent":	{
			"host_total":	0.13590817457542645,
			"host_user":	0.13588337833850336,
			"host_system":	0,
			"remote_total":	0,
			"remote_user":	0,
			"remote_system":	0
		}
	},
	"error":	"interrupt - the client has terminated"
}
