{
	"start":	{
		"connected":	[{
				"socket":	6,
				"local_host":	"138.68.49.206",
				"local_port":	5257,
				"remote_host":	"174.195.128.151",
				"remote_port":	6828
			}],
		"version":	"iperf 3.1.3",
		"system_info":	"Linux ubuntu-s-1vcpu-2gb-sfo2-01 4.15.0-202-generic #213-Ubuntu SMP Thu Jan 5 19:19:12 UTC 2023 x86_64",
		"timestamp":	{
			"time":	"Tue, 14 Feb 2023 07:26:48 GMT",
			"timesecs":	1676359608
		},
		"accepted_connection":	{
			"host":	"174.195.128.151",
			"port":	6822
		},
		"cookie":	"nlofwqumtrbhfmfylcda7ll7pjzmrdhekvdq",
		"tcp_mss_default":	1376,
		"test_start":	{
			"protocol":	"TCP",
			"num_streams":	1,
			"blksize":	131072,
			"omit":	0,
			"duration":	60,
			"bytes":	0,
			"blocks":	0,
			"reverse":	1
		}
	},
	"intervals":	[{
			"streams":	[{
					"socket":	6,
					"start":	0,
					"end":	0.100303,
					"seconds":	0.100303,
					"bytes":	45408,
					"bits_per_second":	3621668.710690,
					"retransmits":	0,
					"snd_cwnd":	13760,
					"rtt":	60255,
					"omitted":	false
				}],
			"sum":	{
				"start":	0,
				"end":	0.100303,
				"seconds":	0.100303,
				"bytes":	45408,
				"bits_per_second":	3621668.710690,
				"retransmits":	0,
				"omitted":	false
			}
		}, {
			"streams":	[{
					"socket":	6,
					"start":	0.100303,
					"end":	0.200194,
					"seconds":	0.099891,
					"bytes":	56416,
					"bits_per_second":	4518196.441097,
					"retransmits":	0,
					"snd_cwnd":	15136,
					"rtt":	61430,
					"omitted":	false
				}],
			"sum":	{
				"start":	0.100303,
				"end":	0.200194,
				"seconds":	0.099891,
				"bytes":	56416,
				"bits_per_second":	4518196.441097,
				"retransmits":	0,
				"omitted":	false
			}
		}, {
			"streams":	[{
					"socket":	6,
					"start":	0.200194,
					"end":	0.300215,
					"seconds":	0.100021,
					"bytes":	0,
					"bits_per_second":	0,
					"retransmits":	0,
					"snd_cwnd":	16512,
					"rtt":	58272,
					"omitted":	false
				}],
			"sum":	{
				"start":	0.200194,
				"end":	0.300215,
				"seconds":	0.100021,
				"bytes":	0,
				"bits_per_second":	0,
				"retransmits":	0,
				"omitted":	false
			}
		}, {
			"streams":	[{
					"socket":	6,
					"start":	0.300215,
					"end":	0.400178,
					"seconds":	0.099963,
					"bytes":	55040,
					"bits_per_second":	4404832.001145,
					"retransmits":	0,
					"snd_cwnd":	17888,
					"rtt":	52121,
					"omitted":	false
				}],
			"sum":	{
				"start":	0.300215,
				"end":	0.400178,
				"seconds":	0.099963,
				"bytes":	55040,
				"bits_per_second":	4404832.001145,
				"retransmits":	0,
				"omitted":	false
			}
		}, {
			"streams":	[{
					"socket":	6,
					"start":	0.400178,
					"end":	0.500128,
					"seconds":	0.099950,
					"bytes":	55040,
					"bits_per_second":	4405399.389057,
					"retransmits":	0,
					"snd_cwnd":	19264,
					"rtt":	50483,
					"omitted":	false
				}],
			"sum":	{
				"start":	0.400178,
				"end":	0.500128,
				"seconds":	0.099950,
				"bytes":	55040,
				"bits_per_second":	4405399.389057,
				"retransmits":	0,
				"omitted":	false
			}
		}, {
			"streams":	[{
					"socket":	6,
					"start":	0.500128,
					"end":	0.600184,
					"seconds":	0.100056,
					"bytes":	0,
					"bits_per_second":	0,
					"retransmits":	0,
					"snd_cwnd":	22016,
					"rtt":	59600,
					"omitted":	false
				}],
			"sum":	{
				"start":	0.500128,
				"end":	0.600184,
				"seconds":	0.100056,
				"bytes":	0,
				"bits_per_second":	0,
				"retransmits":	0,
				"omitted":	false
			}
		}, {
			"streams":	[{
					"socket":	6,
					"start":	0.600184,
					"end":	0.700129,
					"seconds":	0.099945,
					"bytes":	66048,
					"bits_per_second":	5286744.095267,
					"retransmits":	0,
					"snd_cwnd":	22016,
					"rtt":	62614,
					"omitted":	false
				}],
			"sum":	{
				"start":	0.600184,
				"end":	0.700129,
				"seconds":	0.099945,
				"bytes":	66048,
				"bits_per_second":	5286744.095267,
				"retransmits":	0,
				"omitted":	false
			}
		}, {
			"streams":	[{
					"socket":	6,
					"start":	0.700129,
					"end":	0.800201,
					"seconds":	0.100072,
					"bytes":	0,
					"bits_per_second":	0,
					"retransmits":	0,
					"snd_cwnd":	23392,
					"rtt":	67762,
					"omitted":	false
				}],
			"sum":	{
				"start":	0.700129,
				"end":	0.800201,
				"seconds":	0.100072,
				"bytes":	0,
				"bits_per_second":	0,
				"retransmits":	0,
				"omitted":	false
			}
		}, {
			"streams":	[{
					"socket":	6,
					"start":	0.800201,
					"end":	0.900192,
					"seconds":	0.099991,
					"bytes":	48160,
					"bits_per_second":	3853143.579220,
					"retransmits":	0,
					"snd_cwnd":	26144,
					"rtt":	71162,
					"omitted":	false
				}],
			"sum":	{
				"start":	0.800201,
				"end":	0.900192,
				"seconds":	0.099991,
				"bytes":	48160,
				"bits_per_second":	3853143.579220,
				"retransmits":	0,
				"omitted":	false
			}
		}, {
			"streams":	[{
					"socket":	6,
					"start":	0.900192,
					"end":	1.000143,
					"seconds":	0.099951,
					"bytes":	53664,
					"bits_per_second":	4295223.421428,
					"retransmits":	0,
					"snd_cwnd":	27520,
					"rtt":	73246,
					"omitted":	false
				}],
			"sum":	{
				"start":	0.900192,
				"end":	1.000143,
				"seconds":	0.099951,
				"bytes":	53664,
				"bits_per_second":	4295223.421428,
				"retransmits":	0,
				"omitted":	false
			}
		}, {
			"streams":	[{
					"socket":	6,
					"start":	1.000143,
					"end":	1.100142,
					"seconds":	0.099999,
					"bytes":	56416,
					"bits_per_second":	4513327.346688,
					"retransmits":	0,
					"snd_cwnd":	30272,
					"rtt":	60199,
					"omitted":	false
				}],
			"sum":	{
				"start":	1.000143,
				"end":	1.100142,
				"seconds":	0.099999,
				"bytes":	56416,
				"bits_per_second":	4513327.346688,
				"retransmits":	0,
				"omitted":	false
			}
		}, {
			"streams":	[{
					"socket":	6,
					"start":	1.100142,
					"end":	1.200158,
					"seconds":	0.100016,
					"bytes":	56416,
					"bits_per_second":	4512552.707550,
					"retransmits":	0,
					"snd_cwnd":	33024,
					"rtt":	58825,
					"omitted":	false
				}],
			"sum":	{
				"start":	1.100142,
				"end":	1.200158,
				"seconds":	0.100016,
				"bytes":	56416,
				"bits_per_second":	4512552.707550,
				"retransmits":	0,
				"omitted":	false
			}
		}, {
			"streams":	[{
					"socket":	6,
					"start":	1.200158,
					"end":	1.300119,
					"seconds":	0.099961,
					"bytes":	42656,
					"bits_per_second":	3413809.938278,
					"retransmits":	0,
					"snd_cwnd":	35776,
					"rtt":	56380,
					"omitted":	false
				}],
			"sum":	{
				"start":	1.200158,
				"end":	1.300119,
				"seconds":	0.099961,
				"bytes":	42656,
				"bits_per_second":	3413809.938278,
				"retransmits":	0,
				"omitted":	false
			}
		}, {
			"streams":	[{
					"socket":	6,
					"start":	1.300119,
					"end":	1.400164,
					"seconds":	0.100045,
					"bytes":	118336,
					"bits_per_second":	9462625.060238,
					"retransmits":	0,
					"snd_cwnd":	38528,
					"rtt":	60450,
					"omitted":	false
				}],
			"sum":	{
				"start":	1.300119,
				"end":	1.400164,
				"seconds":	0.100045,
				"bytes":	118336,
				"bits_per_second":	9462625.060238,
				"retransmits":	0,
				"omitted":	false
			}
		}, {
			"streams":	[{
					"socket":	6,
					"start":	1.400164,
					"end":	1.500193,
					"seconds":	0.100029,
					"bytes":	0,
					"bits_per_second":	0,
					"retransmits":	0,
					"snd_cwnd":	41280,
					"rtt":	63721,
					"omitted":	false
				}],
			"sum":	{
				"start":	1.400164,
				"end":	1.500193,
				"seconds":	0.100029,
				"bytes":	0,
				"bits_per_second":	0,
				"retransmits":	0,
				"omitted":	false
			}
		}, {
			"streams":	[{
					"socket":	6,
					"start":	1.500193,
					"end":	1.600189,
					"seconds":	0.099996,
					"bytes":	0,
					"bits_per_second":	0,
					"retransmits":	0,
					"snd_cwnd":	41280,
					"rtt":	63721,
					"omitted":	false
				}],
			"sum":	{
				"start":	1.500193,
				"end":	1.600189,
				"seconds":	0.099996,
				"bytes":	0,
				"bits_per_second":	0,
				"retransmits":	0,
				"omitted":	false
			}
		}, {
			"streams":	[{
					"socket":	6,
					"start":	1.600189,
					"end":	1.700129,
					"seconds":	0.099940,
					"bytes":	126592,
					"bits_per_second":	10133433.821217,
					"retransmits":	0,
					"snd_cwnd":	44032,
					"rtt":	103290,
					"omitted":	false
				}],
			"sum":	{
				"start":	1.600189,
				"end":	1.700129,
				"seconds":	0.099940,
				"bytes":	126592,
				"bits_per_second":	10133433.821217,
				"retransmits":	0,
				"omitted":	false
			}
		}, {
			"streams":	[{
					"socket":	6,
					"start":	1.700129,
					"end":	1.800108,
					"seconds":	0.099979,
					"bytes":	196768,
					"bits_per_second":	15744758.397146,
					"retransmits":	0,
					"snd_cwnd":	52288,
					"rtt":	39713,
					"omitted":	false
				}],
			"sum":	{
				"start":	1.700129,
				"end":	1.800108,
				"seconds":	0.099979,
				"bytes":	196768,
				"bits_per_second":	15744758.397146,
				"retransmits":	0,
				"omitted":	false
			}
		}, {
			"streams":	[{
					"socket":	6,
					"start":	1.800108,
					"end":	1.900106,
					"seconds":	0.099998,
					"bytes":	93568,
					"bits_per_second":	7485589.915112,
					"retransmits":	0,
					"snd_cwnd":	60544,
					"rtt":	32941,
					"omitted":	false
				}],
			"sum":	{
				"start":	1.800108,
				"end":	1.900106,
				"seconds":	0.099998,
				"bytes":	93568,
				"bits_per_second":	7485589.915112,
				"retransmits":	0,
				"omitted":	false
			}
		}, {
			"streams":	[{
					"socket":	6,
					"start":	1.900106,
					"end":	2.000115,
					"seconds":	0.100009,
					"bytes":	276576,
					"bits_per_second":	22124043.933716,
					"retransmits":	0,
					"snd_cwnd":	70176,
					"rtt":	33312,
					"omitted":	false
				}],
			"sum":	{
				"start":	1.900106,
				"end":	2.000115,
				"seconds":	0.100009,
				"bytes":	276576,
				"bits_per_second":	22124043.933716,
				"retransmits":	0,
				"omitted":	false
			}
		}, {
			"streams":	[{
					"socket":	6,
					"start":	2.000115,
					"end":	2.100101,
					"seconds":	0.099986,
					"bytes":	295840,
					"bits_per_second":	23670552.238662,
					"retransmits":	0,
					"snd_cwnd":	81184,
					"rtt":	34991,
					"omitted":	false
				}],
			"sum":	{
				"start":	2.000115,
				"end":	2.100101,
				"seconds":	0.099986,
				"bytes":	295840,
				"bits_per_second":	23670552.238662,
				"retransmits":	0,
				"omitted":	false
			}
		}, {
			"streams":	[{
					"socket":	6,
					"start":	2.100101,
					"end":	2.200110,
					"seconds":	0.100009,
					"bytes":	129344,
					"bits_per_second":	10346592.475726,
					"retransmits":	0,
					"snd_cwnd":	92192,
					"rtt":	35854,
					"omitted":	false
				}],
			"sum":	{
				"start":	2.100101,
				"end":	2.200110,
				"seconds":	0.100009,
				"bytes":	129344,
				"bits_per_second":	10346592.475726,
				"retransmits":	0,
				"omitted":	false
			}
		}, {
			"streams":	[{
					"socket":	6,
					"start":	2.200110,
					"end":	2.300134,
					"seconds":	0.100024,
					"bytes":	266944,
					"bits_per_second":	21350399.126186,
					"retransmits":	0,
					"snd_cwnd":	105952,
					"rtt":	35547,
					"omitted":	false
				}],
			"sum":	{
				"start":	2.200110,
				"end":	2.300134,
				"seconds":	0.100024,
				"bytes":	266944,
				"bits_per_second":	21350399.126186,
				"retransmits":	0,
				"omitted":	false
			}
		}, {
			"streams":	[{
					"socket":	6,
					"start":	2.300134,
					"end":	2.400159,
					"seconds":	0.100025,
					"bytes":	393536,
					"bits_per_second":	31474955.549826,
					"retransmits":	0,
					"snd_cwnd":	121088,
					"rtt":	36024,
					"omitted":	false
				}],
			"sum":	{
				"start":	2.300134,
				"end":	2.400159,
				"seconds":	0.100025,
				"bytes":	393536,
				"bits_per_second":	31474955.549826,
				"retransmits":	0,
				"omitted":	false
			}
		}, {
			"streams":	[{
					"socket":	6,
					"start":	2.400159,
					"end":	2.500112,
					"seconds":	0.099953,
					"bytes":	394912,
					"bits_per_second":	31607835.857349,
					"retransmits":	0,
					"snd_cwnd":	138976,
					"rtt":	37233,
					"omitted":	false
				}],
			"sum":	{
				"start":	2.400159,
				"end":	2.500112,
				"seconds":	0.099953,
				"bytes":	394912,
				"bits_per_second":	31607835.857349,
				"retransmits":	0,
				"omitted":	false
			}
		}, {
			"streams":	[{
					"socket":	6,
					"start":	2.500112,
					"end":	2.600122,
					"seconds":	0.100010,
					"bytes":	388032,
					"bits_per_second":	31039481.438151,
					"retransmits":	0,
					"snd_cwnd":	158240,
					"rtt":	36037,
					"omitted":	false
				}],
			"sum":	{
				"start":	2.500112,
				"end":	2.600122,
				"seconds":	0.100010,
				"bytes":	388032,
				"bits_per_second":	31039481.438151,
				"retransmits":	0,
				"omitted":	false
			}
		}, {
			"streams":	[{
					"socket":	6,
					"start":	2.600122,
					"end":	2.700121,
					"seconds":	0.099999,
					"bytes":	517376,
					"bits_per_second":	41390415.520298,
					"retransmits":	0,
					"snd_cwnd":	180256,
					"rtt":	35286,
					"omitted":	false
				}],
			"sum":	{
				"start":	2.600122,
				"end":	2.700121,
				"seconds":	0.099999,
				"bytes":	517376,
				"bits_per_second":	41390415.520298,
				"retransmits":	0,
				"omitted":	false
			}
		}, {
			"streams":	[{
					"socket":	6,
					"start":	2.700121,
					"end":	2.800107,
					"seconds":	0.099986,
					"bytes":	776064,
					"bits_per_second":	62093913.779560,
					"retransmits":	0,
					"snd_cwnd":	207776,
					"rtt":	35787,
					"omitted":	false
				}],
			"sum":	{
				"start":	2.700121,
				"end":	2.800107,
				"seconds":	0.099986,
				"bytes":	776064,
				"bits_per_second":	62093913.779560,
				"retransmits":	0,
				"omitted":	false
			}
		}, {
			"streams":	[{
					"socket":	6,
					"start":	2.800107,
					"end":	2.900129,
					"seconds":	0.100022,
					"bytes":	517376,
					"bits_per_second":	41380944.097063,
					"retransmits":	0,
					"snd_cwnd":	239424,
					"rtt":	36744,
					"omitted":	false
				}],
			"sum":	{
				"start":	2.800107,
				"end":	2.900129,
				"seconds":	0.100022,
				"bytes":	517376,
				"bits_per_second":	41380944.097063,
				"retransmits":	0,
				"omitted":	false
			}
		}, {
			"streams":	[{
					"socket":	6,
					"start":	2.900129,
					"end":	3.000136,
					"seconds":	0.100007,
					"bytes":	840736,
					"bits_per_second":	67254133.748038,
					"retransmits":	0,
					"snd_cwnd":	266944,
					"rtt":	35547,
					"omitted":	false
				}],
			"sum":	{
				"start":	2.900129,
				"end":	3.000136,
				"seconds":	0.100007,
				"bytes":	840736,
				"bits_per_second":	67254133.748038,
				"retransmits":	0,
				"omitted":	false
			}
		}, {
			"streams":	[{
					"socket":	6,
					"start":	3.000136,
					"end":	3.100115,
					"seconds":	0.099979,
					"bytes":	711392,
					"bits_per_second":	56923357.281989,
					"retransmits":	0,
					"snd_cwnd":	308224,
					"rtt":	36714,
					"omitted":	false
				}],
			"sum":	{
				"start":	3.000136,
				"end":	3.100115,
				"seconds":	0.099979,
				"bytes":	711392,
				"bits_per_second":	56923357.281989,
				"retransmits":	0,
				"omitted":	false
			}
		}, {
			"streams":	[{
					"socket":	6,
					"start":	3.100115,
					"end":	3.200143,
					"seconds":	0.100028,
					"bytes":	1034752,
					"bits_per_second":	82756956.583905,
					"retransmits":	0,
					"snd_cwnd":	355008,
					"rtt":	35777,
					"omitted":	false
				}],
			"sum":	{
				"start":	3.100115,
				"end":	3.200143,
				"seconds":	0.100028,
				"bytes":	1034752,
				"bits_per_second":	82756956.583905,
				"retransmits":	0,
				"omitted":	false
			}
		}, {
			"streams":	[{
					"socket":	6,
					"start":	3.200143,
					"end":	3.300141,
					"seconds":	0.099998,
					"bytes":	1228768,
					"bits_per_second":	98303408.738159,
					"retransmits":	0,
					"snd_cwnd":	394912,
					"rtt":	36065,
					"omitted":	false
				}],
			"sum":	{
				"start":	3.200143,
				"end":	3.300141,
				"seconds":	0.099998,
				"bytes":	1228768,
				"bits_per_second":	98303408.738159,
				"retransmits":	0,
				"omitted":	false
			}
		}, {
			"streams":	[{
					"socket":	6,
					"start":	3.300141,
					"end":	3.400146,
					"seconds":	0.100005,
					"bytes":	1034752,
					"bits_per_second":	82776094.516079,
					"retransmits":	0,
					"snd_cwnd":	456832,
					"rtt":	35374,
					"omitted":	false
				}],
			"sum":	{
				"start":	3.300141,
				"end":	3.400146,
				"seconds":	0.100005,
				"bytes":	1034752,
				"bits_per_second":	82776094.516079,
				"retransmits":	0,
				"omitted":	false
			}
		}, {
			"streams":	[{
					"socket":	6,
					"start":	3.400146,
					"end":	3.500100,
					"seconds":	0.099954,
					"bytes":	2134176,
					"bits_per_second":	170812434.626708,
					"retransmits":	0,
					"snd_cwnd":	527008,
					"rtt":	36025,
					"omitted":	false
				}],
			"sum":	{
				"start":	3.400146,
				"end":	3.500100,
				"seconds":	0.099954,
				"bytes":	2134176,
				"bits_per_second":	170812434.626708,
				"retransmits":	0,
				"omitted":	false
			}
		}, {
			"streams":	[{
					"socket":	6,
					"start":	3.500100,
					"end":	3.600132,
					"seconds":	0.100032,
					"bytes":	1293440,
					"bits_per_second":	103442250.827240,
					"retransmits":	0,
					"snd_cwnd":	608192,
					"rtt":	35415,
					"omitted":	false
				}],
			"sum":	{
				"start":	3.500100,
				"end":	3.600132,
				"seconds":	0.100032,
				"bytes":	1293440,
				"bits_per_second":	103442250.827240,
				"retransmits":	0,
				"omitted":	false
			}
		}, {
			"streams":	[{
					"socket":	6,
					"start":	3.600132,
					"end":	3.700125,
					"seconds":	0.099993,
					"bytes":	1616800,
					"bits_per_second":	129353067.011285,
					"retransmits":	0,
					"snd_cwnd":	685248,
					"rtt":	36146,
					"omitted":	false
				}],
			"sum":	{
				"start":	3.600132,
				"end":	3.700125,
				"seconds":	0.099993,
				"bytes":	1616800,
				"bits_per_second":	129353067.011285,
				"retransmits":	0,
				"omitted":	false
			}
		}, {
			"streams":	[{
					"socket":	6,
					"start":	3.700125,
					"end":	3.800449,
					"seconds":	0.100324,
					"bytes":	2974912,
					"bits_per_second":	237223989.186967,
					"retransmits":	0,
					"snd_cwnd":	781568,
					"rtt":	35651,
					"omitted":	false
				}],
			"sum":	{
				"start":	3.700125,
				"end":	3.800449,
				"seconds":	0.100324,
				"bytes":	2974912,
				"bits_per_second":	237223989.186967,
				"retransmits":	0,
				"omitted":	false
			}
		}, {
			"streams":	[{
					"socket":	6,
					"start":	3.800449,
					"end":	3.900136,
					"seconds":	0.099687,
					"bytes":	1875488,
					"bits_per_second":	150510346.536534,
					"retransmits":	0,
					"snd_cwnd":	898528,
					"rtt":	36618,
					"omitted":	false
				}],
			"sum":	{
				"start":	3.800449,
				"end":	3.900136,
				"seconds":	0.099687,
				"bytes":	1875488,
				"bits_per_second":	150510346.536534,
				"retransmits":	0,
				"omitted":	false
			}
		}, {
			"streams":	[{
					"socket":	6,
					"start":	3.900136,
					"end":	4.000136,
					"seconds":	0.100000,
					"bytes":	3638912,
					"bits_per_second":	291112543.560166,
					"retransmits":	0,
					"snd_cwnd":	1036128,
					"rtt":	36003,
					"omitted":	false
				}],
			"sum":	{
				"start":	3.900136,
				"end":	4.000136,
				"seconds":	0.100000,
				"bytes":	3638912,
				"bits_per_second":	291112543.560166,
				"retransmits":	0,
				"omitted":	false
			}
		}, {
			"streams":	[{
					"socket":	6,
					"start":	4.000136,
					"end":	4.100108,
					"seconds":	0.099972,
					"bytes":	3897600,
					"bits_per_second":	311895300.558771,
					"retransmits":	0,
					"snd_cwnd":	1197120,
					"rtt":	36414,
					"omitted":	false
				}],
			"sum":	{
				"start":	4.000136,
				"end":	4.100108,
				"seconds":	0.099972,
				"bytes":	3897600,
				"bits_per_second":	311895300.558771,
				"retransmits":	0,
				"omitted":	false
			}
		}, {
			"streams":	[{
					"socket":	6,
					"start":	4.100108,
					"end":	4.200222,
					"seconds":	0.100114,
					"bytes":	2621440,
					"bits_per_second":	209476671.609210,
					"retransmits":	1,
					"snd_cwnd":	930176,
					"rtt":	34866,
					"omitted":	false
				}],
			"sum":	{
				"start":	4.100108,
				"end":	4.200222,
				"seconds":	0.100114,
				"bytes":	2621440,
				"bits_per_second":	209476671.609210,
				"retransmits":	1,
				"omitted":	false
			}
		}, {
			"streams":	[{
					"socket":	6,
					"start":	4.200222,
					"end":	4.300122,
					"seconds":	0.099900,
					"bytes":	3932160,
					"bits_per_second":	314887664.842021,
					"retransmits":	0,
					"snd_cwnd":	1330592,
					"rtt":	32261,
					"omitted":	false
				}],
			"sum":	{
				"start":	4.200222,
				"end":	4.300122,
				"seconds":	0.099900,
				"bytes":	3932160,
				"bits_per_second":	314887664.842021,
				"retransmits":	0,
				"omitted":	false
			}
		}, {
			"streams":	[{
					"socket":	6,
					"start":	4.300122,
					"end":	4.400109,
					"seconds":	0.099987,
					"bytes":	3932160,
					"bits_per_second":	314613605.292434,
					"retransmits":	0,
					"snd_cwnd":	1331968,
					"rtt":	34001,
					"omitted":	false
				}],
			"sum":	{
				"start":	4.300122,
				"end":	4.400109,
				"seconds":	0.099987,
				"bytes":	3932160,
				"bits_per_second":	314613605.292434,
				"retransmits":	0,
				"omitted":	false
			}
		}, {
			"streams":	[{
					"socket":	6,
					"start":	4.400109,
					"end":	4.500107,
					"seconds":	0.099998,
					"bytes":	3932160,
					"bits_per_second":	314579100.126174,
					"retransmits":	0,
					"snd_cwnd":	1334720,
					"rtt":	34804,
					"omitted":	false
				}],
			"sum":	{
				"start":	4.400109,
				"end":	4.500107,
				"seconds":	0.099998,
				"bytes":	3932160,
				"bits_per_second":	314579100.126174,
				"retransmits":	0,
				"omitted":	false
			}
		}, {
			"streams":	[{
					"socket":	6,
					"start":	4.500107,
					"end":	4.600113,
					"seconds":	0.100006,
					"bytes":	3932160,
					"bits_per_second":	314553601.171803,
					"retransmits":	0,
					"snd_cwnd":	1336096,
					"rtt":	34165,
					"omitted":	false
				}],
			"sum":	{
				"start":	4.500107,
				"end":	4.600113,
				"seconds":	0.100006,
				"bytes":	3932160,
				"bits_per_second":	314553601.171803,
				"retransmits":	0,
				"omitted":	false
			}
		}, {
			"streams":	[{
					"socket":	6,
					"start":	4.600113,
					"end":	4.700104,
					"seconds":	0.099991,
					"bytes":	3932160,
					"bits_per_second":	314601602.636960,
					"retransmits":	0,
					"snd_cwnd":	1338848,
					"rtt":	35625,
					"omitted":	false
				}],
			"sum":	{
				"start":	4.600113,
				"end":	4.700104,
				"seconds":	0.099991,
				"bytes":	3932160,
				"bits_per_second":	314601602.636960,
				"retransmits":	0,
				"omitted":	false
			}
		}, {
			"streams":	[{
					"socket":	6,
					"start":	4.700104,
					"end":	4.800154,
					"seconds":	0.100050,
					"bytes":	2621440,
					"bits_per_second":	209610452.345058,
					"retransmits":	0,
					"snd_cwnd":	1340224,
					"rtt":	35818,
					"omitted":	false
				}],
			"sum":	{
				"start":	4.700104,
				"end":	4.800154,
				"seconds":	0.100050,
				"bytes":	2621440,
				"bits_per_second":	209610452.345058,
				"retransmits":	0,
				"omitted":	false
			}
		}, {
			"streams":	[{
					"socket":	6,
					"start":	4.800154,
					"end":	4.900116,
					"seconds":	0.099962,
					"bytes":	3932160,
					"bits_per_second":	314692395.450961,
					"retransmits":	0,
					"snd_cwnd":	1342976,
					"rtt":	36229,
					"omitted":	false
				}],
			"sum":	{
				"start":	4.800154,
				"end":	4.900116,
				"seconds":	0.099962,
				"bytes":	3932160,
				"bits_per_second":	314692395.450961,
				"retransmits":	0,
				"omitted":	false
			}
		}, {
			"streams":	[{
					"socket":	6,
					"start":	4.900116,
					"end":	5.000102,
					"seconds":	0.099986,
					"bytes":	3932160,
					"bits_per_second":	314616606.099406,
					"retransmits":	0,
					"snd_cwnd":	1344352,
					"rtt":	35902,
					"omitted":	false
				}],
			"sum":	{
				"start":	4.900116,
				"end":	5.000102,
				"seconds":	0.099986,
				"bytes":	3932160,
				"bits_per_second":	314616606.099406,
				"retransmits":	0,
				"omitted":	false
			}
		}, {
			"streams":	[{
					"socket":	6,
					"start":	5.000102,
					"end":	5.100109,
					"seconds":	0.100007,
					"bytes":	3932160,
					"bits_per_second":	314550601.566586,
					"retransmits":	0,
					"snd_cwnd":	1345728,
					"rtt":	35526,
					"omitted":	false
				}],
			"sum":	{
				"start":	5.000102,
				"end":	5.100109,
				"seconds":	0.100007,
				"bytes":	3932160,
				"bits_per_second":	314550601.566586,
				"retransmits":	0,
				"omitted":	false
			}
		}, {
			"streams":	[{
					"socket":	6,
					"start":	5.100109,
					"end":	5.200150,
					"seconds":	0.100041,
					"bytes":	3932160,
					"bits_per_second":	314444152.633019,
					"retransmits":	0,
					"snd_cwnd":	1348480,
					"rtt":	35670,
					"omitted":	false
				}],
			"sum":	{
				"start":	5.100109,
				"end":	5.200150,
				"seconds":	0.100041,
				"bytes":	3932160,
				"bits_per_second":	314444152.633019,
				"retransmits":	0,
				"omitted":	false
			}
		}, {
			"streams":	[{
					"socket":	6,
					"start":	5.200150,
					"end":	5.300097,
					"seconds":	0.099947,
					"bytes":	3932160,
					"bits_per_second":	314739688.491441,
					"retransmits":	0,
					"snd_cwnd":	1351232,
					"rtt":	35237,
					"omitted":	false
				}],
			"sum":	{
				"start":	5.200150,
				"end":	5.300097,
				"seconds":	0.099947,
				"bytes":	3932160,
				"bits_per_second":	314739688.491441,
				"retransmits":	0,
				"omitted":	false
			}
		}, {
			"streams":	[{
					"socket":	6,
					"start":	5.300097,
					"end":	5.400125,
					"seconds":	0.100028,
					"bytes":	3932160,
					"bits_per_second":	314484624.722606,
					"retransmits":	0,
					"snd_cwnd":	1352608,
					"rtt":	34106,
					"omitted":	false
				}],
			"sum":	{
				"start":	5.300097,
				"end":	5.400125,
				"seconds":	0.100028,
				"bytes":	3932160,
				"bits_per_second":	314484624.722606,
				"retransmits":	0,
				"omitted":	false
			}
		}, {
			"streams":	[{
					"socket":	6,
					"start":	5.400125,
					"end":	5.500121,
					"seconds":	0.099996,
					"bytes":	3932160,
					"bits_per_second":	314585100.480957,
					"retransmits":	0,
					"snd_cwnd":	1355360,
					"rtt":	35953,
					"omitted":	false
				}],
			"sum":	{
				"start":	5.400125,
				"end":	5.500121,
				"seconds":	0.099996,
				"bytes":	3932160,
				"bits_per_second":	314585100.480957,
				"retransmits":	0,
				"omitted":	false
			}
		}, {
			"streams":	[{
					"socket":	6,
					"start":	5.500121,
					"end":	5.600125,
					"seconds":	0.100004,
					"bytes":	3932160,
					"bits_per_second":	314560350.492720,
					"retransmits":	0,
					"snd_cwnd":	1356736,
					"rtt":	34159,
					"omitted":	false
				}],
			"sum":	{
				"start":	5.500121,
				"end":	5.600125,
				"seconds":	0.100004,
				"bytes":	3932160,
				"bits_per_second":	314560350.492720,
				"retransmits":	0,
				"omitted":	false
			}
		}, {
			"streams":	[{
					"socket":	6,
					"start":	5.600125,
					"end":	5.700138,
					"seconds":	0.100013,
					"bytes":	3932160,
					"bits_per_second":	314531855.330036,
					"retransmits":	0,
					"snd_cwnd":	1359488,
					"rtt":	34043,
					"omitted":	false
				}],
			"sum":	{
				"start":	5.600125,
				"end":	5.700138,
				"seconds":	0.100013,
				"bytes":	3932160,
				"bits_per_second":	314531855.330036,
				"retransmits":	0,
				"omitted":	false
			}
		}, {
			"streams":	[{
					"socket":	6,
					"start":	5.700138,
					"end":	5.800158,
					"seconds":	0.100020,
					"bytes":	3932160,
					"bits_per_second":	314510112.494744,
					"retransmits":	0,
					"snd_cwnd":	1360864,
					"rtt":	35806,
					"omitted":	false
				}],
			"sum":	{
				"start":	5.700138,
				"end":	5.800158,
				"seconds":	0.100020,
				"bytes":	3932160,
				"bits_per_second":	314510112.494744,
				"retransmits":	0,
				"omitted":	false
			}
		}, {
			"streams":	[{
					"socket":	6,
					"start":	5.800158,
					"end":	5.900126,
					"seconds":	0.099968,
					"bytes":	3932160,
					"bits_per_second":	314673632.310158,
					"retransmits":	0,
					"snd_cwnd":	1363616,
					"rtt":	35341,
					"omitted":	false
				}],
			"sum":	{
				"start":	5.800158,
				"end":	5.900126,
				"seconds":	0.099968,
				"bytes":	3932160,
				"bits_per_second":	314673632.310158,
				"retransmits":	0,
				"omitted":	false
			}
		}, {
			"streams":	[{
					"socket":	6,
					"start":	5.900126,
					"end":	6.000637,
					"seconds":	0.100511,
					"bytes":	3932160,
					"bits_per_second":	312973274.758690,
					"retransmits":	0,
					"snd_cwnd":	1364992,
					"rtt":	35940,
					"omitted":	false
				}],
			"sum":	{
				"start":	5.900126,
				"end":	6.000637,
				"seconds":	0.100511,
				"bytes":	3932160,
				"bits_per_second":	312973274.758690,
				"retransmits":	0,
				"omitted":	false
			}
		}, {
			"streams":	[{
					"socket":	6,
					"start":	6.000637,
					"end":	6.100127,
					"seconds":	0.099490,
					"bytes":	3932160,
					"bits_per_second":	316185576.331912,
					"retransmits":	0,
					"snd_cwnd":	1367744,
					"rtt":	36163,
					"omitted":	false
				}],
			"sum":	{
				"start":	6.000637,
				"end":	6.100127,
				"seconds":	0.099490,
				"bytes":	3932160,
				"bits_per_second":	316185576.331912,
				"retransmits":	0,
				"omitted":	false
			}
		}, {
			"streams":	[{
					"socket":	6,
					"start":	6.100127,
					"end":	6.200104,
					"seconds":	0.099977,
					"bytes":	3932160,
					"bits_per_second":	314645116.620927,
					"retransmits":	0,
					"snd_cwnd":	1370496,
					"rtt":	34977,
					"omitted":	false
				}],
			"sum":	{
				"start":	6.100127,
				"end":	6.200104,
				"seconds":	0.099977,
				"bytes":	3932160,
				"bits_per_second":	314645116.620927,
				"retransmits":	0,
				"omitted":	false
			}
		}, {
			"streams":	[{
					"socket":	6,
					"start":	6.200104,
					"end":	6.300153,
					"seconds":	0.100049,
					"bytes":	3932160,
					"bits_per_second":	314418675.550048,
					"retransmits":	0,
					"snd_cwnd":	1371872,
					"rtt":	34731,
					"omitted":	false
				}],
			"sum":	{
				"start":	6.200104,
				"end":	6.300153,
				"seconds":	0.100049,
				"bytes":	3932160,
				"bits_per_second":	314418675.550048,
				"retransmits":	0,
				"omitted":	false
			}
		}, {
			"streams":	[{
					"socket":	6,
					"start":	6.300153,
					"end":	6.400111,
					"seconds":	0.099958,
					"bytes":	3932160,
					"bits_per_second":	314705155.664871,
					"retransmits":	0,
					"snd_cwnd":	1373248,
					"rtt":	35129,
					"omitted":	false
				}],
			"sum":	{
				"start":	6.300153,
				"end":	6.400111,
				"seconds":	0.099958,
				"bytes":	3932160,
				"bits_per_second":	314705155.664871,
				"retransmits":	0,
				"omitted":	false
			}
		}, {
			"streams":	[{
					"socket":	6,
					"start":	6.400111,
					"end":	6.500133,
					"seconds":	0.100022,
					"bytes":	3932160,
					"bits_per_second":	314503365.329481,
					"retransmits":	0,
					"snd_cwnd":	1376000,
					"rtt":	34939,
					"omitted":	false
				}],
			"sum":	{
				"start":	6.400111,
				"end":	6.500133,
				"seconds":	0.100022,
				"bytes":	3932160,
				"bits_per_second":	314503365.329481,
				"retransmits":	0,
				"omitted":	false
			}
		}, {
			"streams":	[{
					"socket":	6,
					"start":	6.500133,
					"end":	6.600106,
					"seconds":	0.099973,
					"bytes":	2621440,
					"bits_per_second":	209771915.333936,
					"retransmits":	0,
					"snd_cwnd":	1377376,
					"rtt":	39306,
					"omitted":	false
				}],
			"sum":	{
				"start":	6.500133,
				"end":	6.600106,
				"seconds":	0.099973,
				"bytes":	2621440,
				"bits_per_second":	209771915.333936,
				"retransmits":	0,
				"omitted":	false
			}
		}, {
			"streams":	[{
					"socket":	6,
					"start":	6.600106,
					"end":	6.700103,
					"seconds":	0.099997,
					"bytes":	3932160,
					"bits_per_second":	314582100.274952,
					"retransmits":	0,
					"snd_cwnd":	1380128,
					"rtt":	35225,
					"omitted":	false
				}],
			"sum":	{
				"start":	6.600106,
				"end":	6.700103,
				"seconds":	0.099997,
				"bytes":	3932160,
				"bits_per_second":	314582100.274952,
				"retransmits":	0,
				"omitted":	false
			}
		}, {
			"streams":	[{
					"socket":	6,
					"start":	6.700103,
					"end":	6.800144,
					"seconds":	0.100041,
					"bytes":	3932160,
					"bits_per_second":	314444152.633019,
					"retransmits":	0,
					"snd_cwnd":	1381504,
					"rtt":	36074,
					"omitted":	false
				}],
			"sum":	{
				"start":	6.700103,
				"end":	6.800144,
				"seconds":	0.100041,
				"bytes":	3932160,
				"bits_per_second":	314444152.633019,
				"retransmits":	0,
				"omitted":	false
			}
		}, {
			"streams":	[{
					"socket":	6,
					"start":	6.800144,
					"end":	6.900118,
					"seconds":	0.099974,
					"bytes":	3932160,
					"bits_per_second":	314654121.017070,
					"retransmits":	0,
					"snd_cwnd":	1384256,
					"rtt":	34665,
					"omitted":	false
				}],
			"sum":	{
				"start":	6.800144,
				"end":	6.900118,
				"seconds":	0.099974,
				"bytes":	3932160,
				"bits_per_second":	314654121.017070,
				"retransmits":	0,
				"omitted":	false
			}
		}, {
			"streams":	[{
					"socket":	6,
					"start":	6.900118,
					"end":	7.000118,
					"seconds":	0.100000,
					"bytes":	3932160,
					"bits_per_second":	314573100.000286,
					"retransmits":	0,
					"snd_cwnd":	1385632,
					"rtt":	35189,
					"omitted":	false
				}],
			"sum":	{
				"start":	6.900118,
				"end":	7.000118,
				"seconds":	0.100000,
				"bytes":	3932160,
				"bits_per_second":	314573100.000286,
				"retransmits":	0,
				"omitted":	false
			}
		}, {
			"streams":	[{
					"socket":	6,
					"start":	7.000118,
					"end":	7.100102,
					"seconds":	0.099984,
					"bytes":	3932160,
					"bits_per_second":	314623358.124393,
					"retransmits":	0,
					"snd_cwnd":	1388384,
					"rtt":	34647,
					"omitted":	false
				}],
			"sum":	{
				"start":	7.000118,
				"end":	7.100102,
				"seconds":	0.099984,
				"bytes":	3932160,
				"bits_per_second":	314623358.124393,
				"retransmits":	0,
				"omitted":	false
			}
		}, {
			"streams":	[{
					"socket":	6,
					"start":	7.100102,
					"end":	7.200171,
					"seconds":	0.100069,
					"bytes":	3932160,
					"bits_per_second":	314355749.864481,
					"retransmits":	0,
					"snd_cwnd":	1391136,
					"rtt":	35284,
					"omitted":	false
				}],
			"sum":	{
				"start":	7.100102,
				"end":	7.200171,
				"seconds":	0.100069,
				"bytes":	3932160,
				"bits_per_second":	314355749.864481,
				"retransmits":	0,
				"omitted":	false
			}
		}, {
			"streams":	[{
					"socket":	6,
					"start":	7.200171,
					"end":	7.300096,
					"seconds":	0.099925,
					"bytes":	3932160,
					"bits_per_second":	314808776.885445,
					"retransmits":	0,
					"snd_cwnd":	1392512,
					"rtt":	35785,
					"omitted":	false
				}],
			"sum":	{
				"start":	7.200171,
				"end":	7.300096,
				"seconds":	0.099925,
				"bytes":	3932160,
				"bits_per_second":	314808776.885445,
				"retransmits":	0,
				"omitted":	false
			}
		}, {
			"streams":	[{
					"socket":	6,
					"start":	7.300096,
					"end":	7.400171,
					"seconds":	0.100075,
					"bytes":	3932160,
					"bits_per_second":	314337026.845156,
					"retransmits":	0,
					"snd_cwnd":	1393888,
					"rtt":	36259,
					"omitted":	false
				}],
			"sum":	{
				"start":	7.300096,
				"end":	7.400171,
				"seconds":	0.100075,
				"bytes":	3932160,
				"bits_per_second":	314337026.845156,
				"retransmits":	0,
				"omitted":	false
			}
		}, {
			"streams":	[{
					"socket":	6,
					"start":	7.400171,
					"end":	7.500139,
					"seconds":	0.099968,
					"bytes":	3932160,
					"bits_per_second":	314673632.310158,
					"retransmits":	0,
					"snd_cwnd":	1396640,
					"rtt":	36335,
					"omitted":	false
				}],
			"sum":	{
				"start":	7.400171,
				"end":	7.500139,
				"seconds":	0.099968,
				"bytes":	3932160,
				"bits_per_second":	314673632.310158,
				"retransmits":	0,
				"omitted":	false
			}
		}, {
			"streams":	[{
					"socket":	6,
					"start":	7.500139,
					"end":	7.600125,
					"seconds":	0.099986,
					"bytes":	3932160,
					"bits_per_second":	314616606.099406,
					"retransmits":	0,
					"snd_cwnd":	1398016,
					"rtt":	36177,
					"omitted":	false
				}],
			"sum":	{
				"start":	7.500139,
				"end":	7.600125,
				"seconds":	0.099986,
				"bytes":	3932160,
				"bits_per_second":	314616606.099406,
				"retransmits":	0,
				"omitted":	false
			}
		}, {
			"streams":	[{
					"socket":	6,
					"start":	7.600125,
					"end":	7.700117,
					"seconds":	0.099992,
					"bytes":	3932160,
					"bits_per_second":	314597851.994936,
					"retransmits":	0,
					"snd_cwnd":	1400768,
					"rtt":	36172,
					"omitted":	false
				}],
			"sum":	{
				"start":	7.600125,
				"end":	7.700117,
				"seconds":	0.099992,
				"bytes":	3932160,
				"bits_per_second":	314597851.994936,
				"retransmits":	0,
				"omitted":	false
			}
		}, {
			"streams":	[{
					"socket":	6,
					"start":	7.700117,
					"end":	7.800102,
					"seconds":	0.099985,
					"bytes":	3932160,
					"bits_per_second":	314620357.188620,
					"retransmits":	0,
					"snd_cwnd":	1402144,
					"rtt":	35625,
					"omitted":	false
				}],
			"sum":	{
				"start":	7.700117,
				"end":	7.800102,
				"seconds":	0.099985,
				"bytes":	3932160,
				"bits_per_second":	314620357.188620,
				"retransmits":	0,
				"omitted":	false
			}
		}, {
			"streams":	[{
					"socket":	6,
					"start":	7.800102,
					"end":	7.900102,
					"seconds":	0.100000,
					"bytes":	3932160,
					"bits_per_second":	314572350.000644,
					"retransmits":	0,
					"snd_cwnd":	1404896,
					"rtt":	35908,
					"omitted":	false
				}],
			"sum":	{
				"start":	7.800102,
				"end":	7.900102,
				"seconds":	0.100000,
				"bytes":	3932160,
				"bits_per_second":	314572350.000644,
				"retransmits":	0,
				"omitted":	false
			}
		}, {
			"streams":	[{
					"socket":	6,
					"start":	7.900102,
					"end":	8.000113,
					"seconds":	0.100011,
					"bytes":	3932160,
					"bits_per_second":	314538603.717781,
					"retransmits":	0,
					"snd_cwnd":	1407648,
					"rtt":	35306,
					"omitted":	false
				}],
			"sum":	{
				"start":	7.900102,
				"end":	8.000113,
				"seconds":	0.100011,
				"bytes":	3932160,
				"bits_per_second":	314538603.717781,
				"retransmits":	0,
				"omitted":	false
			}
		}, {
			"streams":	[{
					"socket":	6,
					"start":	8.000113,
					"end":	8.100140,
					"seconds":	0.100027,
					"bytes":	3932160,
					"bits_per_second":	314487623.069618,
					"retransmits":	0,
					"snd_cwnd":	1409024,
					"rtt":	34442,
					"omitted":	false
				}],
			"sum":	{
				"start":	8.000113,
				"end":	8.100140,
				"seconds":	0.100027,
				"bytes":	3932160,
				"bits_per_second":	314487623.069618,
				"retransmits":	0,
				"omitted":	false
			}
		}, {
			"streams":	[{
					"socket":	6,
					"start":	8.100140,
					"end":	8.200102,
					"seconds":	0.099962,
					"bytes":	3932160,
					"bits_per_second":	314692395.450961,
					"retransmits":	0,
					"snd_cwnd":	1410400,
					"rtt":	34695,
					"omitted":	false
				}],
			"sum":	{
				"start":	8.100140,
				"end":	8.200102,
				"seconds":	0.099962,
				"bytes":	3932160,
				"bits_per_second":	314692395.450961,
				"retransmits":	0,
				"omitted":	false
			}
		}, {
			"streams":	[{
					"socket":	6,
					"start":	8.200102,
					"end":	8.300099,
					"seconds":	0.099997,
					"bytes":	3932160,
					"bits_per_second":	314582100.274952,
					"retransmits":	0,
					"snd_cwnd":	1413152,
					"rtt":	36864,
					"omitted":	false
				}],
			"sum":	{
				"start":	8.200102,
				"end":	8.300099,
				"seconds":	0.099997,
				"bytes":	3932160,
				"bits_per_second":	314582100.274952,
				"retransmits":	0,
				"omitted":	false
			}
		}, {
			"streams":	[{
					"socket":	6,
					"start":	8.300099,
					"end":	8.400133,
					"seconds":	0.100034,
					"bytes":	3932160,
					"bits_per_second":	314465886.349026,
					"retransmits":	0,
					"snd_cwnd":	1414528,
					"rtt":	35239,
					"omitted":	false
				}],
			"sum":	{
				"start":	8.300099,
				"end":	8.400133,
				"seconds":	0.100034,
				"bytes":	3932160,
				"bits_per_second":	314465886.349026,
				"retransmits":	0,
				"omitted":	false
			}
		}, {
			"streams":	[{
					"socket":	6,
					"start":	8.400133,
					"end":	8.500226,
					"seconds":	0.100093,
					"bytes":	3932160,
					"bits_per_second":	314280871.166500,
					"retransmits":	0,
					"snd_cwnd":	1417280,
					"rtt":	36093,
					"omitted":	false
				}],
			"sum":	{
				"start":	8.400133,
				"end":	8.500226,
				"seconds":	0.100093,
				"bytes":	3932160,
				"bits_per_second":	314280871.166500,
				"retransmits":	0,
				"omitted":	false
			}
		}, {
			"streams":	[{
					"socket":	6,
					"start":	8.500226,
					"end":	8.600112,
					"seconds":	0.099886,
					"bytes":	3932160,
					"bits_per_second":	314932009.712616,
					"retransmits":	0,
					"snd_cwnd":	1418656,
					"rtt":	35793,
					"omitted":	false
				}],
			"sum":	{
				"start":	8.500226,
				"end":	8.600112,
				"seconds":	0.099886,
				"bytes":	3932160,
				"bits_per_second":	314932009.712616,
				"retransmits":	0,
				"omitted":	false
			}
		}, {
			"streams":	[{
					"socket":	6,
					"start":	8.600112,
					"end":	8.700117,
					"seconds":	0.100005,
					"bytes":	3932160,
					"bits_per_second":	314556600.834231,
					"retransmits":	0,
					"snd_cwnd":	1421408,
					"rtt":	35515,
					"omitted":	false
				}],
			"sum":	{
				"start":	8.600112,
				"end":	8.700117,
				"seconds":	0.100005,
				"bytes":	3932160,
				"bits_per_second":	314556600.834231,
				"retransmits":	0,
				"omitted":	false
			}
		}, {
			"streams":	[{
					"socket":	6,
					"start":	8.700117,
					"end":	8.800139,
					"seconds":	0.100022,
					"bytes":	5242880,
					"bits_per_second":	419338820.000286,
					"retransmits":	0,
					"snd_cwnd":	1422784,
					"rtt":	35332,
					"omitted":	false
				}],
			"sum":	{
				"start":	8.700117,
				"end":	8.800139,
				"seconds":	0.100022,
				"bytes":	5242880,
				"bits_per_second":	419338820.000286,
				"retransmits":	0,
				"omitted":	false
			}
		}, {
			"streams":	[{
					"socket":	6,
					"start":	8.800139,
					"end":	8.900119,
					"seconds":	0.099980,
					"bytes":	2621440,
					"bits_per_second":	209756908.293323,
					"retransmits":	0,
					"snd_cwnd":	1425536,
					"rtt":	36016,
					"omitted":	false
				}],
			"sum":	{
				"start":	8.800139,
				"end":	8.900119,
				"seconds":	0.099980,
				"bytes":	2621440,
				"bits_per_second":	209756908.293323,
				"retransmits":	0,
				"omitted":	false
			}
		}, {
			"streams":	[{
					"socket":	6,
					"start":	8.900119,
					"end":	9.000130,
					"seconds":	0.100011,
					"bytes":	3932160,
					"bits_per_second":	314538603.717781,
					"retransmits":	0,
					"snd_cwnd":	1426912,
					"rtt":	34833,
					"omitted":	false
				}],
			"sum":	{
				"start":	8.900119,
				"end":	9.000130,
				"seconds":	0.100011,
				"bytes":	3932160,
				"bits_per_second":	314538603.717781,
				"retransmits":	0,
				"omitted":	false
			}
		}, {
			"streams":	[{
					"socket":	6,
					"start":	9.000130,
					"end":	9.100098,
					"seconds":	0.099968,
					"bytes":	3932160,
					"bits_per_second":	314672881.831065,
					"retransmits":	0,
					"snd_cwnd":	1429664,
					"rtt":	35392,
					"omitted":	false
				}],
			"sum":	{
				"start":	9.000130,
				"end":	9.100098,
				"seconds":	0.099968,
				"bytes":	3932160,
				"bits_per_second":	314672881.831065,
				"retransmits":	0,
				"omitted":	false
			}
		}, {
			"streams":	[{
					"socket":	6,
					"start":	9.100098,
					"end":	9.200102,
					"seconds":	0.100004,
					"bytes":	5242880,
					"bits_per_second":	419413800.656960,
					"retransmits":	0,
					"snd_cwnd":	1431040,
					"rtt":	35643,
					"omitted":	false
				}],
			"sum":	{
				"start":	9.100098,
				"end":	9.200102,
				"seconds":	0.100004,
				"bytes":	5242880,
				"bits_per_second":	419413800.656960,
				"retransmits":	0,
				"omitted":	false
			}
		}, {
			"streams":	[{
					"socket":	6,
					"start":	9.200102,
					"end":	9.300109,
					"seconds":	0.100007,
					"bytes":	3932160,
					"bits_per_second":	314550601.566586,
					"retransmits":	0,
					"snd_cwnd":	1433792,
					"rtt":	35827,
					"omitted":	false
				}],
			"sum":	{
				"start":	9.200102,
				"end":	9.300109,
				"seconds":	0.100007,
				"bytes":	3932160,
				"bits_per_second":	314550601.566586,
				"retransmits":	0,
				"omitted":	false
			}
		}, {
			"streams":	[{
					"socket":	6,
					"start":	9.300109,
					"end":	9.400114,
					"seconds":	0.100005,
					"bytes":	3932160,
					"bits_per_second":	314557350.758778,
					"retransmits":	0,
					"snd_cwnd":	1435168,
					"rtt":	35790,
					"omitted":	false
				}],
			"sum":	{
				"start":	9.300109,
				"end":	9.400114,
				"seconds":	0.100005,
				"bytes":	3932160,
				"bits_per_second":	314557350.758778,
				"retransmits":	0,
				"omitted":	false
			}
		}, {
			"streams":	[{
					"socket":	6,
					"start":	9.400114,
					"end":	9.500180,
					"seconds":	0.100066,
					"bytes":	3932160,
					"bits_per_second":	314365486.716019,
					"retransmits":	0,
					"snd_cwnd":	1437920,
					"rtt":	35822,
					"omitted":	false
				}],
			"sum":	{
				"start":	9.400114,
				"end":	9.500180,
				"seconds":	0.100066,
				"bytes":	3932160,
				"bits_per_second":	314365486.716019,
				"retransmits":	0,
				"omitted":	false
			}
		}, {
			"streams":	[{
					"socket":	6,
					"start":	9.500180,
					"end":	9.600113,
					"seconds":	0.099933,
					"bytes":	3932160,
					"bits_per_second":	314783240.685005,
					"retransmits":	0,
					"snd_cwnd":	1440672,
					"rtt":	35149,
					"omitted":	false
				}],
			"sum":	{
				"start":	9.500180,
				"end":	9.600113,
				"seconds":	0.099933,
				"bytes":	3932160,
				"bits_per_second":	314783240.685005,
				"retransmits":	0,
				"omitted":	false
			}
		}, {
			"streams":	[{
					"socket":	6,
					"start":	9.600113,
					"end":	9.700106,
					"seconds":	0.099993,
					"bytes":	3932160,
					"bits_per_second":	314594851.545704,
					"retransmits":	0,
					"snd_cwnd":	1442048,
					"rtt":	35929,
					"omitted":	false
				}],
			"sum":	{
				"start":	9.600113,
				"end":	9.700106,
				"seconds":	0.099993,
				"bytes":	3932160,
				"bits_per_second":	314594851.545704,
				"retransmits":	0,
				"omitted":	false
			}
		}, {
			"streams":	[{
					"socket":	6,
					"start":	9.700106,
					"end":	9.800110,
					"seconds":	0.100004,
					"bytes":	3932160,
					"bits_per_second":	314560350.492720,
					"retransmits":	0,
					"snd_cwnd":	1443424,
					"rtt":	36067,
					"omitted":	false
				}],
			"sum":	{
				"start":	9.700106,
				"end":	9.800110,
				"seconds":	0.100004,
				"bytes":	3932160,
				"bits_per_second":	314560350.492720,
				"retransmits":	0,
				"omitted":	false
			}
		}, {
			"streams":	[{
					"socket":	6,
					"start":	9.800110,
					"end":	9.900127,
					"seconds":	0.100017,
					"bytes":	3932160,
					"bits_per_second":	314519858.911230,
					"retransmits":	0,
					"snd_cwnd":	1446176,
					"rtt":	35254,
					"omitted":	false
				}],
			"sum":	{
				"start":	9.800110,
				"end":	9.900127,
				"seconds":	0.100017,
				"bytes":	3932160,
				"bits_per_second":	314519858.911230,
				"retransmits":	0,
				"omitted":	false
			}
		}, {
			"streams":	[{
					"socket":	6,
					"start":	9.900127,
					"end":	10.000107,
					"seconds":	0.099980,
					"bytes":	3932160,
					"bits_per_second":	314635362.439984,
					"retransmits":	0,
					"snd_cwnd":	1447552,
					"rtt":	35409,
					"omitted":	false
				}],
			"sum":	{
				"start":	9.900127,
				"end":	10.000107,
				"seconds":	0.099980,
				"bytes":	3932160,
				"bits_per_second":	314635362.439984,
				"retransmits":	0,
				"omitted":	false
			}
		}, {
			"streams":	[{
					"socket":	6,
					"start":	10.000107,
					"end":	10.100122,
					"seconds":	0.100015,
					"bytes":	3932160,
					"bits_per_second":	314525857.006243,
					"retransmits":	0,
					"snd_cwnd":	1450304,
					"rtt":	36026,
					"omitted":	false
				}],
			"sum":	{
				"start":	10.000107,
				"end":	10.100122,
				"seconds":	0.100015,
				"bytes":	3932160,
				"bits_per_second":	314525857.006243,
				"retransmits":	0,
				"omitted":	false
			}
		}, {
			"streams":	[{
					"socket":	6,
					"start":	10.100122,
					"end":	10.200110,
					"seconds":	0.099988,
					"bytes":	3932160,
					"bits_per_second":	314610604.542706,
					"retransmits":	0,
					"snd_cwnd":	1451680,
					"rtt":	36665,
					"omitted":	false
				}],
			"sum":	{
				"start":	10.100122,
				"end":	10.200110,
				"seconds":	0.099988,
				"bytes":	3932160,
				"bits_per_second":	314610604.542706,
				"retransmits":	0,
				"omitted":	false
			}
		}, {
			"streams":	[{
					"socket":	6,
					"start":	10.200110,
					"end":	10.300117,
					"seconds":	0.100007,
					"bytes":	3932160,
					"bits_per_second":	314550601.566586,
					"retransmits":	0,
					"snd_cwnd":	1454432,
					"rtt":	35078,
					"omitted":	false
				}],
			"sum":	{
				"start":	10.200110,
				"end":	10.300117,
				"seconds":	0.100007,
				"bytes":	3932160,
				"bits_per_second":	314550601.566586,
				"retransmits":	0,
				"omitted":	false
			}
		}, {
			"streams":	[{
					"socket":	6,
					"start":	10.300117,
					"end":	10.400114,
					"seconds":	0.099997,
					"bytes":	5242880,
					"bits_per_second":	419442800.366603,
					"retransmits":	0,
					"snd_cwnd":	1459936,
					"rtt":	34268,
					"omitted":	false
				}],
			"sum":	{
				"start":	10.300117,
				"end":	10.400114,
				"seconds":	0.099997,
				"bytes":	5242880,
				"bits_per_second":	419442800.366603,
				"retransmits":	0,
				"omitted":	false
			}
		}, {
			"streams":	[{
					"socket":	6,
					"start":	10.400114,
					"end":	10.500097,
					"seconds":	0.099983,
					"bytes":	3932160,
					"bits_per_second":	314626359.117415,
					"retransmits":	0,
					"snd_cwnd":	1465440,
					"rtt":	35484,
					"omitted":	false
				}],
			"sum":	{
				"start":	10.400114,
				"end":	10.500097,
				"seconds":	0.099983,
				"bytes":	3932160,
				"bits_per_second":	314626359.117415,
				"retransmits":	0,
				"omitted":	false
			}
		}, {
			"streams":	[{
					"socket":	6,
					"start":	10.500097,
					"end":	10.600107,
					"seconds":	0.100010,
					"bytes":	3932160,
					"bits_per_second":	314541603.094176,
					"retransmits":	0,
					"snd_cwnd":	1470944,
					"rtt":	35033,
					"omitted":	false
				}],
			"sum":	{
				"start":	10.500097,
				"end":	10.600107,
				"seconds":	0.100010,
				"bytes":	3932160,
				"bits_per_second":	314541603.094176,
				"retransmits":	0,
				"omitted":	false
			}
		}, {
			"streams":	[{
					"socket":	6,
					"start":	10.600107,
					"end":	10.700111,
					"seconds":	0.100004,
					"bytes":	3932160,
					"bits_per_second":	314559600.553871,
					"retransmits":	0,
					"snd_cwnd":	1479200,
					"rtt":	34789,
					"omitted":	false
				}],
			"sum":	{
				"start":	10.600107,
				"end":	10.700111,
				"seconds":	0.100004,
				"bytes":	3932160,
				"bits_per_second":	314559600.553871,
				"retransmits":	0,
				"omitted":	false
			}
		}, {
			"streams":	[{
					"socket":	6,
					"start":	10.700111,
					"end":	10.800134,
					"seconds":	0.100023,
					"bytes":	3932160,
					"bits_per_second":	314501116.338725,
					"retransmits":	0,
					"snd_cwnd":	1486080,
					"rtt":	36952,
					"omitted":	false
				}],
			"sum":	{
				"start":	10.700111,
				"end":	10.800134,
				"seconds":	0.100023,
				"bytes":	3932160,
				"bits_per_second":	314501116.338725,
				"retransmits":	0,
				"omitted":	false
			}
		}, {
			"streams":	[{
					"socket":	6,
					"start":	10.800134,
					"end":	10.900122,
					"seconds":	0.099988,
					"bytes":	3932160,
					"bits_per_second":	314609854.364218,
					"retransmits":	0,
					"snd_cwnd":	1492960,
					"rtt":	36409,
					"omitted":	false
				}],
			"sum":	{
				"start":	10.800134,
				"end":	10.900122,
				"seconds":	0.099988,
				"bytes":	3932160,
				"bits_per_second":	314609854.364218,
				"retransmits":	0,
				"omitted":	false
			}
		}, {
			"streams":	[{
					"socket":	6,
					"start":	10.900122,
					"end":	11.000129,
					"seconds":	0.100007,
					"bytes":	3932160,
					"bits_per_second":	314551351.462527,
					"retransmits":	0,
					"snd_cwnd":	1499840,
					"rtt":	35134,
					"omitted":	false
				}],
			"sum":	{
				"start":	10.900122,
				"end":	11.000129,
				"seconds":	0.100007,
				"bytes":	3932160,
				"bits_per_second":	314551351.462527,
				"retransmits":	0,
				"omitted":	false
			}
		}, {
			"streams":	[{
					"socket":	6,
					"start":	11.000129,
					"end":	11.100157,
					"seconds":	0.100028,
					"bytes":	5242880,
					"bits_per_second":	419312832.963475,
					"retransmits":	0,
					"snd_cwnd":	1508096,
					"rtt":	36480,
					"omitted":	false
				}],
			"sum":	{
				"start":	11.000129,
				"end":	11.100157,
				"seconds":	0.100028,
				"bytes":	5242880,
				"bits_per_second":	419312832.963475,
				"retransmits":	0,
				"omitted":	false
			}
		}, {
			"streams":	[{
					"socket":	6,
					"start":	11.100157,
					"end":	11.200099,
					"seconds":	0.099942,
					"bytes":	3932160,
					"bits_per_second":	314755455.997252,
					"retransmits":	0,
					"snd_cwnd":	1516352,
					"rtt":	35885,
					"omitted":	false
				}],
			"sum":	{
				"start":	11.100157,
				"end":	11.200099,
				"seconds":	0.099942,
				"bytes":	3932160,
				"bits_per_second":	314755455.997252,
				"retransmits":	0,
				"omitted":	false
			}
		}, {
			"streams":	[{
					"socket":	6,
					"start":	11.200099,
					"end":	11.300106,
					"seconds":	0.100007,
					"bytes":	5242880,
					"bits_per_second":	419400802.088781,
					"retransmits":	0,
					"snd_cwnd":	1524608,
					"rtt":	36670,
					"omitted":	false
				}],
			"sum":	{
				"start":	11.200099,
				"end":	11.300106,
				"seconds":	0.100007,
				"bytes":	5242880,
				"bits_per_second":	419400802.088781,
				"retransmits":	0,
				"omitted":	false
			}
		}, {
			"streams":	[{
					"socket":	6,
					"start":	11.300106,
					"end":	11.400104,
					"seconds":	0.099998,
					"bytes":	3932160,
					"bits_per_second":	314579100.126174,
					"retransmits":	0,
					"snd_cwnd":	1532864,
					"rtt":	36160,
					"omitted":	false
				}],
			"sum":	{
				"start":	11.300106,
				"end":	11.400104,
				"seconds":	0.099998,
				"bytes":	3932160,
				"bits_per_second":	314579100.126174,
				"retransmits":	0,
				"omitted":	false
			}
		}, {
			"streams":	[{
					"socket":	6,
					"start":	11.400104,
					"end":	11.500094,
					"seconds":	0.099990,
					"bytes":	3932160,
					"bits_per_second":	314604603.214970,
					"retransmits":	0,
					"snd_cwnd":	1541120,
					"rtt":	35927,
					"omitted":	false
				}],
			"sum":	{
				"start":	11.400104,
				"end":	11.500094,
				"seconds":	0.099990,
				"bytes":	3932160,
				"bits_per_second":	314604603.214970,
				"retransmits":	0,
				"omitted":	false
			}
		}, {
			"streams":	[{
					"socket":	6,
					"start":	11.500094,
					"end":	11.600097,
					"seconds":	0.100003,
					"bytes":	3932160,
					"bits_per_second":	314563350.283876,
					"retransmits":	0,
					"snd_cwnd":	1549376,
					"rtt":	34543,
					"omitted":	false
				}],
			"sum":	{
				"start":	11.500094,
				"end":	11.600097,
				"seconds":	0.100003,
				"bytes":	3932160,
				"bits_per_second":	314563350.283876,
				"retransmits":	0,
				"omitted":	false
			}
		}, {
			"streams":	[{
					"socket":	6,
					"start":	11.600097,
					"end":	11.700653,
					"seconds":	0.100556,
					"bytes":	5242880,
					"bits_per_second":	417110700.664022,
					"retransmits":	0,
					"snd_cwnd":	1560384,
					"rtt":	34276,
					"omitted":	false
				}],
			"sum":	{
				"start":	11.600097,
				"end":	11.700653,
				"seconds":	0.100556,
				"bytes":	5242880,
				"bits_per_second":	417110700.664022,
				"retransmits":	0,
				"omitted":	false
			}
		}, {
			"streams":	[{
					"socket":	6,
					"start":	11.700653,
					"end":	11.800098,
					"seconds":	0.099445,
					"bytes":	3932160,
					"bits_per_second":	316328848.418660,
					"retransmits":	0,
					"snd_cwnd":	1568640,
					"rtt":	35360,
					"omitted":	false
				}],
			"sum":	{
				"start":	11.700653,
				"end":	11.800098,
				"seconds":	0.099445,
				"bytes":	3932160,
				"bits_per_second":	316328848.418660,
				"retransmits":	0,
				"omitted":	false
			}
		}, {
			"streams":	[{
					"socket":	6,
					"start":	11.800098,
					"end":	11.900118,
					"seconds":	0.100020,
					"bytes":	3932160,
					"bits_per_second":	314509362.795419,
					"retransmits":	0,
					"snd_cwnd":	1579648,
					"rtt":	36454,
					"omitted":	false
				}],
			"sum":	{
				"start":	11.800098,
				"end":	11.900118,
				"seconds":	0.100020,
				"bytes":	3932160,
				"bits_per_second":	314509362.795419,
				"retransmits":	0,
				"omitted":	false
			}
		}, {
			"streams":	[{
					"socket":	6,
					"start":	11.900118,
					"end":	12.000093,
					"seconds":	0.099975,
					"bytes":	5242880,
					"bits_per_second":	419535826.492959,
					"retransmits":	0,
					"snd_cwnd":	1589280,
					"rtt":	34408,
					"omitted":	false
				}],
			"sum":	{
				"start":	11.900118,
				"end":	12.000093,
				"seconds":	0.099975,
				"bytes":	5242880,
				"bits_per_second":	419535826.492959,
				"retransmits":	0,
				"omitted":	false
			}
		}, {
			"streams":	[{
					"socket":	6,
					"start":	12.000093,
					"end":	12.100166,
					"seconds":	0.100073,
					"bytes":	3932160,
					"bits_per_second":	314343017.968680,
					"retransmits":	0,
					"snd_cwnd":	1598912,
					"rtt":	36127,
					"omitted":	false
				}],
			"sum":	{
				"start":	12.000093,
				"end":	12.100166,
				"seconds":	0.100073,
				"bytes":	3932160,
				"bits_per_second":	314343017.968680,
				"retransmits":	0,
				"omitted":	false
			}
		}, {
			"streams":	[{
					"socket":	6,
					"start":	12.100166,
					"end":	12.200120,
					"seconds":	0.099954,
					"bytes":	5242880,
					"bits_per_second":	419623889.218175,
					"retransmits":	0,
					"snd_cwnd":	1608544,
					"rtt":	36100,
					"omitted":	false
				}],
			"sum":	{
				"start":	12.100166,
				"end":	12.200120,
				"seconds":	0.099954,
				"bytes":	5242880,
				"bits_per_second":	419623889.218175,
				"retransmits":	0,
				"omitted":	false
			}
		}, {
			"streams":	[{
					"socket":	6,
					"start":	12.200120,
					"end":	12.300147,
					"seconds":	0.100027,
					"bytes":	3932160,
					"bits_per_second":	314487623.069618,
					"retransmits":	0,
					"snd_cwnd":	1619552,
					"rtt":	35532,
					"omitted":	false
				}],
			"sum":	{
				"start":	12.200120,
				"end":	12.300147,
				"seconds":	0.100027,
				"bytes":	3932160,
				"bits_per_second":	314487623.069618,
				"retransmits":	0,
				"omitted":	false
			}
		}, {
			"streams":	[{
					"socket":	6,
					"start":	12.300147,
					"end":	12.400116,
					"seconds":	0.099969,
					"bytes":	5242880,
					"bits_per_second":	419560840.553685,
					"retransmits":	0,
					"snd_cwnd":	1630560,
					"rtt":	35519,
					"omitted":	false
				}],
			"sum":	{
				"start":	12.300147,
				"end":	12.400116,
				"seconds":	0.099969,
				"bytes":	5242880,
				"bits_per_second":	419560840.553685,
				"retransmits":	0,
				"omitted":	false
			}
		}, {
			"streams":	[{
					"socket":	6,
					"start":	12.400116,
					"end":	12.500066,
					"seconds":	0.099950,
					"bytes":	5242880,
					"bits_per_second":	419639904.594856,
					"retransmits":	0,
					"snd_cwnd":	1642944,
					"rtt":	35482,
					"omitted":	false
				}],
			"sum":	{
				"start":	12.400116,
				"end":	12.500066,
				"seconds":	0.099950,
				"bytes":	5242880,
				"bits_per_second":	419639904.594856,
				"retransmits":	0,
				"omitted":	false
			}
		}, {
			"streams":	[{
					"socket":	6,
					"start":	12.500066,
					"end":	12.600270,
					"seconds":	0.100204,
					"bytes":	3932160,
					"bits_per_second":	313932406.345013,
					"retransmits":	0,
					"snd_cwnd":	1653952,
					"rtt":	36188,
					"omitted":	false
				}],
			"sum":	{
				"start":	12.500066,
				"end":	12.600270,
				"seconds":	0.100204,
				"bytes":	3932160,
				"bits_per_second":	313932406.345013,
				"retransmits":	0,
				"omitted":	false
			}
		}, {
			"streams":	[{
					"socket":	6,
					"start":	12.600270,
					"end":	12.700138,
					"seconds":	0.099868,
					"bytes":	3932160,
					"bits_per_second":	314988398.343953,
					"retransmits":	0,
					"snd_cwnd":	1664960,
					"rtt":	35283,
					"omitted":	false
				}],
			"sum":	{
				"start":	12.600270,
				"end":	12.700138,
				"seconds":	0.099868,
				"bytes":	3932160,
				"bits_per_second":	314988398.343953,
				"retransmits":	0,
				"omitted":	false
			}
		}, {
			"streams":	[{
					"socket":	6,
					"start":	12.700138,
					"end":	12.800135,
					"seconds":	0.099997,
					"bytes":	5242880,
					"bits_per_second":	419442800.366603,
					"retransmits":	0,
					"snd_cwnd":	1677344,
					"rtt":	35343,
					"omitted":	false
				}],
			"sum":	{
				"start":	12.700138,
				"end":	12.800135,
				"seconds":	0.099997,
				"bytes":	5242880,
				"bits_per_second":	419442800.366603,
				"retransmits":	0,
				"omitted":	false
			}
		}, {
			"streams":	[{
					"socket":	6,
					"start":	12.800135,
					"end":	12.900096,
					"seconds":	0.099961,
					"bytes":	5242880,
					"bits_per_second":	419594864.463515,
					"retransmits":	0,
					"snd_cwnd":	1689728,
					"rtt":	35406,
					"omitted":	false
				}],
			"sum":	{
				"start":	12.800135,
				"end":	12.900096,
				"seconds":	0.099961,
				"bytes":	5242880,
				"bits_per_second":	419594864.463515,
				"retransmits":	0,
				"omitted":	false
			}
		}, {
			"streams":	[{
					"socket":	6,
					"start":	12.900096,
					"end":	13.000146,
					"seconds":	0.100050,
					"bytes":	3932160,
					"bits_per_second":	314414929.268398,
					"retransmits":	0,
					"snd_cwnd":	1702112,
					"rtt":	35768,
					"omitted":	false
				}],
			"sum":	{
				"start":	12.900096,
				"end":	13.000146,
				"seconds":	0.100050,
				"bytes":	3932160,
				"bits_per_second":	314414929.268398,
				"retransmits":	0,
				"omitted":	false
			}
		}, {
			"streams":	[{
					"socket":	6,
					"start":	13.000146,
					"end":	13.100108,
					"seconds":	0.099962,
					"bytes":	5242880,
					"bits_per_second":	419589860.601282,
					"retransmits":	0,
					"snd_cwnd":	1715872,
					"rtt":	36537,
					"omitted":	false
				}],
			"sum":	{
				"start":	13.000146,
				"end":	13.100108,
				"seconds":	0.099962,
				"bytes":	5242880,
				"bits_per_second":	419589860.601282,
				"retransmits":	0,
				"omitted":	false
			}
		}, {
			"streams":	[{
					"socket":	6,
					"start":	13.100108,
					"end":	13.200138,
					"seconds":	0.100030,
					"bytes":	5242880,
					"bits_per_second":	419304837.600130,
					"retransmits":	0,
					"snd_cwnd":	1728256,
					"rtt":	35463,
					"omitted":	false
				}],
			"sum":	{
				"start":	13.100108,
				"end":	13.200138,
				"seconds":	0.100030,
				"bytes":	5242880,
				"bits_per_second":	419304837.600130,
				"retransmits":	0,
				"omitted":	false
			}
		}, {
			"streams":	[{
					"socket":	6,
					"start":	13.200138,
					"end":	13.300155,
					"seconds":	0.100017,
					"bytes":	3932160,
					"bits_per_second":	314519109.165439,
					"retransmits":	0,
					"snd_cwnd":	1740640,
					"rtt":	35179,
					"omitted":	false
				}],
			"sum":	{
				"start":	13.200138,
				"end":	13.300155,
				"seconds":	0.100017,
				"bytes":	3932160,
				"bits_per_second":	314519109.165439,
				"retransmits":	0,
				"omitted":	false
			}
		}, {
			"streams":	[{
					"socket":	6,
					"start":	13.300155,
					"end":	13.400168,
					"seconds":	0.100013,
					"bytes":	5242880,
					"bits_per_second":	419376806.848795,
					"retransmits":	0,
					"snd_cwnd":	1755776,
					"rtt":	36425,
					"omitted":	false
				}],
			"sum":	{
				"start":	13.300155,
				"end":	13.400168,
				"seconds":	0.100013,
				"bytes":	5242880,
				"bits_per_second":	419376806.848795,
				"retransmits":	0,
				"omitted":	false
			}
		}, {
			"streams":	[{
					"socket":	6,
					"start":	13.400168,
					"end":	13.500109,
					"seconds":	0.099941,
					"bytes":	5242880,
					"bits_per_second":	419677946.014414,
					"retransmits":	0,
					"snd_cwnd":	1769536,
					"rtt":	35763,
					"omitted":	false
				}],
			"sum":	{
				"start":	13.400168,
				"end":	13.500109,
				"seconds":	0.099941,
				"bytes":	5242880,
				"bits_per_second":	419677946.014414,
				"retransmits":	0,
				"omitted":	false
			}
		}, {
			"streams":	[{
					"socket":	6,
					"start":	13.500109,
					"end":	13.600094,
					"seconds":	0.099985,
					"bytes":	5242880,
					"bits_per_second":	419492809.284829,
					"retransmits":	0,
					"snd_cwnd":	1786048,
					"rtt":	37036,
					"omitted":	false
				}],
			"sum":	{
				"start":	13.500109,
				"end":	13.600094,
				"seconds":	0.099985,
				"bytes":	5242880,
				"bits_per_second":	419492809.284829,
				"retransmits":	0,
				"omitted":	false
			}
		}, {
			"streams":	[{
					"socket":	6,
					"start":	13.600094,
					"end":	13.700137,
					"seconds":	0.100043,
					"bytes":	3932160,
					"bits_per_second":	314437408.297495,
					"retransmits":	0,
					"snd_cwnd":	1795680,
					"rtt":	35658,
					"omitted":	false
				}],
			"sum":	{
				"start":	13.600094,
				"end":	13.700137,
				"seconds":	0.100043,
				"bytes":	3932160,
				"bits_per_second":	314437408.297495,
				"retransmits":	0,
				"omitted":	false
			}
		}, {
			"streams":	[{
					"socket":	6,
					"start":	13.700137,
					"end":	13.800107,
					"seconds":	0.099970,
					"bytes":	5242880,
					"bits_per_second":	419556838.103524,
					"retransmits":	0,
					"snd_cwnd":	1812192,
					"rtt":	36769,
					"omitted":	false
				}],
			"sum":	{
				"start":	13.700137,
				"end":	13.800107,
				"seconds":	0.099970,
				"bytes":	5242880,
				"bits_per_second":	419556838.103524,
				"retransmits":	0,
				"omitted":	false
			}
		}, {
			"streams":	[{
					"socket":	6,
					"start":	13.800107,
					"end":	13.900102,
					"seconds":	0.099995,
					"bytes":	5242880,
					"bits_per_second":	419450800.992251,
					"retransmits":	0,
					"snd_cwnd":	1828704,
					"rtt":	36876,
					"omitted":	false
				}],
			"sum":	{
				"start":	13.800107,
				"end":	13.900102,
				"seconds":	0.099995,
				"bytes":	5242880,
				"bits_per_second":	419450800.992251,
				"retransmits":	0,
				"omitted":	false
			}
		}, {
			"streams":	[{
					"socket":	6,
					"start":	13.900102,
					"end":	14.000108,
					"seconds":	0.100006,
					"bytes":	5242880,
					"bits_per_second":	419405801.442729,
					"retransmits":	0,
					"snd_cwnd":	1845216,
					"rtt":	35833,
					"omitted":	false
				}],
			"sum":	{
				"start":	13.900102,
				"end":	14.000108,
				"seconds":	0.100006,
				"bytes":	5242880,
				"bits_per_second":	419405801.442729,
				"retransmits":	0,
				"omitted":	false
			}
		}, {
			"streams":	[{
					"socket":	6,
					"start":	14.000108,
					"end":	14.100122,
					"seconds":	0.100014,
					"bytes":	5242880,
					"bits_per_second":	419371808.186055,
					"retransmits":	0,
					"snd_cwnd":	1861728,
					"rtt":	34863,
					"omitted":	false
				}],
			"sum":	{
				"start":	14.000108,
				"end":	14.100122,
				"seconds":	0.100014,
				"bytes":	5242880,
				"bits_per_second":	419371808.186055,
				"retransmits":	0,
				"omitted":	false
			}
		}, {
			"streams":	[{
					"socket":	6,
					"start":	14.100122,
					"end":	14.200114,
					"seconds":	0.099992,
					"bytes":	5242880,
					"bits_per_second":	419463802.659914,
					"retransmits":	0,
					"snd_cwnd":	1878240,
					"rtt":	35430,
					"omitted":	false
				}],
			"sum":	{
				"start":	14.100122,
				"end":	14.200114,
				"seconds":	0.099992,
				"bytes":	5242880,
				"bits_per_second":	419463802.659914,
				"retransmits":	0,
				"omitted":	false
			}
		}, {
			"streams":	[{
					"socket":	6,
					"start":	14.200114,
					"end":	14.300119,
					"seconds":	0.100005,
					"bytes":	5242880,
					"bits_per_second":	419408801.112308,
					"retransmits":	0,
					"snd_cwnd":	1893376,
					"rtt":	36799,
					"omitted":	false
				}],
			"sum":	{
				"start":	14.200114,
				"end":	14.300119,
				"seconds":	0.100005,
				"bytes":	5242880,
				"bits_per_second":	419408801.112308,
				"retransmits":	0,
				"omitted":	false
			}
		}, {
			"streams":	[{
					"socket":	6,
					"start":	14.300119,
					"end":	14.400105,
					"seconds":	0.099986,
					"bytes":	5242880,
					"bits_per_second":	419489808.413457,
					"retransmits":	0,
					"snd_cwnd":	1911264,
					"rtt":	35890,
					"omitted":	false
				}],
			"sum":	{
				"start":	14.300119,
				"end":	14.400105,
				"seconds":	0.099986,
				"bytes":	5242880,
				"bits_per_second":	419489808.413457,
				"retransmits":	0,
				"omitted":	false
			}
		}, {
			"streams":	[{
					"socket":	6,
					"start":	14.400105,
					"end":	14.500134,
					"seconds":	0.100029,
					"bytes":	6553600,
					"bits_per_second":	524136044.054611,
					"retransmits":	0,
					"snd_cwnd":	1929152,
					"rtt":	35552,
					"omitted":	false
				}],
			"sum":	{
				"start":	14.400105,
				"end":	14.500134,
				"seconds":	0.100029,
				"bytes":	6553600,
				"bits_per_second":	524136044.054611,
				"retransmits":	0,
				"omitted":	false
			}
		}, {
			"streams":	[{
					"socket":	6,
					"start":	14.500134,
					"end":	14.600100,
					"seconds":	0.099966,
					"bytes":	5242880,
					"bits_per_second":	419572848.362367,
					"retransmits":	0,
					"snd_cwnd":	1947040,
					"rtt":	36687,
					"omitted":	false
				}],
			"sum":	{
				"start":	14.500134,
				"end":	14.600100,
				"seconds":	0.099966,
				"bytes":	5242880,
				"bits_per_second":	419572848.362367,
				"retransmits":	0,
				"omitted":	false
			}
		}, {
			"streams":	[{
					"socket":	6,
					"start":	14.600100,
					"end":	14.700100,
					"seconds":	0.100000,
					"bytes":	5242880,
					"bits_per_second":	419430800.000381,
					"retransmits":	0,
					"snd_cwnd":	1964928,
					"rtt":	35531,
					"omitted":	false
				}],
			"sum":	{
				"start":	14.600100,
				"end":	14.700100,
				"seconds":	0.100000,
				"bytes":	5242880,
				"bits_per_second":	419430800.000381,
				"retransmits":	0,
				"omitted":	false
			}
		}, {
			"streams":	[{
					"socket":	6,
					"start":	14.700100,
					"end":	14.800102,
					"seconds":	0.100002,
					"bytes":	5242880,
					"bits_per_second":	419421800.176331,
					"retransmits":	0,
					"snd_cwnd":	1982816,
					"rtt":	36242,
					"omitted":	false
				}],
			"sum":	{
				"start":	14.700100,
				"end":	14.800102,
				"seconds":	0.100002,
				"bytes":	5242880,
				"bits_per_second":	419421800.176331,
				"retransmits":	0,
				"omitted":	false
			}
		}, {
			"streams":	[{
					"socket":	6,
					"start":	14.800102,
					"end":	14.900141,
					"seconds":	0.100039,
					"bytes":	5242880,
					"bits_per_second":	419266863.787757,
					"retransmits":	0,
					"snd_cwnd":	1999328,
					"rtt":	35594,
					"omitted":	false
				}],
			"sum":	{
				"start":	14.800102,
				"end":	14.900141,
				"seconds":	0.100039,
				"bytes":	5242880,
				"bits_per_second":	419266863.787757,
				"retransmits":	0,
				"omitted":	false
			}
		}, {
			"streams":	[{
					"socket":	6,
					"start":	14.900141,
					"end":	15.000110,
					"seconds":	0.099969,
					"bytes":	5242880,
					"bits_per_second":	419559839.933985,
					"retransmits":	0,
					"snd_cwnd":	2019968,
					"rtt":	36100,
					"omitted":	false
				}],
			"sum":	{
				"start":	14.900141,
				"end":	15.000110,
				"seconds":	0.099969,
				"bytes":	5242880,
				"bits_per_second":	419559839.933985,
				"retransmits":	0,
				"omitted":	false
			}
		}, {
			"streams":	[{
					"socket":	6,
					"start":	15.000110,
					"end":	15.100144,
					"seconds":	0.100034,
					"bytes":	6553600,
					"bits_per_second":	524109810.581710,
					"retransmits":	0,
					"snd_cwnd":	2039232,
					"rtt":	37128,
					"omitted":	false
				}],
			"sum":	{
				"start":	15.000110,
				"end":	15.100144,
				"seconds":	0.100034,
				"bytes":	6553600,
				"bits_per_second":	524109810.581710,
				"retransmits":	0,
				"omitted":	false
			}
		}, {
			"streams":	[{
					"socket":	6,
					"start":	15.100144,
					"end":	15.200112,
					"seconds":	0.099968,
					"bytes":	5242880,
					"bits_per_second":	419564843.080211,
					"retransmits":	0,
					"snd_cwnd":	2057120,
					"rtt":	36998,
					"omitted":	false
				}],
			"sum":	{
				"start":	15.100144,
				"end":	15.200112,
				"seconds":	0.099968,
				"bytes":	5242880,
				"bits_per_second":	419564843.080211,
				"retransmits":	0,
				"omitted":	false
			}
		}, {
			"streams":	[{
					"socket":	6,
					"start":	15.100144,
					"end":	15.200112,
					"seconds":	0.099968,
					"bytes":	5242880,
					"bits_per_second":	419564843.080211,
					"retransmits":	0,
					"snd_cwnd":	2057120,
					"rtt":	36998,
					"omitted":	false
				}],
			"sum":	{
				"start":	15.100144,
				"end":	15.200112,
				"seconds":	0.099968,
				"bytes":	5242880,
				"bits_per_second":	419564843.080211,
				"retransmits":	0,
				"omitted":	false
			}
		}],
	"end":	{
		"streams":	[{
				"sender":	{
					"socket":	6,
					"start":	0,
					"end":	15.200112,
					"seconds":	15.200112,
					"bytes":	503099616,
					"bits_per_second":	264787318.695546,
					"retransmits":	1,
					"max_snd_cwnd":	2057120,
					"max_rtt":	103290,
					"min_rtt":	32261,
					"mean_rtt":	38804
				},
				"receiver":	{
					"socket":	6,
					"start":	0,
					"end":	15.200112,
					"seconds":	15.200112,
					"bytes":	0,
					"bits_per_second":	0
				}
			}],
		"sum_sent":	{
			"start":	0,
			"end":	15.200112,
			"seconds":	15.200112,
			"bytes":	503099616,
			"bits_per_second":	264787318.695546,
			"retransmits":	1
		},
		"sum_received":	{
			"start":	0,
			"end":	15.200112,
			"seconds":	15.200112,
			"bytes":	0,
			"bits_per_second":	0
		},
		"cpu_utilization_percent":	{
			"host_total":	0.184876,
			"host_user":	0.012129,
			"host_system":	0.172749,
			"remote_total":	0,
			"remote_user":	0,
			"remote_system":	0
		}
	},
	"error":	"the client has terminated"
}
{
	"start":	{
		"connected":	[],
		"version":	"iperf 3.1.3",
		"system_info":	"Linux ubuntu-s-1vcpu-2gb-sfo2-01 4.15.0-202-generic #213-Ubuntu SMP Thu Jan 5 19:19:12 UTC 2023 x86_64"
	},
	"intervals":	[],
	"end":	{
	},
	"error":	"interrupt - the server has terminated"
}
