{
	"start":	{
		"connected":	[{
				"socket":	6,
				"local_host":	"100.68.33.194",
				"local_port":	50834,
				"remote_host":	"138.68.49.206",
				"remote_port":	5257
			}],
		"version":	"iperf 3.9",
		"system_info":	"Linux localhost 5.10.81-android12-9-24854392-abS901U1UEU2AVHF #1 SMP PREEMPT Tue Aug 16 04:54:26 UTC 2022 aarch64",
		"timestamp":	{
			"time":	"Tue, 14 Feb 2023 07:03:45 GMT",
			"timesecs":	1676358225
		},
		"connecting_to":	{
			"host":	"138.68.49.206",
			"port":	5257
		},
		"cookie":	"h7rgmuvh5kld6mfojgvhf6ikmdqcylsw77lp",
		"sock_bufsize":	16777216,
		"sndbuf_actual":	16777216,
		"rcvbuf_actual":	33554432,
		"test_start":	{
			"protocol":	"UDP",
			"num_streams":	1,
			"blksize":	1376,
			"omit":	0,
			"duration":	60,
			"bytes":	0,
			"blocks":	0,
			"reverse":	1,
			"tos":	0
		}
	},
	"intervals":	[{
			"streams":	[{
					"socket":	6,
					"start":	0,
					"end":	1.000142,
					"seconds":	1.000141978263855,
					"bytes":	11182752,
					"bits_per_second":	89449316.141391233,
					"jitter_ms":	0.019731178221357816,
					"lost_packets":	3,
					"packets":	8130,
					"lost_percent":	0.036900369003690037,
					"omitted":	false,
					"sender":	false
				}],
			"sum":	{
				"start":	0,
				"end":	1.000142,
				"seconds":	1.000141978263855,
				"bytes":	11182752,
				"bits_per_second":	89449316.141391233,
				"jitter_ms":	0.019731178221357816,
				"lost_packets":	3,
				"packets":	8130,
				"lost_percent":	0.036900369003690037,
				"omitted":	false,
				"sender":	false
			}
		}, {
			"streams":	[{
					"socket":	6,
					"start":	1.000142,
					"end":	2.000163,
					"seconds":	1.0000209808349609,
					"bytes":	10874528,
					"bits_per_second":	86994398.78487657,
					"jitter_ms":	0.0814843340127634,
					"lost_packets":	36133,
					"packets":	44036,
					"lost_percent":	82.0533200109002,
					"omitted":	false,
					"sender":	false
				}],
			"sum":	{
				"start":	1.000142,
				"end":	2.000163,
				"seconds":	1.0000209808349609,
				"bytes":	10874528,
				"bits_per_second":	86994398.78487657,
				"jitter_ms":	0.0814843340127634,
				"lost_packets":	36133,
				"packets":	44036,
				"lost_percent":	82.0533200109002,
				"omitted":	false,
				"sender":	false
			}
		}, {
			"streams":	[{
					"socket":	6,
					"start":	2.000163,
					"end":	3.000249,
					"seconds":	1.0000859498977661,
					"bytes":	20745952,
					"bits_per_second":	165953352.32633361,
					"jitter_ms":	0.034025891215363348,
					"lost_packets":	235231,
					"packets":	250308,
					"lost_percent":	93.9766208031705,
					"omitted":	false,
					"sender":	false
				}],
			"sum":	{
				"start":	2.000163,
				"end":	3.000249,
				"seconds":	1.0000859498977661,
				"bytes":	20745952,
				"bits_per_second":	165953352.32633361,
				"jitter_ms":	0.034025891215363348,
				"lost_packets":	235231,
				"packets":	250308,
				"lost_percent":	93.9766208031705,
				"omitted":	false,
				"sender":	false
			}
		}, {
			"streams":	[{
					"socket":	6,
					"start":	3.000249,
					"end":	4.000165,
					"seconds":	0.99991601705551147,
					"bytes":	19211712,
					"bits_per_second":	153706604.73325282,
					"jitter_ms":	0.0366832128900854,
					"lost_packets":	122465,
					"packets":	136427,
					"lost_percent":	89.7659554193818,
					"omitted":	false,
					"sender":	false
				}],
			"sum":	{
				"start":	3.000249,
				"end":	4.000165,
				"seconds":	0.99991601705551147,
				"bytes":	19211712,
				"bits_per_second":	153706604.73325282,
				"jitter_ms":	0.0366832128900854,
				"lost_packets":	122465,
				"packets":	136427,
				"lost_percent":	89.7659554193818,
				"omitted":	false,
				"sender":	false
			}
		}, {
			"streams":	[{
					"socket":	6,
					"start":	4.000165,
					"end":	5.000166,
					"seconds":	1.0000009536743164,
					"bytes":	21165632,
					"bits_per_second":	169324894.519197,
					"jitter_ms":	0.211064268044867,
					"lost_packets":	116437,
					"packets":	131819,
					"lost_percent":	88.330968980192537,
					"omitted":	false,
					"sender":	false
				}],
			"sum":	{
				"start":	4.000165,
				"end":	5.000166,
				"seconds":	1.0000009536743164,
				"bytes":	21165632,
				"bits_per_second":	169324894.519197,
				"jitter_ms":	0.211064268044867,
				"lost_packets":	116437,
				"packets":	131819,
				"lost_percent":	88.330968980192537,
				"omitted":	false,
				"sender":	false
			}
		}, {
			"streams":	[{
					"socket":	6,
					"start":	5.000166,
					"end":	6.000035,
					"seconds":	0.99986898899078369,
					"bytes":	17965056,
					"bits_per_second":	143739279.4280619,
					"jitter_ms":	0.71234038195892535,
					"lost_packets":	114456,
					"packets":	127512,
					"lost_percent":	89.760963674007158,
					"omitted":	false,
					"sender":	false
				}],
			"sum":	{
				"start":	5.000166,
				"end":	6.000035,
				"seconds":	0.99986898899078369,
				"bytes":	17965056,
				"bits_per_second":	143739279.4280619,
				"jitter_ms":	0.71234038195892535,
				"lost_packets":	114456,
				"packets":	127512,
				"lost_percent":	89.760963674007158,
				"omitted":	false,
				"sender":	false
			}
		}, {
			"streams":	[{
					"socket":	6,
					"start":	6.000035,
					"end":	7.00004,
					"seconds":	1.0000050067901611,
					"bytes":	23892864,
					"bits_per_second":	191141954.99234036,
					"jitter_ms":	0.0424956075282391,
					"lost_packets":	118433,
					"packets":	135797,
					"lost_percent":	87.21326686156543,
					"omitted":	false,
					"sender":	false
				}],
			"sum":	{
				"start":	6.000035,
				"end":	7.00004,
				"seconds":	1.0000050067901611,
				"bytes":	23892864,
				"bits_per_second":	191141954.99234036,
				"jitter_ms":	0.0424956075282391,
				"lost_packets":	118433,
				"packets":	135797,
				"lost_percent":	87.21326686156543,
				"omitted":	false,
				"sender":	false
			}
		}, {
			"streams":	[{
					"socket":	6,
					"start":	7.00004,
					"end":	8.000132,
					"seconds":	1.0000920295715332,
					"bytes":	24214848,
					"bits_per_second":	193700957.78384957,
					"jitter_ms":	0.07772855263118654,
					"lost_packets":	112036,
					"packets":	129634,
					"lost_percent":	86.4248576762269,
					"omitted":	false,
					"sender":	false
				}],
			"sum":	{
				"start":	7.00004,
				"end":	8.000132,
				"seconds":	1.0000920295715332,
				"bytes":	24214848,
				"bits_per_second":	193700957.78384957,
				"jitter_ms":	0.07772855263118654,
				"lost_packets":	112036,
				"packets":	129634,
				"lost_percent":	86.4248576762269,
				"omitted":	false,
				"sender":	false
			}
		}, {
			"streams":	[{
					"socket":	6,
					"start":	8.000132,
					"end":	9.000182,
					"seconds":	1.0000499486923218,
					"bytes":	25019808,
					"bits_per_second":	200148466.84581083,
					"jitter_ms":	0.0044684611615719355,
					"lost_packets":	108478,
					"packets":	126661,
					"lost_percent":	85.6443577739004,
					"omitted":	false,
					"sender":	false
				}],
			"sum":	{
				"start":	8.000132,
				"end":	9.000182,
				"seconds":	1.0000499486923218,
				"bytes":	25019808,
				"bits_per_second":	200148466.84581083,
				"jitter_ms":	0.0044684611615719355,
				"lost_packets":	108478,
				"packets":	126661,
				"lost_percent":	85.6443577739004,
				"omitted":	false,
				"sender":	false
			}
		}, {
			"streams":	[{
					"socket":	6,
					"start":	9.000182,
					"end":	10.000143,
					"seconds":	0.999961018562317,
					"bytes":	25406464,
					"bits_per_second":	203259635.352809,
					"jitter_ms":	0.0096200985890827258,
					"lost_packets":	115657,
					"packets":	134121,
					"lost_percent":	86.233326622974772,
					"omitted":	false,
					"sender":	false
				}],
			"sum":	{
				"start":	9.000182,
				"end":	10.000143,
				"seconds":	0.999961018562317,
				"bytes":	25406464,
				"bits_per_second":	203259635.352809,
				"jitter_ms":	0.0096200985890827258,
				"lost_packets":	115657,
				"packets":	134121,
				"lost_percent":	86.233326622974772,
				"omitted":	false,
				"sender":	false
			}
		}, {
			"streams":	[{
					"socket":	6,
					"start":	10.000143,
					"end":	11.000319,
					"seconds":	1.000175952911377,
					"bytes":	21918304,
					"bits_per_second":	175315584.7124601,
					"jitter_ms":	0.16984896008622546,
					"lost_packets":	119360,
					"packets":	135289,
					"lost_percent":	88.225945937955046,
					"omitted":	false,
					"sender":	false
				}],
			"sum":	{
				"start":	10.000143,
				"end":	11.000319,
				"seconds":	1.000175952911377,
				"bytes":	21918304,
				"bits_per_second":	175315584.7124601,
				"jitter_ms":	0.16984896008622546,
				"lost_packets":	119360,
				"packets":	135289,
				"lost_percent":	88.225945937955046,
				"omitted":	false,
				"sender":	false
			}
		}, {
			"streams":	[{
					"socket":	6,
					"start":	11.000319,
					"end":	12.000158,
					"seconds":	0.99983900785446167,
					"bytes":	27471840,
					"bits_per_second":	219810107.70084977,
					"jitter_ms":	0.029592914780908558,
					"lost_packets":	118551,
					"packets":	138516,
					"lost_percent":	85.586502642294036,
					"omitted":	false,
					"sender":	false
				}],
			"sum":	{
				"start":	11.000319,
				"end":	12.000158,
				"seconds":	0.99983900785446167,
				"bytes":	27471840,
				"bits_per_second":	219810107.70084977,
				"jitter_ms":	0.029592914780908558,
				"lost_packets":	118551,
				"packets":	138516,
				"lost_percent":	85.586502642294036,
				"omitted":	false,
				"sender":	false
			}
		}, {
			"streams":	[{
					"socket":	6,
					"start":	12.000158,
					"end":	13.000034,
					"seconds":	0.99987602233886719,
					"bytes":	31747072,
					"bits_per_second":	254008067.326096,
					"jitter_ms":	0.010700529467316729,
					"lost_packets":	103087,
					"packets":	126159,
					"lost_percent":	81.7119666452651,
					"omitted":	false,
					"sender":	false
				}],
			"sum":	{
				"start":	12.000158,
				"end":	13.000034,
				"seconds":	0.99987602233886719,
				"bytes":	31747072,
				"bits_per_second":	254008067.326096,
				"jitter_ms":	0.010700529467316729,
				"lost_packets":	103087,
				"packets":	126159,
				"lost_percent":	81.7119666452651,
				"omitted":	false,
				"sender":	false
			}
		}, {
			"streams":	[{
					"socket":	6,
					"start":	13.000034,
					"end":	14.000379,
					"seconds":	1.00034499168396,
					"bytes":	26851264,
					"bits_per_second":	214736029.85545328,
					"jitter_ms":	0.14750204726093677,
					"lost_packets":	74580,
					"packets":	94094,
					"lost_percent":	79.261164367547352,
					"omitted":	false,
					"sender":	false
				}],
			"sum":	{
				"start":	13.000034,
				"end":	14.000379,
				"seconds":	1.00034499168396,
				"bytes":	26851264,
				"bits_per_second":	214736029.85545328,
				"jitter_ms":	0.14750204726093677,
				"lost_packets":	74580,
				"packets":	94094,
				"lost_percent":	79.261164367547352,
				"omitted":	false,
				"sender":	false
			}
		}, {
			"streams":	[{
					"socket":	6,
					"start":	14.000379,
					"end":	15.000178,
					"seconds":	0.99979901313781738,
					"bytes":	28849216,
					"bits_per_second":	230840123.83215487,
					"jitter_ms":	0.134799713105044,
					"lost_packets":	110197,
					"packets":	131163,
					"lost_percent":	84.0153091954286,
					"omitted":	false,
					"sender":	false
				}],
			"sum":	{
				"start":	14.000379,
				"end":	15.000178,
				"seconds":	0.99979901313781738,
				"bytes":	28849216,
				"bits_per_second":	230840123.83215487,
				"jitter_ms":	0.134799713105044,
				"lost_packets":	110197,
				"packets":	131163,
				"lost_percent":	84.0153091954286,
				"omitted":	false,
				"sender":	false
			}
		}, {
			"streams":	[{
					"socket":	6,
					"start":	15.000178,
					"end":	16.000038,
					"seconds":	0.99985998868942261,
					"bytes":	31598464,
					"bits_per_second":	252823110.09498864,
					"jitter_ms":	0.240166482307721,
					"lost_packets":	92024,
					"packets":	114988,
					"lost_percent":	80.0292204403938,
					"omitted":	false,
					"sender":	false
				}],
			"sum":	{
				"start":	15.000178,
				"end":	16.000038,
				"seconds":	0.99985998868942261,
				"bytes":	31598464,
				"bits_per_second":	252823110.09498864,
				"jitter_ms":	0.240166482307721,
				"lost_packets":	92024,
				"packets":	114988,
				"lost_percent":	80.0292204403938,
				"omitted":	false,
				"sender":	false
			}
		}, {
			"streams":	[{
					"socket":	6,
					"start":	16.000038,
					"end":	17.000037,
					"seconds":	0.99999898672103882,
					"bytes":	30968256,
					"bits_per_second":	247746299.03611252,
					"jitter_ms":	0.041582826893813388,
					"lost_packets":	79627,
					"packets":	102133,
					"lost_percent":	77.964027297739221,
					"omitted":	false,
					"sender":	false
				}],
			"sum":	{
				"start":	16.000038,
				"end":	17.000037,
				"seconds":	0.99999898672103882,
				"bytes":	30968256,
				"bits_per_second":	247746299.03611252,
				"jitter_ms":	0.041582826893813388,
				"lost_packets":	79627,
				"packets":	102133,
				"lost_percent":	77.964027297739221,
				"omitted":	false,
				"sender":	false
			}
		}, {
			"streams":	[{
					"socket":	6,
					"start":	17.000037,
					"end":	18.000168,
					"seconds":	1.0001310110092163,
					"bytes":	21545408,
					"bits_per_second":	172340685.47286716,
					"jitter_ms":	0.32948887445190983,
					"lost_packets":	95174,
					"packets":	110832,
					"lost_percent":	85.872311245849573,
					"omitted":	false,
					"sender":	false
				}],
			"sum":	{
				"start":	17.000037,
				"end":	18.000168,
				"seconds":	1.0001310110092163,
				"bytes":	21545408,
				"bits_per_second":	172340685.47286716,
				"jitter_ms":	0.32948887445190983,
				"lost_packets":	95174,
				"packets":	110832,
				"lost_percent":	85.872311245849573,
				"omitted":	false,
				"sender":	false
			}
		}, {
			"streams":	[{
					"socket":	6,
					"start":	18.000168,
					"end":	19.000037,
					"seconds":	0.99986898899078369,
					"bytes":	22979200,
					"bits_per_second":	183857687.381176,
					"jitter_ms":	0.0479909215763706,
					"lost_packets":	101535,
					"packets":	118235,
					"lost_percent":	85.875586755190938,
					"omitted":	false,
					"sender":	false
				}],
			"sum":	{
				"start":	18.000168,
				"end":	19.000037,
				"seconds":	0.99986898899078369,
				"bytes":	22979200,
				"bits_per_second":	183857687.381176,
				"jitter_ms":	0.0479909215763706,
				"lost_packets":	101535,
				"packets":	118235,
				"lost_percent":	85.875586755190938,
				"omitted":	false,
				"sender":	false
			}
		}, {
			"streams":	[{
					"socket":	6,
					"start":	19.000037,
					"end":	20.000186,
					"seconds":	1.0001490116119385,
					"bytes":	22882880,
					"bits_per_second":	183035765.54553366,
					"jitter_ms":	0.086352956367516859,
					"lost_packets":	105345,
					"packets":	121975,
					"lost_percent":	86.3660586185694,
					"omitted":	false,
					"sender":	false
				}],
			"sum":	{
				"start":	19.000037,
				"end":	20.000186,
				"seconds":	1.0001490116119385,
				"bytes":	22882880,
				"bits_per_second":	183035765.54553366,
				"jitter_ms":	0.086352956367516859,
				"lost_packets":	105345,
				"packets":	121975,
				"lost_percent":	86.3660586185694,
				"omitted":	false,
				"sender":	false
			}
		}, {
			"streams":	[{
					"socket":	6,
					"start":	20.000186,
					"end":	21.000063,
					"seconds":	0.99987697601318359,
					"bytes":	20516160,
					"bits_per_second":	164149474.322765,
					"jitter_ms":	0.053196950885923043,
					"lost_packets":	125224,
					"packets":	140134,
					"lost_percent":	89.3601838240541,
					"omitted":	false,
					"sender":	false
				}],
			"sum":	{
				"start":	20.000186,
				"end":	21.000063,
				"seconds":	0.99987697601318359,
				"bytes":	20516160,
				"bits_per_second":	164149474.322765,
				"jitter_ms":	0.053196950885923043,
				"lost_packets":	125224,
				"packets":	140134,
				"lost_percent":	89.3601838240541,
				"omitted":	false,
				"sender":	false
			}
		}, {
			"streams":	[{
					"socket":	6,
					"start":	21.000063,
					"end":	22.00013,
					"seconds":	1.0000669956207275,
					"bytes":	28075904,
					"bits_per_second":	224592185.30713481,
					"jitter_ms":	1.1485707960750495,
					"lost_packets":	107196,
					"packets":	127600,
					"lost_percent":	84.009404388714728,
					"omitted":	false,
					"sender":	false
				}],
			"sum":	{
				"start":	21.000063,
				"end":	22.00013,
				"seconds":	1.0000669956207275,
				"bytes":	28075904,
				"bits_per_second":	224592185.30713481,
				"jitter_ms":	1.1485707960750495,
				"lost_packets":	107196,
				"packets":	127600,
				"lost_percent":	84.009404388714728,
				"omitted":	false,
				"sender":	false
			}
		}, {
			"streams":	[{
					"socket":	6,
					"start":	22.00013,
					"end":	23.000151,
					"seconds":	1.0000209808349609,
					"bytes":	26511392,
					"bits_per_second":	212086686.2442385,
					"jitter_ms":	0.481741731087463,
					"lost_packets":	122231,
					"packets":	141498,
					"lost_percent":	86.3835531244258,
					"omitted":	false,
					"sender":	false
				}],
			"sum":	{
				"start":	22.00013,
				"end":	23.000151,
				"seconds":	1.0000209808349609,
				"bytes":	26511392,
				"bits_per_second":	212086686.2442385,
				"jitter_ms":	0.481741731087463,
				"lost_packets":	122231,
				"packets":	141498,
				"lost_percent":	86.3835531244258,
				"omitted":	false,
				"sender":	false
			}
		}, {
			"streams":	[{
					"socket":	6,
					"start":	23.000151,
					"end":	24.000172,
					"seconds":	1.0000209808349609,
					"bytes":	13199968,
					"bits_per_second":	105597528.47568277,
					"jitter_ms":	0.283712747393221,
					"lost_packets":	106094,
					"packets":	115687,
					"lost_percent":	91.7077977646581,
					"omitted":	false,
					"sender":	false
				}],
			"sum":	{
				"start":	23.000151,
				"end":	24.000172,
				"seconds":	1.0000209808349609,
				"bytes":	13199968,
				"bits_per_second":	105597528.47568277,
				"jitter_ms":	0.283712747393221,
				"lost_packets":	106094,
				"packets":	115687,
				"lost_percent":	91.7077977646581,
				"omitted":	false,
				"sender":	false
			}
		}, {
			"streams":	[{
					"socket":	6,
					"start":	24.000172,
					"end":	25.000226,
					"seconds":	1.0000540018081665,
					"bytes":	23738752,
					"bits_per_second":	189899761.06953186,
					"jitter_ms":	1.6539405281857484,
					"lost_packets":	105074,
					"packets":	122326,
					"lost_percent":	85.896702254631066,
					"omitted":	false,
					"sender":	false
				}],
			"sum":	{
				"start":	24.000172,
				"end":	25.000226,
				"seconds":	1.0000540018081665,
				"bytes":	23738752,
				"bits_per_second":	189899761.06953186,
				"jitter_ms":	1.6539405281857484,
				"lost_packets":	105074,
				"packets":	122326,
				"lost_percent":	85.896702254631066,
				"omitted":	false,
				"sender":	false
			}
		}, {
			"streams":	[{
					"socket":	6,
					"start":	25.000226,
					"end":	26.000195,
					"seconds":	0.9999690055847168,
					"bytes":	8794016,
					"bits_per_second":	70354308.590657428,
					"jitter_ms":	0.587130846267596,
					"lost_packets":	131463,
					"packets":	137854,
					"lost_percent":	95.3639357581209,
					"omitted":	false,
					"sender":	false
				}],
			"sum":	{
				"start":	25.000226,
				"end":	26.000195,
				"seconds":	0.9999690055847168,
				"bytes":	8794016,
				"bits_per_second":	70354308.590657428,
				"jitter_ms":	0.587130846267596,
				"lost_packets":	131463,
				"packets":	137854,
				"lost_percent":	95.3639357581209,
				"omitted":	false,
				"sender":	false
			}
		}, {
			"streams":	[{
					"socket":	6,
					"start":	26.000195,
					"end":	27.000173,
					"seconds":	0.999978005886078,
					"bytes":	18712224,
					"bits_per_second":	149701084.54270771,
					"jitter_ms":	0.042542968815700577,
					"lost_packets":	100591,
					"packets":	114190,
					"lost_percent":	88.0909011296961,
					"omitted":	false,
					"sender":	false
				}],
			"sum":	{
				"start":	26.000195,
				"end":	27.000173,
				"seconds":	0.999978005886078,
				"bytes":	18712224,
				"bits_per_second":	149701084.54270771,
				"jitter_ms":	0.042542968815700577,
				"lost_packets":	100591,
				"packets":	114190,
				"lost_percent":	88.0909011296961,
				"omitted":	false,
				"sender":	false
			}
		}, {
			"streams":	[{
					"socket":	6,
					"start":	27.000173,
					"end":	28.000161,
					"seconds":	0.9999880194664,
					"bytes":	29819296,
					"bits_per_second":	238557226.04286209,
					"jitter_ms":	0.1983190346735515,
					"lost_packets":	115464,
					"packets":	137135,
					"lost_percent":	84.19732380500966,
					"omitted":	false,
					"sender":	false
				}],
			"sum":	{
				"start":	27.000173,
				"end":	28.000161,
				"seconds":	0.9999880194664,
				"bytes":	29819296,
				"bits_per_second":	238557226.04286209,
				"jitter_ms":	0.1983190346735515,
				"lost_packets":	115464,
				"packets":	137135,
				"lost_percent":	84.19732380500966,
				"omitted":	false,
				"sender":	false
			}
		}, {
			"streams":	[{
					"socket":	6,
					"start":	28.000161,
					"end":	29.000125,
					"seconds":	0.99996399879455566,
					"bytes":	27546144,
					"bits_per_second":	220377085.84074259,
					"jitter_ms":	0.0896843537667388,
					"lost_packets":	113687,
					"packets":	133706,
					"lost_percent":	85.0275978639702,
					"omitted":	false,
					"sender":	false
				}],
			"sum":	{
				"start":	28.000161,
				"end":	29.000125,
				"seconds":	0.99996399879455566,
				"bytes":	27546144,
				"bits_per_second":	220377085.84074259,
				"jitter_ms":	0.0896843537667388,
				"lost_packets":	113687,
				"packets":	133706,
				"lost_percent":	85.0275978639702,
				"omitted":	false,
				"sender":	false
			}
		}, {
			"streams":	[{
					"socket":	6,
					"start":	29.000125,
					"end":	30.00016,
					"seconds":	1.0000350475311279,
					"bytes":	35707200,
					"bits_per_second":	285647588.75724143,
					"jitter_ms":	0.013238401250194824,
					"lost_packets":	110587,
					"packets":	136537,
					"lost_percent":	80.9941627544182,
					"omitted":	false,
					"sender":	false
				}],
			"sum":	{
				"start":	29.000125,
				"end":	30.00016,
				"seconds":	1.0000350475311279,
				"bytes":	35707200,
				"bits_per_second":	285647588.75724143,
				"jitter_ms":	0.013238401250194824,
				"lost_packets":	110587,
				"packets":	136537,
				"lost_percent":	80.9941627544182,
				"omitted":	false,
				"sender":	false
			}
		}, {
			"streams":	[{
					"socket":	6,
					"start":	30.00016,
					"end":	31.000031,
					"seconds":	0.999871015548706,
					"bytes":	29820672,
					"bits_per_second":	238596151.19364256,
					"jitter_ms":	0.13762260619064778,
					"lost_packets":	104813,
					"packets":	126485,
					"lost_percent":	82.865952484484325,
					"omitted":	false,
					"sender":	false
				}],
			"sum":	{
				"start":	30.00016,
				"end":	31.000031,
				"seconds":	0.999871015548706,
				"bytes":	29820672,
				"bits_per_second":	238596151.19364256,
				"jitter_ms":	0.13762260619064778,
				"lost_packets":	104813,
				"packets":	126485,
				"lost_percent":	82.865952484484325,
				"omitted":	false,
				"sender":	false
			}
		}, {
			"streams":	[{
					"socket":	6,
					"start":	31.000031,
					"end":	32.000586,
					"seconds":	1.0005550384521484,
					"bytes":	32433696,
					"bits_per_second":	259325632.30244443,
					"jitter_ms":	0.18518779869263949,
					"lost_packets":	100339,
					"packets":	123910,
					"lost_percent":	80.9773222500202,
					"omitted":	false,
					"sender":	false
				}],
			"sum":	{
				"start":	31.000031,
				"end":	32.000586,
				"seconds":	1.0005550384521484,
				"bytes":	32433696,
				"bits_per_second":	259325632.30244443,
				"jitter_ms":	0.18518779869263949,
				"lost_packets":	100339,
				"packets":	123910,
				"lost_percent":	80.9773222500202,
				"omitted":	false,
				"sender":	false
			}
		}, {
			"streams":	[{
					"socket":	6,
					"start":	32.000586,
					"end":	33.000316,
					"seconds":	0.99972999095916748,
					"bytes":	28199744,
					"bits_per_second":	225658881.9382675,
					"jitter_ms":	0.030733484678206354,
					"lost_packets":	78757,
					"packets":	99251,
					"lost_percent":	79.351341548196,
					"omitted":	false,
					"sender":	false
				}],
			"sum":	{
				"start":	32.000586,
				"end":	33.000316,
				"seconds":	0.99972999095916748,
				"bytes":	28199744,
				"bits_per_second":	225658881.9382675,
				"jitter_ms":	0.030733484678206354,
				"lost_packets":	78757,
				"packets":	99251,
				"lost_percent":	79.351341548196,
				"omitted":	false,
				"sender":	false
			}
		}, {
			"streams":	[{
					"socket":	6,
					"start":	33.000316,
					"end":	34.000033,
					"seconds":	0.99971699714660645,
					"bytes":	73208704,
					"bits_per_second":	585835425.09692144,
					"jitter_ms":	0.036393940469457181,
					"lost_packets":	94448,
					"packets":	147652,
					"lost_percent":	63.966624224527941,
					"omitted":	false,
					"sender":	false
				}],
			"sum":	{
				"start":	33.000316,
				"end":	34.000033,
				"seconds":	0.99971699714660645,
				"bytes":	73208704,
				"bits_per_second":	585835425.09692144,
				"jitter_ms":	0.036393940469457181,
				"lost_packets":	94448,
				"packets":	147652,
				"lost_percent":	63.966624224527941,
				"omitted":	false,
				"sender":	false
			}
		}, {
			"streams":	[{
					"socket":	6,
					"start":	34.000033,
					"end":	35.000032,
					"seconds":	0.99999898672103882,
					"bytes":	141051008,
					"bits_per_second":	1128409207.3933094,
					"jitter_ms":	0.0537619335860669,
					"lost_packets":	62800,
					"packets":	165308,
					"lost_percent":	37.989691968930721,
					"omitted":	false,
					"sender":	false
				}],
			"sum":	{
				"start":	34.000033,
				"end":	35.000032,
				"seconds":	0.99999898672103882,
				"bytes":	141051008,
				"bits_per_second":	1128409207.3933094,
				"jitter_ms":	0.0537619335860669,
				"lost_packets":	62800,
				"packets":	165308,
				"lost_percent":	37.989691968930721,
				"omitted":	false,
				"sender":	false
			}
		}, {
			"streams":	[{
					"socket":	6,
					"start":	35.000032,
					"end":	36.000097,
					"seconds":	1.0000649690628052,
					"bytes":	212320928,
					"bits_per_second":	1698457076.8355031,
					"jitter_ms":	0.0045463413474376279,
					"lost_packets":	10766,
					"packets":	165069,
					"lost_percent":	6.5221210524083864,
					"omitted":	false,
					"sender":	false
				}],
			"sum":	{
				"start":	35.000032,
				"end":	36.000097,
				"seconds":	1.0000649690628052,
				"bytes":	212320928,
				"bits_per_second":	1698457076.8355031,
				"jitter_ms":	0.0045463413474376279,
				"lost_packets":	10766,
				"packets":	165069,
				"lost_percent":	6.5221210524083864,
				"omitted":	false,
				"sender":	false
			}
		}, {
			"streams":	[{
					"socket":	6,
					"start":	36.000097,
					"end":	37.000031,
					"seconds":	0.99993401765823364,
					"bytes":	174922624,
					"bits_per_second":	1399473332.52772,
					"jitter_ms":	0.00694253830580394,
					"lost_packets":	0,
					"packets":	127124,
					"lost_percent":	0,
					"omitted":	false,
					"sender":	false
				}],
			"sum":	{
				"start":	36.000097,
				"end":	37.000031,
				"seconds":	0.99993401765823364,
				"bytes":	174922624,
				"bits_per_second":	1399473332.52772,
				"jitter_ms":	0.00694253830580394,
				"lost_packets":	0,
				"packets":	127124,
				"lost_percent":	0,
				"omitted":	false,
				"sender":	false
			}
		}, {
			"streams":	[{
					"socket":	6,
					"start":	37.000031,
					"end":	38.000175,
					"seconds":	1.0001440048217773,
					"bytes":	160367296,
					"bits_per_second":	1282753645.2899258,
					"jitter_ms":	0.005718657435827397,
					"lost_packets":	0,
					"packets":	116546,
					"lost_percent":	0,
					"omitted":	false,
					"sender":	false
				}],
			"sum":	{
				"start":	37.000031,
				"end":	38.000175,
				"seconds":	1.0001440048217773,
				"bytes":	160367296,
				"bits_per_second":	1282753645.2899258,
				"jitter_ms":	0.005718657435827397,
				"lost_packets":	0,
				"packets":	116546,
				"lost_percent":	0,
				"omitted":	false,
				"sender":	false
			}
		}, {
			"streams":	[{
					"socket":	6,
					"start":	38.000175,
					"end":	39.000106,
					"seconds":	0.99993097782135,
					"bytes":	183277696,
					"bits_per_second":	1466322776.7926581,
					"jitter_ms":	0.0025627550757961327,
					"lost_packets":	0,
					"packets":	133196,
					"lost_percent":	0,
					"omitted":	false,
					"sender":	false
				}],
			"sum":	{
				"start":	38.000175,
				"end":	39.000106,
				"seconds":	0.99993097782135,
				"bytes":	183277696,
				"bits_per_second":	1466322776.7926581,
				"jitter_ms":	0.0025627550757961327,
				"lost_packets":	0,
				"packets":	133196,
				"lost_percent":	0,
				"omitted":	false,
				"sender":	false
			}
		}, {
			"streams":	[{
					"socket":	6,
					"start":	39.000106,
					"end":	40.000096,
					"seconds":	0.99998998641967773,
					"bytes":	188257440,
					"bits_per_second":	1506074601.19899,
					"jitter_ms":	0.0086818726062998942,
					"lost_packets":	2,
					"packets":	136817,
					"lost_percent":	0.0014618066468348231,
					"omitted":	false,
					"sender":	false
				}],
			"sum":	{
				"start":	39.000106,
				"end":	40.000096,
				"seconds":	0.99998998641967773,
				"bytes":	188257440,
				"bits_per_second":	1506074601.19899,
				"jitter_ms":	0.0086818726062998942,
				"lost_packets":	2,
				"packets":	136817,
				"lost_percent":	0.0014618066468348231,
				"omitted":	false,
				"sender":	false
			}
		}, {
			"streams":	[{
					"socket":	6,
					"start":	40.000096,
					"end":	41.000119,
					"seconds":	1.0000230073928833,
					"bytes":	125701728,
					"bits_per_second":	1005590687.9799619,
					"jitter_ms":	0.0031471343282714276,
					"lost_packets":	3,
					"packets":	91356,
					"lost_percent":	0.0032838565611454091,
					"omitted":	false,
					"sender":	false
				}],
			"sum":	{
				"start":	40.000096,
				"end":	41.000119,
				"seconds":	1.0000230073928833,
				"bytes":	125701728,
				"bits_per_second":	1005590687.9799619,
				"jitter_ms":	0.0031471343282714276,
				"lost_packets":	3,
				"packets":	91356,
				"lost_percent":	0.0032838565611454091,
				"omitted":	false,
				"sender":	false
			}
		}, {
			"streams":	[{
					"socket":	6,
					"start":	41.000119,
					"end":	42.000359,
					"seconds":	1.0002399682998657,
					"bytes":	94485792,
					"bits_per_second":	755704990.75816774,
					"jitter_ms":	0.060429719438174087,
					"lost_packets":	28165,
					"packets":	96832,
					"lost_percent":	29.08645902181097,
					"omitted":	false,
					"sender":	false
				}],
			"sum":	{
				"start":	41.000119,
				"end":	42.000359,
				"seconds":	1.0002399682998657,
				"bytes":	94485792,
				"bits_per_second":	755704990.75816774,
				"jitter_ms":	0.060429719438174087,
				"lost_packets":	28165,
				"packets":	96832,
				"lost_percent":	29.08645902181097,
				"omitted":	false,
				"sender":	false
			}
		}, {
			"streams":	[{
					"socket":	6,
					"start":	42.000359,
					"end":	43.000126,
					"seconds":	0.999767005443573,
					"bytes":	30164672,
					"bits_per_second":	241373614.73829913,
					"jitter_ms":	0.295981141499446,
					"lost_packets":	104811,
					"packets":	126733,
					"lost_percent":	82.702216470848157,
					"omitted":	false,
					"sender":	false
				}],
			"sum":	{
				"start":	42.000359,
				"end":	43.000126,
				"seconds":	0.999767005443573,
				"bytes":	30164672,
				"bits_per_second":	241373614.73829913,
				"jitter_ms":	0.295981141499446,
				"lost_packets":	104811,
				"packets":	126733,
				"lost_percent":	82.702216470848157,
				"omitted":	false,
				"sender":	false
			}
		}, {
			"streams":	[{
					"socket":	6,
					"start":	43.000126,
					"end":	44.000549,
					"seconds":	1.0004229545593262,
					"bytes":	13431136,
					"bits_per_second":	107403661.13183597,
					"jitter_ms":	0.12151012782298612,
					"lost_packets":	102176,
					"packets":	111937,
					"lost_percent":	91.27991638153604,
					"omitted":	false,
					"sender":	false
				}],
			"sum":	{
				"start":	43.000126,
				"end":	44.000549,
				"seconds":	1.0004229545593262,
				"bytes":	13431136,
				"bits_per_second":	107403661.13183597,
				"jitter_ms":	0.12151012782298612,
				"lost_packets":	102176,
				"packets":	111937,
				"lost_percent":	91.27991638153604,
				"omitted":	false,
				"sender":	false
			}
		}, {
			"streams":	[{
					"socket":	6,
					"start":	44.000549,
					"end":	45.000029,
					"seconds":	0.99948000907897949,
					"bytes":	16587680,
					"bits_per_second":	132770479.44389036,
					"jitter_ms":	0.082718783302351162,
					"lost_packets":	41680,
					"packets":	53735,
					"lost_percent":	77.5658323253001,
					"omitted":	false,
					"sender":	false
				}],
			"sum":	{
				"start":	44.000549,
				"end":	45.000029,
				"seconds":	0.99948000907897949,
				"bytes":	16587680,
				"bits_per_second":	132770479.44389036,
				"jitter_ms":	0.082718783302351162,
				"lost_packets":	41680,
				"packets":	53735,
				"lost_percent":	77.5658323253001,
				"omitted":	false,
				"sender":	false
			}
		}, {
			"streams":	[{
					"socket":	6,
					"start":	45.000029,
					"end":	46.000218,
					"seconds":	1.000188946723938,
					"bytes":	38574784,
					"bits_per_second":	308539974.38263649,
					"jitter_ms":	0.045427759059078761,
					"lost_packets":	195227,
					"packets":	223261,
					"lost_percent":	87.443395846117326,
					"omitted":	false,
					"sender":	false
				}],
			"sum":	{
				"start":	45.000029,
				"end":	46.000218,
				"seconds":	1.000188946723938,
				"bytes":	38574784,
				"bits_per_second":	308539974.38263649,
				"jitter_ms":	0.045427759059078761,
				"lost_packets":	195227,
				"packets":	223261,
				"lost_percent":	87.443395846117326,
				"omitted":	false,
				"sender":	false
			}
		}, {
			"streams":	[{
					"socket":	6,
					"start":	46.000218,
					"end":	47.000044,
					"seconds":	0.99982601404190063,
					"bytes":	32685504,
					"bits_per_second":	261529534.46662545,
					"jitter_ms":	0.128649361764652,
					"lost_packets":	108200,
					"packets":	131954,
					"lost_percent":	81.9982721251345,
					"omitted":	false,
					"sender":	false
				}],
			"sum":	{
				"start":	46.000218,
				"end":	47.000044,
				"seconds":	0.99982601404190063,
				"bytes":	32685504,
				"bits_per_second":	261529534.46662545,
				"jitter_ms":	0.128649361764652,
				"lost_packets":	108200,
				"packets":	131954,
				"lost_percent":	81.9982721251345,
				"omitted":	false,
				"sender":	false
			}
		}, {
			"streams":	[{
					"socket":	6,
					"start":	47.000044,
					"end":	48.000169,
					"seconds":	1.0001250505447388,
					"bytes":	32258944,
					"bits_per_second":	258039284.04696593,
					"jitter_ms":	0.0182571915142362,
					"lost_packets":	119670,
					"packets":	143114,
					"lost_percent":	83.618653660718024,
					"omitted":	false,
					"sender":	false
				}],
			"sum":	{
				"start":	47.000044,
				"end":	48.000169,
				"seconds":	1.0001250505447388,
				"bytes":	32258944,
				"bits_per_second":	258039284.04696593,
				"jitter_ms":	0.0182571915142362,
				"lost_packets":	119670,
				"packets":	143114,
				"lost_percent":	83.618653660718024,
				"omitted":	false,
				"sender":	false
			}
		}, {
			"streams":	[{
					"socket":	6,
					"start":	48.000169,
					"end":	49.000036,
					"seconds":	0.999867022037506,
					"bytes":	22569152,
					"bits_per_second":	180577228.79195756,
					"jitter_ms":	0.14054025244676821,
					"lost_packets":	113473,
					"packets":	129875,
					"lost_percent":	87.370933589990372,
					"omitted":	false,
					"sender":	false
				}],
			"sum":	{
				"start":	48.000169,
				"end":	49.000036,
				"seconds":	0.999867022037506,
				"bytes":	22569152,
				"bits_per_second":	180577228.79195756,
				"jitter_ms":	0.14054025244676821,
				"lost_packets":	113473,
				"packets":	129875,
				"lost_percent":	87.370933589990372,
				"omitted":	false,
				"sender":	false
			}
		}, {
			"streams":	[{
					"socket":	6,
					"start":	49.000036,
					"end":	50.000215,
					"seconds":	1.0001790523529053,
					"bytes":	24440512,
					"bits_per_second":	195489093.217892,
					"jitter_ms":	0.014971327331425225,
					"lost_packets":	114266,
					"packets":	132028,
					"lost_percent":	86.546793104493,
					"omitted":	false,
					"sender":	false
				}],
			"sum":	{
				"start":	49.000036,
				"end":	50.000215,
				"seconds":	1.0001790523529053,
				"bytes":	24440512,
				"bits_per_second":	195489093.217892,
				"jitter_ms":	0.014971327331425225,
				"lost_packets":	114266,
				"packets":	132028,
				"lost_percent":	86.546793104493,
				"omitted":	false,
				"sender":	false
			}
		}, {
			"streams":	[{
					"socket":	6,
					"start":	50.000215,
					"end":	51.000143,
					"seconds":	0.99992799758911133,
					"bytes":	23186976,
					"bits_per_second":	185509165.10712966,
					"jitter_ms":	0.039432941320873383,
					"lost_packets":	122262,
					"packets":	139113,
					"lost_percent":	87.8868258178603,
					"omitted":	false,
					"sender":	false
				}],
			"sum":	{
				"start":	50.000215,
				"end":	51.000143,
				"seconds":	0.99992799758911133,
				"bytes":	23186976,
				"bits_per_second":	185509165.10712966,
				"jitter_ms":	0.039432941320873383,
				"lost_packets":	122262,
				"packets":	139113,
				"lost_percent":	87.8868258178603,
				"omitted":	false,
				"sender":	false
			}
		}, {
			"streams":	[{
					"socket":	6,
					"start":	51.000143,
					"end":	52.00353,
					"seconds":	1.0033869743347168,
					"bytes":	23676832,
					"bits_per_second":	188775278.9750824,
					"jitter_ms":	2.9458809882058112,
					"lost_packets":	107436,
					"packets":	124643,
					"lost_percent":	86.194972842438,
					"omitted":	false,
					"sender":	false
				}],
			"sum":	{
				"start":	51.000143,
				"end":	52.00353,
				"seconds":	1.0033869743347168,
				"bytes":	23676832,
				"bits_per_second":	188775278.9750824,
				"jitter_ms":	2.9458809882058112,
				"lost_packets":	107436,
				"packets":	124643,
				"lost_percent":	86.194972842438,
				"omitted":	false,
				"sender":	false
			}
		}, {
			"streams":	[{
					"socket":	6,
					"start":	52.00353,
					"end":	53.000182,
					"seconds":	0.99665200710296631,
					"bytes":	23675456,
					"bits_per_second":	190039900.23614359,
					"jitter_ms":	0.012061971717237836,
					"lost_packets":	121173,
					"packets":	138379,
					"lost_percent":	87.566032418213751,
					"omitted":	false,
					"sender":	false
				}],
			"sum":	{
				"start":	52.00353,
				"end":	53.000182,
				"seconds":	0.99665200710296631,
				"bytes":	23675456,
				"bits_per_second":	190039900.23614359,
				"jitter_ms":	0.012061971717237836,
				"lost_packets":	121173,
				"packets":	138379,
				"lost_percent":	87.566032418213751,
				"omitted":	false,
				"sender":	false
			}
		}, {
			"streams":	[{
					"socket":	6,
					"start":	53.000182,
					"end":	54.000151,
					"seconds":	0.9999690055847168,
					"bytes":	30402720,
					"bits_per_second":	243229298.7498945,
					"jitter_ms":	0.025748904085994267,
					"lost_packets":	116448,
					"packets":	138543,
					"lost_percent":	84.0518828089474,
					"omitted":	false,
					"sender":	false
				}],
			"sum":	{
				"start":	53.000182,
				"end":	54.000151,
				"seconds":	0.9999690055847168,
				"bytes":	30402720,
				"bits_per_second":	243229298.7498945,
				"jitter_ms":	0.025748904085994267,
				"lost_packets":	116448,
				"packets":	138543,
				"lost_percent":	84.0518828089474,
				"omitted":	false,
				"sender":	false
			}
		}, {
			"streams":	[{
					"socket":	6,
					"start":	54.000151,
					"end":	55.000164,
					"seconds":	1.000012993812561,
					"bytes":	22615936,
					"bits_per_second":	180925137.09268105,
					"jitter_ms":	0.067634776756621023,
					"lost_packets":	114582,
					"packets":	131018,
					"lost_percent":	87.455158833137432,
					"omitted":	false,
					"sender":	false
				}],
			"sum":	{
				"start":	54.000151,
				"end":	55.000164,
				"seconds":	1.000012993812561,
				"bytes":	22615936,
				"bits_per_second":	180925137.09268105,
				"jitter_ms":	0.067634776756621023,
				"lost_packets":	114582,
				"packets":	131018,
				"lost_percent":	87.455158833137432,
				"omitted":	false,
				"sender":	false
			}
		}, {
			"streams":	[{
					"socket":	6,
					"start":	55.000164,
					"end":	56.000152,
					"seconds":	0.9999880194664,
					"bytes":	24294656,
					"bits_per_second":	194359576.5314371,
					"jitter_ms":	0.85086888743753453,
					"lost_packets":	111327,
					"packets":	128983,
					"lost_percent":	86.31137436716466,
					"omitted":	false,
					"sender":	false
				}],
			"sum":	{
				"start":	55.000164,
				"end":	56.000152,
				"seconds":	0.9999880194664,
				"bytes":	24294656,
				"bits_per_second":	194359576.5314371,
				"jitter_ms":	0.85086888743753453,
				"lost_packets":	111327,
				"packets":	128983,
				"lost_percent":	86.31137436716466,
				"omitted":	false,
				"sender":	false
			}
		}, {
			"streams":	[{
					"socket":	6,
					"start":	56.000152,
					"end":	57.000117,
					"seconds":	0.999965012073517,
					"bytes":	25350048,
					"bits_per_second":	202807479.81319395,
					"jitter_ms":	0.12139998412701097,
					"lost_packets":	118376,
					"packets":	136799,
					"lost_percent":	86.532796292370563,
					"omitted":	false,
					"sender":	false
				}],
			"sum":	{
				"start":	56.000152,
				"end":	57.000117,
				"seconds":	0.999965012073517,
				"bytes":	25350048,
				"bits_per_second":	202807479.81319395,
				"jitter_ms":	0.12139998412701097,
				"lost_packets":	118376,
				"packets":	136799,
				"lost_percent":	86.532796292370563,
				"omitted":	false,
				"sender":	false
			}
		}, {
			"streams":	[{
					"socket":	6,
					"start":	57.000117,
					"end":	58.000143,
					"seconds":	1.0000259876251221,
					"bytes":	28125440,
					"bits_per_second":	224997672.84482476,
					"jitter_ms":	0.31531427794588179,
					"lost_packets":	112138,
					"packets":	132578,
					"lost_percent":	84.582660773280637,
					"omitted":	false,
					"sender":	false
				}],
			"sum":	{
				"start":	57.000117,
				"end":	58.000143,
				"seconds":	1.0000259876251221,
				"bytes":	28125440,
				"bits_per_second":	224997672.84482476,
				"jitter_ms":	0.31531427794588179,
				"lost_packets":	112138,
				"packets":	132578,
				"lost_percent":	84.582660773280637,
				"omitted":	false,
				"sender":	false
			}
		}, {
			"streams":	[{
					"socket":	6,
					"start":	58.000143,
					"end":	59.000134,
					"seconds":	0.999990999698639,
					"bytes":	35001312,
					"bits_per_second":	280013016.20153081,
					"jitter_ms":	0.0312943923800923,
					"lost_packets":	122444,
					"packets":	147881,
					"lost_percent":	82.799007309931639,
					"omitted":	false,
					"sender":	false
				}],
			"sum":	{
				"start":	58.000143,
				"end":	59.000134,
				"seconds":	0.999990999698639,
				"bytes":	35001312,
				"bits_per_second":	280013016.20153081,
				"jitter_ms":	0.0312943923800923,
				"lost_packets":	122444,
				"packets":	147881,
				"lost_percent":	82.799007309931639,
				"omitted":	false,
				"sender":	false
			}
		}, {
			"streams":	[{
					"socket":	6,
					"start":	59.000134,
					"end":	60.000065,
					"seconds":	0.99993097782135,
					"bytes":	32770816,
					"bits_per_second":	262184624.55399522,
					"jitter_ms":	0.004860316236863573,
					"lost_packets":	109345,
					"packets":	133161,
					"lost_percent":	82.114883486906834,
					"omitted":	false,
					"sender":	false
				}],
			"sum":	{
				"start":	59.000134,
				"end":	60.000065,
				"seconds":	0.99993097782135,
				"bytes":	32770816,
				"bits_per_second":	262184624.55399522,
				"jitter_ms":	0.004860316236863573,
				"lost_packets":	109345,
				"packets":	133161,
				"lost_percent":	82.114883486906834,
				"omitted":	false,
				"sender":	false
			}
		}],
	"end":	{
		"streams":	[{
				"udp":	{
					"socket":	6,
					"start":	0,
					"end":	60.000065,
					"seconds":	60.000065,
					"bytes":	10647665504,
					"bits_per_second":	1419687195.8722045,
					"jitter_ms":	0.004860316236863573,
					"lost_packets":	5751547,
					"packets":	7657777,
					"lost_percent":	75.1072667694554,
					"out_of_order":	284,
					"sender":	false
				}
			}],
		"sum":	{
			"start":	0,
			"end":	60.000065,
			"seconds":	60.000065,
			"bytes":	10647665504,
			"bits_per_second":	1419687195.8722045,
			"jitter_ms":	0.004860316236863573,
			"lost_packets":	5751547,
			"packets":	7657777,
			"lost_percent":	75.1072667694554,
			"sender":	false
		},
		"cpu_utilization_percent":	{
			"host_total":	22.793755837410693,
			"host_user":	3.0763878909080145,
			"host_system":	19.717382873025624,
			"remote_total":	61.668129,
			"remote_user":	10.817442,
			"remote_system":	50.850688
		}
	}
}
