{
	"start":	{
		"connected":	[{
				"socket":	6,
				"local_host":	"100.94.234.72",
				"local_port":	47710,
				"remote_host":	"138.68.49.206",
				"remote_port":	5257
			}],
		"version":	"iperf 3.9",
		"system_info":	"Linux localhost 5.10.81-android12-9-24854392-abS901U1UEU2AVHF #1 SMP PREEMPT Tue Aug 16 04:54:26 UTC 2022 aarch64",
		"timestamp":	{
			"time":	"Tue, 14 Feb 2023 05:41:40 GMT",
			"timesecs":	1676353300
		},
		"connecting_to":	{
			"host":	"138.68.49.206",
			"port":	5257
		},
		"cookie":	"skuuwh6rkid3o3frdxjs6uyfjsnoip3gbqq4",
		"sock_bufsize":	16777216,
		"sndbuf_actual":	16777216,
		"rcvbuf_actual":	33554432,
		"test_start":	{
			"protocol":	"UDP",
			"num_streams":	1,
			"blksize":	1376,
			"omit":	0,
			"duration":	30,
			"bytes":	0,
			"blocks":	0,
			"reverse":	1,
			"tos":	0
		}
	},
	"intervals":	[{
			"streams":	[{
					"socket":	6,
					"start":	0,
					"end":	1.000805,
					"seconds":	1.0008050203323364,
					"bytes":	9559072,
					"bits_per_second":	76411063.540234655,
					"jitter_ms":	0.015749511974075252,
					"lost_packets":	3,
					"packets":	6950,
					"lost_percent":	0.043165467625899283,
					"omitted":	false,
					"sender":	false
				}],
			"sum":	{
				"start":	0,
				"end":	1.000805,
				"seconds":	1.0008050203323364,
				"bytes":	9559072,
				"bits_per_second":	76411063.540234655,
				"jitter_ms":	0.015749511974075252,
				"lost_packets":	3,
				"packets":	6950,
				"lost_percent":	0.043165467625899283,
				"omitted":	false,
				"sender":	false
			}
		}, {
			"streams":	[{
					"socket":	6,
					"start":	1.000805,
					"end":	2.000088,
					"seconds":	0.99928301572799683,
					"bytes":	161920800,
					"bits_per_second":	1296295823.7174687,
					"jitter_ms":	0.0042875975120533639,
					"lost_packets":	111734,
					"packets":	229249,
					"lost_percent":	48.739143900300547,
					"omitted":	false,
					"sender":	false
				}],
			"sum":	{
				"start":	1.000805,
				"end":	2.000088,
				"seconds":	0.99928301572799683,
				"bytes":	161920800,
				"bits_per_second":	1296295823.7174687,
				"jitter_ms":	0.0042875975120533639,
				"lost_packets":	111734,
				"packets":	229249,
				"lost_percent":	48.739143900300547,
				"omitted":	false,
				"sender":	false
			}
		}, {
			"streams":	[{
					"socket":	6,
					"start":	2.000088,
					"end":	3.000017,
					"seconds":	0.99992901086807251,
					"bytes":	184366112,
					"bits_per_second":	1475033607.35535,
					"jitter_ms":	0.0029444073707550313,
					"lost_packets":	946,
					"packets":	134933,
					"lost_percent":	0.70108868846019878,
					"omitted":	false,
					"sender":	false
				}],
			"sum":	{
				"start":	2.000088,
				"end":	3.000017,
				"seconds":	0.99992901086807251,
				"bytes":	184366112,
				"bits_per_second":	1475033607.35535,
				"jitter_ms":	0.0029444073707550313,
				"lost_packets":	946,
				"packets":	134933,
				"lost_percent":	0.70108868846019878,
				"omitted":	false,
				"sender":	false
			}
		}, {
			"streams":	[{
					"socket":	6,
					"start":	3.000017,
					"end":	4.000015,
					"seconds":	0.99999797344207764,
					"bytes":	178520864,
					"bits_per_second":	1428169806.2688353,
					"jitter_ms":	0.0053345016466025347,
					"lost_packets":	767,
					"packets":	130506,
					"lost_percent":	0.58771244233981579,
					"omitted":	false,
					"sender":	false
				}],
			"sum":	{
				"start":	3.000017,
				"end":	4.000015,
				"seconds":	0.99999797344207764,
				"bytes":	178520864,
				"bits_per_second":	1428169806.2688353,
				"jitter_ms":	0.0053345016466025347,
				"lost_packets":	767,
				"packets":	130506,
				"lost_percent":	0.58771244233981579,
				"omitted":	false,
				"sender":	false
			}
		}, {
			"streams":	[{
					"socket":	6,
					"start":	4.000015,
					"end":	5.000016,
					"seconds":	1.0000009536743164,
					"bytes":	174300672,
					"bits_per_second":	1394404046.1926744,
					"jitter_ms":	0.0033094093619807116,
					"lost_packets":	0,
					"packets":	126672,
					"lost_percent":	0,
					"omitted":	false,
					"sender":	false
				}],
			"sum":	{
				"start":	4.000015,
				"end":	5.000016,
				"seconds":	1.0000009536743164,
				"bytes":	174300672,
				"bits_per_second":	1394404046.1926744,
				"jitter_ms":	0.0033094093619807116,
				"lost_packets":	0,
				"packets":	126672,
				"lost_percent":	0,
				"omitted":	false,
				"sender":	false
			}
		}, {
			"streams":	[{
					"socket":	6,
					"start":	5.000016,
					"end":	6.000463,
					"seconds":	1.0004470348358154,
					"bytes":	179643680,
					"bits_per_second":	1436507271.2078679,
					"jitter_ms":	0.070562280747725747,
					"lost_packets":	0,
					"packets":	130555,
					"lost_percent":	0,
					"omitted":	false,
					"sender":	false
				}],
			"sum":	{
				"start":	5.000016,
				"end":	6.000463,
				"seconds":	1.0004470348358154,
				"bytes":	179643680,
				"bits_per_second":	1436507271.2078679,
				"jitter_ms":	0.070562280747725747,
				"lost_packets":	0,
				"packets":	130555,
				"lost_percent":	0,
				"omitted":	false,
				"sender":	false
			}
		}, {
			"streams":	[{
					"socket":	6,
					"start":	6.000463,
					"end":	7.000015,
					"seconds":	0.999552011489868,
					"bytes":	184971552,
					"bits_per_second":	1480435634.1540909,
					"jitter_ms":	0.0047431953290566981,
					"lost_packets":	544,
					"packets":	134971,
					"lost_percent":	0.40304954397611337,
					"omitted":	false,
					"sender":	false
				}],
			"sum":	{
				"start":	6.000463,
				"end":	7.000015,
				"seconds":	0.999552011489868,
				"bytes":	184971552,
				"bits_per_second":	1480435634.1540909,
				"jitter_ms":	0.0047431953290566981,
				"lost_packets":	544,
				"packets":	134971,
				"lost_percent":	0.40304954397611337,
				"omitted":	false,
				"sender":	false
			}
		}, {
			"streams":	[{
					"socket":	6,
					"start":	7.000015,
					"end":	8.000017,
					"seconds":	1.0000020265579224,
					"bytes":	175854176,
					"bits_per_second":	1406830556.9763894,
					"jitter_ms":	0.0036246626128945,
					"lost_packets":	287,
					"packets":	128088,
					"lost_percent":	0.22406470551495847,
					"omitted":	false,
					"sender":	false
				}],
			"sum":	{
				"start":	7.000015,
				"end":	8.000017,
				"seconds":	1.0000020265579224,
				"bytes":	175854176,
				"bits_per_second":	1406830556.9763894,
				"jitter_ms":	0.0036246626128945,
				"lost_packets":	287,
				"packets":	128088,
				"lost_percent":	0.22406470551495847,
				"omitted":	false,
				"sender":	false
			}
		}, {
			"streams":	[{
					"socket":	6,
					"start":	8.000017,
					"end":	9.000439,
					"seconds":	1.00042200088501,
					"bytes":	169944256,
					"bits_per_second":	1358980557.002234,
					"jitter_ms":	0.043112960450573432,
					"lost_packets":	1444,
					"packets":	124950,
					"lost_percent":	1.1556622649059625,
					"omitted":	false,
					"sender":	false
				}],
			"sum":	{
				"start":	8.000017,
				"end":	9.000439,
				"seconds":	1.00042200088501,
				"bytes":	169944256,
				"bits_per_second":	1358980557.002234,
				"jitter_ms":	0.043112960450573432,
				"lost_packets":	1444,
				"packets":	124950,
				"lost_percent":	1.1556622649059625,
				"omitted":	false,
				"sender":	false
			}
		}, {
			"streams":	[{
					"socket":	6,
					"start":	9.000439,
					"end":	10.000799,
					"seconds":	1.0003600120544434,
					"bytes":	166307488,
					"bits_per_second":	1329981094.7737,
					"jitter_ms":	0.0574601644313364,
					"lost_packets":	0,
					"packets":	120863,
					"lost_percent":	0,
					"omitted":	false,
					"sender":	false
				}],
			"sum":	{
				"start":	9.000439,
				"end":	10.000799,
				"seconds":	1.0003600120544434,
				"bytes":	166307488,
				"bits_per_second":	1329981094.7737,
				"jitter_ms":	0.0574601644313364,
				"lost_packets":	0,
				"packets":	120863,
				"lost_percent":	0,
				"omitted":	false,
				"sender":	false
			}
		}, {
			"streams":	[{
					"socket":	6,
					"start":	10.000799,
					"end":	11.000087,
					"seconds":	0.999288022518158,
					"bytes":	170603360,
					"bits_per_second":	1365799298.3451374,
					"jitter_ms":	0.0043041463419634949,
					"lost_packets":	48,
					"packets":	124033,
					"lost_percent":	0.0386993783912346,
					"omitted":	false,
					"sender":	false
				}],
			"sum":	{
				"start":	10.000799,
				"end":	11.000087,
				"seconds":	0.999288022518158,
				"bytes":	170603360,
				"bits_per_second":	1365799298.3451374,
				"jitter_ms":	0.0043041463419634949,
				"lost_packets":	48,
				"packets":	124033,
				"lost_percent":	0.0386993783912346,
				"omitted":	false,
				"sender":	false
			}
		}, {
			"streams":	[{
					"socket":	6,
					"start":	11.000087,
					"end":	12.000222,
					"seconds":	1.0001349449157715,
					"bytes":	171986240,
					"bits_per_second":	1375704275.7023888,
					"jitter_ms":	0.17227245145778783,
					"lost_packets":	0,
					"packets":	124990,
					"lost_percent":	0,
					"omitted":	false,
					"sender":	false
				}],
			"sum":	{
				"start":	11.000087,
				"end":	12.000222,
				"seconds":	1.0001349449157715,
				"bytes":	171986240,
				"bits_per_second":	1375704275.7023888,
				"jitter_ms":	0.17227245145778783,
				"lost_packets":	0,
				"packets":	124990,
				"lost_percent":	0,
				"omitted":	false,
				"sender":	false
			}
		}, {
			"streams":	[{
					"socket":	6,
					"start":	12.000222,
					"end":	13.000015,
					"seconds":	0.999792993068695,
					"bytes":	173896128,
					"bits_per_second":	1391457065.2571213,
					"jitter_ms":	0.0046268740903656087,
					"lost_packets":	0,
					"packets":	126378,
					"lost_percent":	0,
					"omitted":	false,
					"sender":	false
				}],
			"sum":	{
				"start":	12.000222,
				"end":	13.000015,
				"seconds":	0.999792993068695,
				"bytes":	173896128,
				"bits_per_second":	1391457065.2571213,
				"jitter_ms":	0.0046268740903656087,
				"lost_packets":	0,
				"packets":	126378,
				"lost_percent":	0,
				"omitted":	false,
				"sender":	false
			}
		}, {
			"streams":	[{
					"socket":	6,
					"start":	13.000015,
					"end":	14.000017,
					"seconds":	1.0000020265579224,
					"bytes":	176919200,
					"bits_per_second":	1415350731.7097616,
					"jitter_ms":	0.0044536282562378758,
					"lost_packets":	0,
					"packets":	128575,
					"lost_percent":	0,
					"omitted":	false,
					"sender":	false
				}],
			"sum":	{
				"start":	13.000015,
				"end":	14.000017,
				"seconds":	1.0000020265579224,
				"bytes":	176919200,
				"bits_per_second":	1415350731.7097616,
				"jitter_ms":	0.0044536282562378758,
				"lost_packets":	0,
				"packets":	128575,
				"lost_percent":	0,
				"omitted":	false,
				"sender":	false
			}
		}, {
			"streams":	[{
					"socket":	6,
					"start":	14.000017,
					"end":	15.000428,
					"seconds":	1.0004110336303711,
					"bytes":	187686400,
					"bits_per_second":	1500874290.1917717,
					"jitter_ms":	0.09592273089710765,
					"lost_packets":	60,
					"packets":	136460,
					"lost_percent":	0.043968928623772531,
					"omitted":	false,
					"sender":	false
				}],
			"sum":	{
				"start":	14.000017,
				"end":	15.000428,
				"seconds":	1.0004110336303711,
				"bytes":	187686400,
				"bits_per_second":	1500874290.1917717,
				"jitter_ms":	0.09592273089710765,
				"lost_packets":	60,
				"packets":	136460,
				"lost_percent":	0.043968928623772531,
				"omitted":	false,
				"sender":	false
			}
		}, {
			"streams":	[{
					"socket":	6,
					"start":	15.000428,
					"end":	16.000398,
					"seconds":	0.999970018863678,
					"bytes":	179214368,
					"bits_per_second":	1433757929.6919429,
					"jitter_ms":	0.032506446155394449,
					"lost_packets":	1446,
					"packets":	131689,
					"lost_percent":	1.0980415980074265,
					"omitted":	false,
					"sender":	false
				}],
			"sum":	{
				"start":	15.000428,
				"end":	16.000398,
				"seconds":	0.999970018863678,
				"bytes":	179214368,
				"bits_per_second":	1433757929.6919429,
				"jitter_ms":	0.032506446155394449,
				"lost_packets":	1446,
				"packets":	131689,
				"lost_percent":	1.0980415980074265,
				"omitted":	false,
				"sender":	false
			}
		}, {
			"streams":	[{
					"socket":	6,
					"start":	16.000398,
					"end":	17.000141,
					"seconds":	0.99974298477172852,
					"bytes":	177362272,
					"bits_per_second":	1419262948.1906064,
					"jitter_ms":	0.12096357485312974,
					"lost_packets":	432,
					"packets":	129329,
					"lost_percent":	0.334031810344161,
					"omitted":	false,
					"sender":	false
				}],
			"sum":	{
				"start":	16.000398,
				"end":	17.000141,
				"seconds":	0.99974298477172852,
				"bytes":	177362272,
				"bits_per_second":	1419262948.1906064,
				"jitter_ms":	0.12096357485312974,
				"lost_packets":	432,
				"packets":	129329,
				"lost_percent":	0.334031810344161,
				"omitted":	false,
				"sender":	false
			}
		}, {
			"streams":	[{
					"socket":	6,
					"start":	17.000141,
					"end":	18.000019,
					"seconds":	0.99987798929214478,
					"bytes":	173903008,
					"bits_per_second":	1391393828.9459751,
					"jitter_ms":	0.0028838045981207272,
					"lost_packets":	0,
					"packets":	126383,
					"lost_percent":	0,
					"omitted":	false,
					"sender":	false
				}],
			"sum":	{
				"start":	17.000141,
				"end":	18.000019,
				"seconds":	0.99987798929214478,
				"bytes":	173903008,
				"bits_per_second":	1391393828.9459751,
				"jitter_ms":	0.0028838045981207272,
				"lost_packets":	0,
				"packets":	126383,
				"lost_percent":	0,
				"omitted":	false,
				"sender":	false
			}
		}, {
			"streams":	[{
					"socket":	6,
					"start":	18.000019,
					"end":	19.000089,
					"seconds":	1.0000699758529663,
					"bytes":	178509856,
					"bits_per_second":	1427978923.9567783,
					"jitter_ms":	0.0057522987684156058,
					"lost_packets":	0,
					"packets":	129731,
					"lost_percent":	0,
					"omitted":	false,
					"sender":	false
				}],
			"sum":	{
				"start":	18.000019,
				"end":	19.000089,
				"seconds":	1.0000699758529663,
				"bytes":	178509856,
				"bits_per_second":	1427978923.9567783,
				"jitter_ms":	0.0057522987684156058,
				"lost_packets":	0,
				"packets":	129731,
				"lost_percent":	0,
				"omitted":	false,
				"sender":	false
			}
		}, {
			"streams":	[{
					"socket":	6,
					"start":	19.000089,
					"end":	20.000084,
					"seconds":	0.999994993209839,
					"bytes":	172011008,
					"bits_per_second":	1376094953.8186755,
					"jitter_ms":	0.004123898945184,
					"lost_packets":	0,
					"packets":	125008,
					"lost_percent":	0,
					"omitted":	false,
					"sender":	false
				}],
			"sum":	{
				"start":	19.000089,
				"end":	20.000084,
				"seconds":	0.999994993209839,
				"bytes":	172011008,
				"bits_per_second":	1376094953.8186755,
				"jitter_ms":	0.004123898945184,
				"lost_packets":	0,
				"packets":	125008,
				"lost_percent":	0,
				"omitted":	false,
				"sender":	false
			}
		}, {
			"streams":	[{
					"socket":	6,
					"start":	20.000084,
					"end":	21.000018,
					"seconds":	0.99993401765823364,
					"bytes":	171379424,
					"bits_per_second":	1371125862.0952375,
					"jitter_ms":	0.0043749510753945849,
					"lost_packets":	0,
					"packets":	124549,
					"lost_percent":	0,
					"omitted":	false,
					"sender":	false
				}],
			"sum":	{
				"start":	20.000084,
				"end":	21.000018,
				"seconds":	0.99993401765823364,
				"bytes":	171379424,
				"bits_per_second":	1371125862.0952375,
				"jitter_ms":	0.0043749510753945849,
				"lost_packets":	0,
				"packets":	124549,
				"lost_percent":	0,
				"omitted":	false,
				"sender":	false
			}
		}, {
			"streams":	[{
					"socket":	6,
					"start":	21.000018,
					"end":	22.000082,
					"seconds":	1.0000640153884888,
					"bytes":	186866304,
					"bits_per_second":	1494834739.57342,
					"jitter_ms":	0.159865811845848,
					"lost_packets":	129,
					"packets":	135933,
					"lost_percent":	0.0948996932312242,
					"omitted":	false,
					"sender":	false
				}],
			"sum":	{
				"start":	21.000018,
				"end":	22.000082,
				"seconds":	1.0000640153884888,
				"bytes":	186866304,
				"bits_per_second":	1494834739.57342,
				"jitter_ms":	0.159865811845848,
				"lost_packets":	129,
				"packets":	135933,
				"lost_percent":	0.0948996932312242,
				"omitted":	false,
				"sender":	false
			}
		}, {
			"streams":	[{
					"socket":	6,
					"start":	22.000082,
					"end":	23.000016,
					"seconds":	0.99993401765823364,
					"bytes":	171160640,
					"bits_per_second":	1369375474.6005716,
					"jitter_ms":	0.0028111289914755661,
					"lost_packets":	0,
					"packets":	124390,
					"lost_percent":	0,
					"omitted":	false,
					"sender":	false
				}],
			"sum":	{
				"start":	22.000082,
				"end":	23.000016,
				"seconds":	0.99993401765823364,
				"bytes":	171160640,
				"bits_per_second":	1369375474.6005716,
				"jitter_ms":	0.0028111289914755661,
				"lost_packets":	0,
				"packets":	124390,
				"lost_percent":	0,
				"omitted":	false,
				"sender":	false
			}
		}, {
			"streams":	[{
					"socket":	6,
					"start":	23.000016,
					"end":	24.000083,
					"seconds":	1.0000669956207275,
					"bytes":	174611648,
					"bits_per_second":	1396799604.5434616,
					"jitter_ms":	0.0032442555523323232,
					"lost_packets":	0,
					"packets":	126898,
					"lost_percent":	0,
					"omitted":	false,
					"sender":	false
				}],
			"sum":	{
				"start":	23.000016,
				"end":	24.000083,
				"seconds":	1.0000669956207275,
				"bytes":	174611648,
				"bits_per_second":	1396799604.5434616,
				"jitter_ms":	0.0032442555523323232,
				"lost_packets":	0,
				"packets":	126898,
				"lost_percent":	0,
				"omitted":	false,
				"sender":	false
			}
		}, {
			"streams":	[{
					"socket":	6,
					"start":	24.000083,
					"end":	25.000015,
					"seconds":	0.99993199110031128,
					"bytes":	168771904,
					"bits_per_second":	1350267062.1771846,
					"jitter_ms":	0.0042388340510025949,
					"lost_packets":	0,
					"packets":	122654,
					"lost_percent":	0,
					"omitted":	false,
					"sender":	false
				}],
			"sum":	{
				"start":	24.000083,
				"end":	25.000015,
				"seconds":	0.99993199110031128,
				"bytes":	168771904,
				"bits_per_second":	1350267062.1771846,
				"jitter_ms":	0.0042388340510025949,
				"lost_packets":	0,
				"packets":	122654,
				"lost_percent":	0,
				"omitted":	false,
				"sender":	false
			}
		}, {
			"streams":	[{
					"socket":	6,
					"start":	25.000015,
					"end":	26.000016,
					"seconds":	1.0000009536743164,
					"bytes":	171412448,
					"bits_per_second":	1371298276.2280538,
					"jitter_ms":	0.0034611548337576945,
					"lost_packets":	0,
					"packets":	124573,
					"lost_percent":	0,
					"omitted":	false,
					"sender":	false
				}],
			"sum":	{
				"start":	25.000015,
				"end":	26.000016,
				"seconds":	1.0000009536743164,
				"bytes":	171412448,
				"bits_per_second":	1371298276.2280538,
				"jitter_ms":	0.0034611548337576945,
				"lost_packets":	0,
				"packets":	124573,
				"lost_percent":	0,
				"omitted":	false,
				"sender":	false
			}
		}, {
			"streams":	[{
					"socket":	6,
					"start":	26.000016,
					"end":	27.000015,
					"seconds":	0.99999898672103882,
					"bytes":	173290688,
					"bits_per_second":	1386326908.73589,
					"jitter_ms":	0.0040653512813326517,
					"lost_packets":	0,
					"packets":	125938,
					"lost_percent":	0,
					"omitted":	false,
					"sender":	false
				}],
			"sum":	{
				"start":	26.000016,
				"end":	27.000015,
				"seconds":	0.99999898672103882,
				"bytes":	173290688,
				"bits_per_second":	1386326908.73589,
				"jitter_ms":	0.0040653512813326517,
				"lost_packets":	0,
				"packets":	125938,
				"lost_percent":	0,
				"omitted":	false,
				"sender":	false
			}
		}, {
			"streams":	[{
					"socket":	6,
					"start":	27.000015,
					"end":	28.000016,
					"seconds":	1.0000009536743164,
					"bytes":	182698400,
					"bits_per_second":	1461585806.1231556,
					"jitter_ms":	0.00379193700706743,
					"lost_packets":	0,
					"packets":	132775,
					"lost_percent":	0,
					"omitted":	false,
					"sender":	false
				}],
			"sum":	{
				"start":	27.000015,
				"end":	28.000016,
				"seconds":	1.0000009536743164,
				"bytes":	182698400,
				"bits_per_second":	1461585806.1231556,
				"jitter_ms":	0.00379193700706743,
				"lost_packets":	0,
				"packets":	132775,
				"lost_percent":	0,
				"omitted":	false,
				"sender":	false
			}
		}, {
			"streams":	[{
					"socket":	6,
					"start":	28.000016,
					"end":	29.000014,
					"seconds":	0.99999797344207764,
					"bytes":	168959040,
					"bits_per_second":	1351675059.2478,
					"jitter_ms":	0.03293727899555448,
					"lost_packets":	0,
					"packets":	122790,
					"lost_percent":	0,
					"omitted":	false,
					"sender":	false
				}],
			"sum":	{
				"start":	28.000016,
				"end":	29.000014,
				"seconds":	0.99999797344207764,
				"bytes":	168959040,
				"bits_per_second":	1351675059.2478,
				"jitter_ms":	0.03293727899555448,
				"lost_packets":	0,
				"packets":	122790,
				"lost_percent":	0,
				"omitted":	false,
				"sender":	false
			}
		}, {
			"streams":	[{
					"socket":	6,
					"start":	29.000014,
					"end":	30.000032,
					"seconds":	1.0000180006027222,
					"bytes":	167602304,
					"bits_per_second":	1340794296.8945293,
					"jitter_ms":	0.011242741435987377,
					"lost_packets":	0,
					"packets":	121804,
					"lost_percent":	0,
					"omitted":	false,
					"sender":	false
				}],
			"sum":	{
				"start":	29.000014,
				"end":	30.000032,
				"seconds":	1.0000180006027222,
				"bytes":	167602304,
				"bits_per_second":	1340794296.8945293,
				"jitter_ms":	0.011242741435987377,
				"lost_packets":	0,
				"packets":	121804,
				"lost_percent":	0,
				"omitted":	false,
				"sender":	false
			}
		}],
	"end":	{
		"streams":	[{
				"udp":	{
					"socket":	6,
					"start":	0,
					"end":	30.000032,
					"seconds":	30.000032,
					"bytes":	5252662592,
					"bits_per_second":	1400708530.4442341,
					"jitter_ms":	0.011242741435987377,
					"lost_packets":	117840,
					"packets":	3812617,
					"lost_percent":	3.0907903941046269,
					"out_of_order":	2395,
					"sender":	false
				}
			}],
		"sum":	{
			"start":	0,
			"end":	30.000032,
			"seconds":	30.000032,
			"bytes":	5252662592,
			"bits_per_second":	1400708530.4442341,
			"jitter_ms":	0.011242741435987377,
			"lost_packets":	117840,
			"packets":	3812617,
			"lost_percent":	3.0907903941046269,
			"sender":	false
		},
		"cpu_utilization_percent":	{
			"host_total":	49.2373652127224,
			"host_user":	7.49511269745043,
			"host_system":	41.742259128448183,
			"remote_total":	29.23819,
			"remote_user":	4.775316,
			"remote_system":	24.462875
		}
	}
}
