{
	"start":	{
		"connected":	[{
				"socket":	6,
				"local_host":	"100.68.33.194",
				"local_port":	46019,
				"remote_host":	"138.68.49.206",
				"remote_port":	5257
			}],
		"version":	"iperf 3.9",
		"system_info":	"Linux localhost 5.10.81-android12-9-24854392-abS901U1UEU2AVHF #1 SMP PREEMPT Tue Aug 16 04:54:26 UTC 2022 aarch64",
		"timestamp":	{
			"time":	"Tue, 14 Feb 2023 07:06:31 GMT",
			"timesecs":	1676358391
		},
		"connecting_to":	{
			"host":	"138.68.49.206",
			"port":	5257
		},
		"cookie":	"wpuv3xes7drqxq7cblpwq4paycq2x6wrifxo",
		"sock_bufsize":	16777216,
		"sndbuf_actual":	16777216,
		"rcvbuf_actual":	33554432,
		"test_start":	{
			"protocol":	"UDP",
			"num_streams":	1,
			"blksize":	1376,
			"omit":	0,
			"duration":	60,
			"bytes":	0,
			"blocks":	0,
			"reverse":	1,
			"tos":	0
		}
	},
	"intervals":	[{
			"streams":	[{
					"socket":	6,
					"start":	0,
					"end":	1.000185,
					"seconds":	1.0001850128173828,
					"bytes":	11753792,
					"bits_per_second":	94012942.400656,
					"jitter_ms":	0.03314646774729027,
					"lost_packets":	3,
					"packets":	8545,
					"lost_percent":	0.035108250438853128,
					"omitted":	false,
					"sender":	false
				}],
			"sum":	{
				"start":	0,
				"end":	1.000185,
				"seconds":	1.0001850128173828,
				"bytes":	11753792,
				"bits_per_second":	94012942.400656,
				"jitter_ms":	0.03314646774729027,
				"lost_packets":	3,
				"packets":	8545,
				"lost_percent":	0.035108250438853128,
				"omitted":	false,
				"sender":	false
			}
		}, {
			"streams":	[{
					"socket":	6,
					"start":	1.000185,
					"end":	2.000177,
					"seconds":	0.9999920129776,
					"bytes":	12302816,
					"bits_per_second":	98423314.10921447,
					"jitter_ms":	1.059944172047403,
					"lost_packets":	40463,
					"packets":	49404,
					"lost_percent":	81.902275119423535,
					"omitted":	false,
					"sender":	false
				}],
			"sum":	{
				"start":	1.000185,
				"end":	2.000177,
				"seconds":	0.9999920129776,
				"bytes":	12302816,
				"bits_per_second":	98423314.10921447,
				"jitter_ms":	1.059944172047403,
				"lost_packets":	40463,
				"packets":	49404,
				"lost_percent":	81.902275119423535,
				"omitted":	false,
				"sender":	false
			}
		}, {
			"streams":	[{
					"socket":	6,
					"start":	2.000177,
					"end":	3.000186,
					"seconds":	1.0000089406967163,
					"bytes":	20296000,
					"bits_per_second":	162366548.32993451,
					"jitter_ms":	0.14365127119988388,
					"lost_packets":	219121,
					"packets":	233871,
					"lost_percent":	93.6931043181925,
					"omitted":	false,
					"sender":	false
				}],
			"sum":	{
				"start":	2.000177,
				"end":	3.000186,
				"seconds":	1.0000089406967163,
				"bytes":	20296000,
				"bits_per_second":	162366548.32993451,
				"jitter_ms":	0.14365127119988388,
				"lost_packets":	219121,
				"packets":	233871,
				"lost_percent":	93.6931043181925,
				"omitted":	false,
				"sender":	false
			}
		}, {
			"streams":	[{
					"socket":	6,
					"start":	3.000186,
					"end":	4.000166,
					"seconds":	0.99997997283935547,
					"bytes":	20904192,
					"bits_per_second":	167236885.27996719,
					"jitter_ms":	0.0057340411809235787,
					"lost_packets":	119138,
					"packets":	134330,
					"lost_percent":	88.690538226755,
					"omitted":	false,
					"sender":	false
				}],
			"sum":	{
				"start":	3.000186,
				"end":	4.000166,
				"seconds":	0.99997997283935547,
				"bytes":	20904192,
				"bits_per_second":	167236885.27996719,
				"jitter_ms":	0.0057340411809235787,
				"lost_packets":	119138,
				"packets":	134330,
				"lost_percent":	88.690538226755,
				"omitted":	false,
				"sender":	false
			}
		}, {
			"streams":	[{
					"socket":	6,
					"start":	4.000166,
					"end":	5.000155,
					"seconds":	0.99998897314071655,
					"bytes":	20059328,
					"bits_per_second":	160476393.55061,
					"jitter_ms":	0.40380022574836927,
					"lost_packets":	114695,
					"packets":	129273,
					"lost_percent":	88.723089895028352,
					"omitted":	false,
					"sender":	false
				}],
			"sum":	{
				"start":	4.000166,
				"end":	5.000155,
				"seconds":	0.99998897314071655,
				"bytes":	20059328,
				"bits_per_second":	160476393.55061,
				"jitter_ms":	0.40380022574836927,
				"lost_packets":	114695,
				"packets":	129273,
				"lost_percent":	88.723089895028352,
				"omitted":	false,
				"sender":	false
			}
		}, {
			"streams":	[{
					"socket":	6,
					"start":	5.000155,
					"end":	6.000719,
					"seconds":	1.0005639791488647,
					"bytes":	18200352,
					"bits_per_second":	145520745.33390442,
					"jitter_ms":	0.14344023355765664,
					"lost_packets":	114671,
					"packets":	127898,
					"lost_percent":	89.6581651003143,
					"omitted":	false,
					"sender":	false
				}],
			"sum":	{
				"start":	5.000155,
				"end":	6.000719,
				"seconds":	1.0005639791488647,
				"bytes":	18200352,
				"bits_per_second":	145520745.33390442,
				"jitter_ms":	0.14344023355765664,
				"lost_packets":	114671,
				"packets":	127898,
				"lost_percent":	89.6581651003143,
				"omitted":	false,
				"sender":	false
			}
		}, {
			"streams":	[{
					"socket":	6,
					"start":	6.000719,
					"end":	7.000194,
					"seconds":	0.99947500228881836,
					"bytes":	18179712,
					"bits_per_second":	145514090.564491,
					"jitter_ms":	0.079126067753566745,
					"lost_packets":	124208,
					"packets":	137420,
					"lost_percent":	90.385678940474463,
					"omitted":	false,
					"sender":	false
				}],
			"sum":	{
				"start":	6.000719,
				"end":	7.000194,
				"seconds":	0.99947500228881836,
				"bytes":	18179712,
				"bits_per_second":	145514090.564491,
				"jitter_ms":	0.079126067753566745,
				"lost_packets":	124208,
				"packets":	137420,
				"lost_percent":	90.385678940474463,
				"omitted":	false,
				"sender":	false
			}
		}, {
			"streams":	[{
					"socket":	6,
					"start":	7.000194,
					"end":	8.000139,
					"seconds":	0.99994498491287231,
					"bytes":	17299072,
					"bits_per_second":	138400190.09851676,
					"jitter_ms":	0.082566889693199225,
					"lost_packets":	114893,
					"packets":	127465,
					"lost_percent":	90.136900325579575,
					"omitted":	false,
					"sender":	false
				}],
			"sum":	{
				"start":	7.000194,
				"end":	8.000139,
				"seconds":	0.99994498491287231,
				"bytes":	17299072,
				"bits_per_second":	138400190.09851676,
				"jitter_ms":	0.082566889693199225,
				"lost_packets":	114893,
				"packets":	127465,
				"lost_percent":	90.136900325579575,
				"omitted":	false,
				"sender":	false
			}
		}, {
			"streams":	[{
					"socket":	6,
					"start":	8.000139,
					"end":	9.000048,
					"seconds":	0.999908983707428,
					"bytes":	15768960,
					"bits_per_second":	126163162.90334663,
					"jitter_ms":	0.091787290375539968,
					"lost_packets":	97399,
					"packets":	108859,
					"lost_percent":	89.4726205458437,
					"omitted":	false,
					"sender":	false
				}],
			"sum":	{
				"start":	8.000139,
				"end":	9.000048,
				"seconds":	0.999908983707428,
				"bytes":	15768960,
				"bits_per_second":	126163162.90334663,
				"jitter_ms":	0.091787290375539968,
				"lost_packets":	97399,
				"packets":	108859,
				"lost_percent":	89.4726205458437,
				"omitted":	false,
				"sender":	false
			}
		}, {
			"streams":	[{
					"socket":	6,
					"start":	9.000048,
					"end":	10.000173,
					"seconds":	1.0001250505447388,
					"bytes":	23129184,
					"bits_per_second":	185010336.35665628,
					"jitter_ms":	1.7138669810901381,
					"lost_packets":	116582,
					"packets":	133391,
					"lost_percent":	87.3987000622231,
					"omitted":	false,
					"sender":	false
				}],
			"sum":	{
				"start":	9.000048,
				"end":	10.000173,
				"seconds":	1.0001250505447388,
				"bytes":	23129184,
				"bits_per_second":	185010336.35665628,
				"jitter_ms":	1.7138669810901381,
				"lost_packets":	116582,
				"packets":	133391,
				"lost_percent":	87.3987000622231,
				"omitted":	false,
				"sender":	false
			}
		}, {
			"streams":	[{
					"socket":	6,
					"start":	10.000173,
					"end":	11.000159,
					"seconds":	0.99998599290847778,
					"bytes":	24865696,
					"bits_per_second":	198928354.40766656,
					"jitter_ms":	0.13465037069986552,
					"lost_packets":	109281,
					"packets":	127352,
					"lost_percent":	85.8101953640304,
					"omitted":	false,
					"sender":	false
				}],
			"sum":	{
				"start":	10.000173,
				"end":	11.000159,
				"seconds":	0.99998599290847778,
				"bytes":	24865696,
				"bits_per_second":	198928354.40766656,
				"jitter_ms":	0.13465037069986552,
				"lost_packets":	109281,
				"packets":	127352,
				"lost_percent":	85.8101953640304,
				"omitted":	false,
				"sender":	false
			}
		}, {
			"streams":	[{
					"socket":	6,
					"start":	11.000159,
					"end":	12.000172,
					"seconds":	1.000012993812561,
					"bytes":	17753152,
					"bits_per_second":	142023370.57494345,
					"jitter_ms":	0.076853898218605526,
					"lost_packets":	107956,
					"packets":	120858,
					"lost_percent":	89.3246620000331,
					"omitted":	false,
					"sender":	false
				}],
			"sum":	{
				"start":	11.000159,
				"end":	12.000172,
				"seconds":	1.000012993812561,
				"bytes":	17753152,
				"bits_per_second":	142023370.57494345,
				"jitter_ms":	0.076853898218605526,
				"lost_packets":	107956,
				"packets":	120858,
				"lost_percent":	89.3246620000331,
				"omitted":	false,
				"sender":	false
			}
		}, {
			"streams":	[{
					"socket":	6,
					"start":	12.000172,
					"end":	13.000171,
					"seconds":	0.99999898672103882,
					"bytes":	24728096,
					"bits_per_second":	197824968.45187852,
					"jitter_ms":	0.029997327130353746,
					"lost_packets":	116552,
					"packets":	134523,
					"lost_percent":	86.6409461579061,
					"omitted":	false,
					"sender":	false
				}],
			"sum":	{
				"start":	12.000172,
				"end":	13.000171,
				"seconds":	0.99999898672103882,
				"bytes":	24728096,
				"bits_per_second":	197824968.45187852,
				"jitter_ms":	0.029997327130353746,
				"lost_packets":	116552,
				"packets":	134523,
				"lost_percent":	86.6409461579061,
				"omitted":	false,
				"sender":	false
			}
		}, {
			"streams":	[{
					"socket":	6,
					"start":	13.000171,
					"end":	14.000145,
					"seconds":	0.999974012374878,
					"bytes":	24834048,
					"bits_per_second":	198677547.15761569,
					"jitter_ms":	0.099687527838849,
					"lost_packets":	114406,
					"packets":	132454,
					"lost_percent":	86.374137436393,
					"omitted":	false,
					"sender":	false
				}],
			"sum":	{
				"start":	13.000171,
				"end":	14.000145,
				"seconds":	0.999974012374878,
				"bytes":	24834048,
				"bits_per_second":	198677547.15761569,
				"jitter_ms":	0.099687527838849,
				"lost_packets":	114406,
				"packets":	132454,
				"lost_percent":	86.374137436393,
				"omitted":	false,
				"sender":	false
			}
		}, {
			"streams":	[{
					"socket":	6,
					"start":	14.000145,
					"end":	15.000166,
					"seconds":	1.0000209808349609,
					"bytes":	21355520,
					"bits_per_second":	170840575.62207824,
					"jitter_ms":	0.0866367974798948,
					"lost_packets":	117729,
					"packets":	133249,
					"lost_percent":	88.352633040398047,
					"omitted":	false,
					"sender":	false
				}],
			"sum":	{
				"start":	14.000145,
				"end":	15.000166,
				"seconds":	1.0000209808349609,
				"bytes":	21355520,
				"bits_per_second":	170840575.62207824,
				"jitter_ms":	0.0866367974798948,
				"lost_packets":	117729,
				"packets":	133249,
				"lost_percent":	88.352633040398047,
				"omitted":	false,
				"sender":	false
			}
		}, {
			"streams":	[{
					"socket":	6,
					"start":	15.000166,
					"end":	16.000161,
					"seconds":	0.999994993209839,
					"bytes":	25585344,
					"bits_per_second":	204683776.80871987,
					"jitter_ms":	0.23346487752808939,
					"lost_packets":	116840,
					"packets":	135434,
					"lost_percent":	86.2708034909993,
					"omitted":	false,
					"sender":	false
				}],
			"sum":	{
				"start":	15.000166,
				"end":	16.000161,
				"seconds":	0.999994993209839,
				"bytes":	25585344,
				"bits_per_second":	204683776.80871987,
				"jitter_ms":	0.23346487752808939,
				"lost_packets":	116840,
				"packets":	135434,
				"lost_percent":	86.2708034909993,
				"omitted":	false,
				"sender":	false
			}
		}, {
			"streams":	[{
					"socket":	6,
					"start":	16.000161,
					"end":	17.000186,
					"seconds":	1.0000250339508057,
					"bytes":	31569568,
					"bits_per_second":	252550221.67017475,
					"jitter_ms":	0.37028645052122466,
					"lost_packets":	94709,
					"packets":	117652,
					"lost_percent":	80.4992690307007,
					"omitted":	false,
					"sender":	false
				}],
			"sum":	{
				"start":	16.000161,
				"end":	17.000186,
				"seconds":	1.0000250339508057,
				"bytes":	31569568,
				"bits_per_second":	252550221.67017475,
				"jitter_ms":	0.37028645052122466,
				"lost_packets":	94709,
				"packets":	117652,
				"lost_percent":	80.4992690307007,
				"omitted":	false,
				"sender":	false
			}
		}, {
			"streams":	[{
					"socket":	6,
					"start":	17.000186,
					"end":	18.000173,
					"seconds":	0.999987006187439,
					"bytes":	24655168,
					"bits_per_second":	197243906.95035571,
					"jitter_ms":	0.34546335430318,
					"lost_packets":	115009,
					"packets":	132927,
					"lost_percent":	86.520420982945524,
					"omitted":	false,
					"sender":	false
				}],
			"sum":	{
				"start":	17.000186,
				"end":	18.000173,
				"seconds":	0.999987006187439,
				"bytes":	24655168,
				"bits_per_second":	197243906.95035571,
				"jitter_ms":	0.34546335430318,
				"lost_packets":	115009,
				"packets":	132927,
				"lost_percent":	86.520420982945524,
				"omitted":	false,
				"sender":	false
			}
		}, {
			"streams":	[{
					"socket":	6,
					"start":	18.000173,
					"end":	19.000128,
					"seconds":	0.99995499849319458,
					"bytes":	51584864,
					"bits_per_second":	412697484.00863522,
					"jitter_ms":	0.00423504539328933,
					"lost_packets":	115585,
					"packets":	153074,
					"lost_percent":	75.509230829533422,
					"omitted":	false,
					"sender":	false
				}],
			"sum":	{
				"start":	18.000173,
				"end":	19.000128,
				"seconds":	0.99995499849319458,
				"bytes":	51584864,
				"bits_per_second":	412697484.00863522,
				"jitter_ms":	0.00423504539328933,
				"lost_packets":	115585,
				"packets":	153074,
				"lost_percent":	75.509230829533422,
				"omitted":	false,
				"sender":	false
			}
		}, {
			"streams":	[{
					"socket":	6,
					"start":	19.000128,
					"end":	20.000042,
					"seconds":	0.999913990497589,
					"bytes":	148475904,
					"bits_per_second":	1187909403.4967039,
					"jitter_ms":	0.0066142437976539764,
					"lost_packets":	62095,
					"packets":	169999,
					"lost_percent":	36.5266854510909,
					"omitted":	false,
					"sender":	false
				}],
			"sum":	{
				"start":	19.000128,
				"end":	20.000042,
				"seconds":	0.999913990497589,
				"bytes":	148475904,
				"bits_per_second":	1187909403.4967039,
				"jitter_ms":	0.0066142437976539764,
				"lost_packets":	62095,
				"packets":	169999,
				"lost_percent":	36.5266854510909,
				"omitted":	false,
				"sender":	false
			}
		}, {
			"streams":	[{
					"socket":	6,
					"start":	20.000042,
					"end":	21.000043,
					"seconds":	1.0000009536743164,
					"bytes":	173810816,
					"bits_per_second":	1390485201.9299755,
					"jitter_ms":	0.0033472788927835233,
					"lost_packets":	0,
					"packets":	126316,
					"lost_percent":	0,
					"omitted":	false,
					"sender":	false
				}],
			"sum":	{
				"start":	20.000042,
				"end":	21.000043,
				"seconds":	1.0000009536743164,
				"bytes":	173810816,
				"bits_per_second":	1390485201.9299755,
				"jitter_ms":	0.0033472788927835233,
				"lost_packets":	0,
				"packets":	126316,
				"lost_percent":	0,
				"omitted":	false,
				"sender":	false
			}
		}, {
			"streams":	[{
					"socket":	6,
					"start":	21.000043,
					"end":	22.000112,
					"seconds":	1.00006902217865,
					"bytes":	181710432,
					"bits_per_second":	1453583126.5257585,
					"jitter_ms":	0.0030893998705370461,
					"lost_packets":	0,
					"packets":	132057,
					"lost_percent":	0,
					"omitted":	false,
					"sender":	false
				}],
			"sum":	{
				"start":	21.000043,
				"end":	22.000112,
				"seconds":	1.00006902217865,
				"bytes":	181710432,
				"bits_per_second":	1453583126.5257585,
				"jitter_ms":	0.0030893998705370461,
				"lost_packets":	0,
				"packets":	132057,
				"lost_percent":	0,
				"omitted":	false,
				"sender":	false
			}
		}, {
			"streams":	[{
					"socket":	6,
					"start":	22.000112,
					"end":	23.000109,
					"seconds":	0.99999701976776123,
					"bytes":	177065056,
					"bits_per_second":	1416524669.5724874,
					"jitter_ms":	0.0034821605953748451,
					"lost_packets":	0,
					"packets":	128681,
					"lost_percent":	0,
					"omitted":	false,
					"sender":	false
				}],
			"sum":	{
				"start":	22.000112,
				"end":	23.000109,
				"seconds":	0.99999701976776123,
				"bytes":	177065056,
				"bits_per_second":	1416524669.5724874,
				"jitter_ms":	0.0034821605953748451,
				"lost_packets":	0,
				"packets":	128681,
				"lost_percent":	0,
				"omitted":	false,
				"sender":	false
			}
		}, {
			"streams":	[{
					"socket":	6,
					"start":	23.000109,
					"end":	24.000041,
					"seconds":	0.99993199110031128,
					"bytes":	186831904,
					"bits_per_second":	1494756888.7713075,
					"jitter_ms":	0.00446962915210171,
					"lost_packets":	0,
					"packets":	135779,
					"lost_percent":	0,
					"omitted":	false,
					"sender":	false
				}],
			"sum":	{
				"start":	23.000109,
				"end":	24.000041,
				"seconds":	0.99993199110031128,
				"bytes":	186831904,
				"bits_per_second":	1494756888.7713075,
				"jitter_ms":	0.00446962915210171,
				"lost_packets":	0,
				"packets":	135779,
				"lost_percent":	0,
				"omitted":	false,
				"sender":	false
			}
		}, {
			"streams":	[{
					"socket":	6,
					"start":	24.000041,
					"end":	25.000043,
					"seconds":	1.0000020265579224,
					"bytes":	172310976,
					"bits_per_second":	1378485014.4202731,
					"jitter_ms":	0.0025961056995022717,
					"lost_packets":	0,
					"packets":	125226,
					"lost_percent":	0,
					"omitted":	false,
					"sender":	false
				}],
			"sum":	{
				"start":	24.000041,
				"end":	25.000043,
				"seconds":	1.0000020265579224,
				"bytes":	172310976,
				"bits_per_second":	1378485014.4202731,
				"jitter_ms":	0.0025961056995022717,
				"lost_packets":	0,
				"packets":	125226,
				"lost_percent":	0,
				"omitted":	false,
				"sender":	false
			}
		}, {
			"streams":	[{
					"socket":	6,
					"start":	25.000043,
					"end":	26.000041,
					"seconds":	0.99999797344207764,
					"bytes":	183957440,
					"bits_per_second":	1471662502.4093032,
					"jitter_ms":	0.0048742080001117133,
					"lost_packets":	0,
					"packets":	133690,
					"lost_percent":	0,
					"omitted":	false,
					"sender":	false
				}],
			"sum":	{
				"start":	25.000043,
				"end":	26.000041,
				"seconds":	0.99999797344207764,
				"bytes":	183957440,
				"bits_per_second":	1471662502.4093032,
				"jitter_ms":	0.0048742080001117133,
				"lost_packets":	0,
				"packets":	133690,
				"lost_percent":	0,
				"omitted":	false,
				"sender":	false
			}
		}, {
			"streams":	[{
					"socket":	6,
					"start":	26.000041,
					"end":	27.000047,
					"seconds":	1.0000059604644775,
					"bytes":	173835584,
					"bits_per_second":	1390676382.92282,
					"jitter_ms":	0.00455218584040198,
					"lost_packets":	0,
					"packets":	126334,
					"lost_percent":	0,
					"omitted":	false,
					"sender":	false
				}],
			"sum":	{
				"start":	26.000041,
				"end":	27.000047,
				"seconds":	1.0000059604644775,
				"bytes":	173835584,
				"bits_per_second":	1390676382.92282,
				"jitter_ms":	0.00455218584040198,
				"lost_packets":	0,
				"packets":	126334,
				"lost_percent":	0,
				"omitted":	false,
				"sender":	false
			}
		}, {
			"streams":	[{
					"socket":	6,
					"start":	27.000047,
					"end":	28.000049,
					"seconds":	1.0000020265579224,
					"bytes":	59861504,
					"bits_per_second":	478891061.49952537,
					"jitter_ms":	0.0042751642487772433,
					"lost_packets":	67002,
					"packets":	110506,
					"lost_percent":	60.632001882250741,
					"omitted":	false,
					"sender":	false
				}],
			"sum":	{
				"start":	27.000047,
				"end":	28.000049,
				"seconds":	1.0000020265579224,
				"bytes":	59861504,
				"bits_per_second":	478891061.49952537,
				"jitter_ms":	0.0042751642487772433,
				"lost_packets":	67002,
				"packets":	110506,
				"lost_percent":	60.632001882250741,
				"omitted":	false,
				"sender":	false
			}
		}, {
			"streams":	[{
					"socket":	6,
					"start":	28.000049,
					"end":	29.000117,
					"seconds":	1.0000679492950439,
					"bytes":	138387072,
					"bits_per_second":	1107021354.6793509,
					"jitter_ms":	0.0051905275651799821,
					"lost_packets":	3945,
					"packets":	104517,
					"lost_percent":	3.774505582823847,
					"omitted":	false,
					"sender":	false
				}],
			"sum":	{
				"start":	28.000049,
				"end":	29.000117,
				"seconds":	1.0000679492950439,
				"bytes":	138387072,
				"bits_per_second":	1107021354.6793509,
				"jitter_ms":	0.0051905275651799821,
				"lost_packets":	3945,
				"packets":	104517,
				"lost_percent":	3.774505582823847,
				"omitted":	false,
				"sender":	false
			}
		}, {
			"streams":	[{
					"socket":	6,
					"start":	29.000117,
					"end":	30.006481,
					"seconds":	1.0063639879226685,
					"bytes":	163662816,
					"bits_per_second":	1301022834.3947957,
					"jitter_ms":	1.7673384401136913,
					"lost_packets":	29692,
					"packets":	148633,
					"lost_percent":	19.976721185739372,
					"omitted":	false,
					"sender":	false
				}],
			"sum":	{
				"start":	29.000117,
				"end":	30.006481,
				"seconds":	1.0063639879226685,
				"bytes":	163662816,
				"bits_per_second":	1301022834.3947957,
				"jitter_ms":	1.7673384401136913,
				"lost_packets":	29692,
				"packets":	148633,
				"lost_percent":	19.976721185739372,
				"omitted":	false,
				"sender":	false
			}
		}, {
			"streams":	[{
					"socket":	6,
					"start":	30.006481,
					"end":	31.000117,
					"seconds":	0.99363601207733154,
					"bytes":	139090208,
					"bits_per_second":	1119848365.4730906,
					"jitter_ms":	0.0046233212188370515,
					"lost_packets":	8669,
					"packets":	109752,
					"lost_percent":	7.8987171076609082,
					"omitted":	false,
					"sender":	false
				}],
			"sum":	{
				"start":	30.006481,
				"end":	31.000117,
				"seconds":	0.99363601207733154,
				"bytes":	139090208,
				"bits_per_second":	1119848365.4730906,
				"jitter_ms":	0.0046233212188370515,
				"lost_packets":	8669,
				"packets":	109752,
				"lost_percent":	7.8987171076609082,
				"omitted":	false,
				"sender":	false
			}
		}, {
			"streams":	[{
					"socket":	6,
					"start":	31.000117,
					"end":	32.000049,
					"seconds":	0.99993199110031128,
					"bytes":	86836608,
					"bits_per_second":	694740112.51062143,
					"jitter_ms":	0.023710318764594614,
					"lost_packets":	42127,
					"packets":	105235,
					"lost_percent":	40.031358388368886,
					"omitted":	false,
					"sender":	false
				}],
			"sum":	{
				"start":	31.000117,
				"end":	32.000049,
				"seconds":	0.99993199110031128,
				"bytes":	86836608,
				"bits_per_second":	694740112.51062143,
				"jitter_ms":	0.023710318764594614,
				"lost_packets":	42127,
				"packets":	105235,
				"lost_percent":	40.031358388368886,
				"omitted":	false,
				"sender":	false
			}
		}, {
			"streams":	[{
					"socket":	6,
					"start":	32.000049,
					"end":	33.000044,
					"seconds":	0.999994993209839,
					"bytes":	110507936,
					"bits_per_second":	884067914.34253526,
					"jitter_ms":	0.0046322566594286622,
					"lost_packets":	62235,
					"packets":	142546,
					"lost_percent":	43.65959058830132,
					"omitted":	false,
					"sender":	false
				}],
			"sum":	{
				"start":	32.000049,
				"end":	33.000044,
				"seconds":	0.999994993209839,
				"bytes":	110507936,
				"bits_per_second":	884067914.34253526,
				"jitter_ms":	0.0046322566594286622,
				"lost_packets":	62235,
				"packets":	142546,
				"lost_percent":	43.65959058830132,
				"omitted":	false,
				"sender":	false
			}
		}, {
			"streams":	[{
					"socket":	6,
					"start":	33.000044,
					"end":	34.000048,
					"seconds":	1.0000040531158447,
					"bytes":	102448704,
					"bits_per_second":	819586310.12174034,
					"jitter_ms":	0.0019749871851798538,
					"lost_packets":	56003,
					"packets":	130457,
					"lost_percent":	42.928321209287354,
					"omitted":	false,
					"sender":	false
				}],
			"sum":	{
				"start":	33.000044,
				"end":	34.000048,
				"seconds":	1.0000040531158447,
				"bytes":	102448704,
				"bits_per_second":	819586310.12174034,
				"jitter_ms":	0.0019749871851798538,
				"lost_packets":	56003,
				"packets":	130457,
				"lost_percent":	42.928321209287354,
				"omitted":	false,
				"sender":	false
			}
		}, {
			"streams":	[{
					"socket":	6,
					"start":	34.000048,
					"end":	35.000317,
					"seconds":	1.0002690553665161,
					"bytes":	124064288,
					"bits_per_second":	992247334.52973342,
					"jitter_ms":	0.1394626717550452,
					"lost_packets":	43139,
					"packets":	133302,
					"lost_percent":	32.361855035933445,
					"omitted":	false,
					"sender":	false
				}],
			"sum":	{
				"start":	34.000048,
				"end":	35.000317,
				"seconds":	1.0002690553665161,
				"bytes":	124064288,
				"bits_per_second":	992247334.52973342,
				"jitter_ms":	0.1394626717550452,
				"lost_packets":	43139,
				"packets":	133302,
				"lost_percent":	32.361855035933445,
				"omitted":	false,
				"sender":	false
			}
		}, {
			"streams":	[{
					"socket":	6,
					"start":	35.000317,
					"end":	36.000113,
					"seconds":	0.999795973300934,
					"bytes":	196551968,
					"bits_per_second":	1572736624.2619486,
					"jitter_ms":	0.0050786150491629045,
					"lost_packets":	22742,
					"packets":	165585,
					"lost_percent":	13.734335839599,
					"omitted":	false,
					"sender":	false
				}],
			"sum":	{
				"start":	35.000317,
				"end":	36.000113,
				"seconds":	0.999795973300934,
				"bytes":	196551968,
				"bits_per_second":	1572736624.2619486,
				"jitter_ms":	0.0050786150491629045,
				"lost_packets":	22742,
				"packets":	165585,
				"lost_percent":	13.734335839599,
				"omitted":	false,
				"sender":	false
			}
		}, {
			"streams":	[{
					"socket":	6,
					"start":	36.000113,
					"end":	37.000119,
					"seconds":	1.0000059604644775,
					"bytes":	188788576,
					"bits_per_second":	1510299605.9128485,
					"jitter_ms":	0.0027939082527403676,
					"lost_packets":	0,
					"packets":	137201,
					"lost_percent":	0,
					"omitted":	false,
					"sender":	false
				}],
			"sum":	{
				"start":	36.000113,
				"end":	37.000119,
				"seconds":	1.0000059604644775,
				"bytes":	188788576,
				"bits_per_second":	1510299605.9128485,
				"jitter_ms":	0.0027939082527403676,
				"lost_packets":	0,
				"packets":	137201,
				"lost_percent":	0,
				"omitted":	false,
				"sender":	false
			}
		}, {
			"streams":	[{
					"socket":	6,
					"start":	37.000119,
					"end":	38.000044,
					"seconds":	0.99992501735687256,
					"bytes":	179141440,
					"bits_per_second":	1433238988.0475571,
					"jitter_ms":	0.0026085230519452746,
					"lost_packets":	0,
					"packets":	130190,
					"lost_percent":	0,
					"omitted":	false,
					"sender":	false
				}],
			"sum":	{
				"start":	37.000119,
				"end":	38.000044,
				"seconds":	0.99992501735687256,
				"bytes":	179141440,
				"bits_per_second":	1433238988.0475571,
				"jitter_ms":	0.0026085230519452746,
				"lost_packets":	0,
				"packets":	130190,
				"lost_percent":	0,
				"omitted":	false,
				"sender":	false
			}
		}, {
			"streams":	[{
					"socket":	6,
					"start":	38.000044,
					"end":	39.000117,
					"seconds":	1.0000729560852051,
					"bytes":	163445408,
					"bits_per_second":	1307467876.2622166,
					"jitter_ms":	0.00182130071499992,
					"lost_packets":	0,
					"packets":	118783,
					"lost_percent":	0,
					"omitted":	false,
					"sender":	false
				}],
			"sum":	{
				"start":	38.000044,
				"end":	39.000117,
				"seconds":	1.0000729560852051,
				"bytes":	163445408,
				"bits_per_second":	1307467876.2622166,
				"jitter_ms":	0.00182130071499992,
				"lost_packets":	0,
				"packets":	118783,
				"lost_percent":	0,
				"omitted":	false,
				"sender":	false
			}
		}, {
			"streams":	[{
					"socket":	6,
					"start":	39.000117,
					"end":	40.000663,
					"seconds":	1.0005459785461426,
					"bytes":	178508480,
					"bits_per_second":	1427288571.0610461,
					"jitter_ms":	0.050251135561871475,
					"lost_packets":	0,
					"packets":	129730,
					"lost_percent":	0,
					"omitted":	false,
					"sender":	false
				}],
			"sum":	{
				"start":	39.000117,
				"end":	40.000663,
				"seconds":	1.0005459785461426,
				"bytes":	178508480,
				"bits_per_second":	1427288571.0610461,
				"jitter_ms":	0.050251135561871475,
				"lost_packets":	0,
				"packets":	129730,
				"lost_percent":	0,
				"omitted":	false,
				"sender":	false
			}
		}, {
			"streams":	[{
					"socket":	6,
					"start":	40.000663,
					"end":	41.000045,
					"seconds":	0.99938201904296875,
					"bytes":	139520896,
					"bits_per_second":	1116857364.5830324,
					"jitter_ms":	0.0011430414895410126,
					"lost_packets":	1,
					"packets":	101397,
					"lost_percent":	0.00098622247206524858,
					"omitted":	false,
					"sender":	false
				}],
			"sum":	{
				"start":	40.000663,
				"end":	41.000045,
				"seconds":	0.99938201904296875,
				"bytes":	139520896,
				"bits_per_second":	1116857364.5830324,
				"jitter_ms":	0.0011430414895410126,
				"lost_packets":	1,
				"packets":	101397,
				"lost_percent":	0.00098622247206524858,
				"omitted":	false,
				"sender":	false
			}
		}, {
			"streams":	[{
					"socket":	6,
					"start":	41.000045,
					"end":	42.000049,
					"seconds":	1.0000040531158447,
					"bytes":	112614592,
					"bits_per_second":	900913084.49490249,
					"jitter_ms":	0.00404905348368423,
					"lost_packets":	5,
					"packets":	81847,
					"lost_percent":	0.00610895939985583,
					"omitted":	false,
					"sender":	false
				}],
			"sum":	{
				"start":	41.000045,
				"end":	42.000049,
				"seconds":	1.0000040531158447,
				"bytes":	112614592,
				"bits_per_second":	900913084.49490249,
				"jitter_ms":	0.00404905348368423,
				"lost_packets":	5,
				"packets":	81847,
				"lost_percent":	0.00610895939985583,
				"omitted":	false,
				"sender":	false
			}
		}, {
			"streams":	[{
					"socket":	6,
					"start":	42.000049,
					"end":	43.000188,
					"seconds":	1.0001389980316162,
					"bytes":	66539232,
					"bits_per_second":	532239875.70492935,
					"jitter_ms":	0.0055546457521829136,
					"lost_packets":	54611,
					"packets":	102968,
					"lost_percent":	53.03686582239142,
					"omitted":	false,
					"sender":	false
				}],
			"sum":	{
				"start":	42.000049,
				"end":	43.000188,
				"seconds":	1.0001389980316162,
				"bytes":	66539232,
				"bits_per_second":	532239875.70492935,
				"jitter_ms":	0.0055546457521829136,
				"lost_packets":	54611,
				"packets":	102968,
				"lost_percent":	53.03686582239142,
				"omitted":	false,
				"sender":	false
			}
		}, {
			"streams":	[{
					"socket":	6,
					"start":	43.000188,
					"end":	44.000181,
					"seconds":	0.99999302625656128,
					"bytes":	14251232,
					"bits_per_second":	114010651.08102992,
					"jitter_ms":	0.046828707146499379,
					"lost_packets":	83902,
					"packets":	94259,
					"lost_percent":	89.012189817417962,
					"omitted":	false,
					"sender":	false
				}],
			"sum":	{
				"start":	43.000188,
				"end":	44.000181,
				"seconds":	0.99999302625656128,
				"bytes":	14251232,
				"bits_per_second":	114010651.08102992,
				"jitter_ms":	0.046828707146499379,
				"lost_packets":	83902,
				"packets":	94259,
				"lost_percent":	89.012189817417962,
				"omitted":	false,
				"sender":	false
			}
		}, {
			"streams":	[{
					"socket":	6,
					"start":	44.000181,
					"end":	45.000142,
					"seconds":	0.999961018562317,
					"bytes":	19061728,
					"bits_per_second":	152499768.66022873,
					"jitter_ms":	0.41794810947220234,
					"lost_packets":	77667,
					"packets":	91520,
					"lost_percent":	84.863417832167826,
					"omitted":	false,
					"sender":	false
				}],
			"sum":	{
				"start":	44.000181,
				"end":	45.000142,
				"seconds":	0.999961018562317,
				"bytes":	19061728,
				"bits_per_second":	152499768.66022873,
				"jitter_ms":	0.41794810947220234,
				"lost_packets":	77667,
				"packets":	91520,
				"lost_percent":	84.863417832167826,
				"omitted":	false,
				"sender":	false
			}
		}, {
			"streams":	[{
					"socket":	6,
					"start":	45.000142,
					"end":	46.000136,
					"seconds":	0.99999397993087769,
					"bytes":	28560256,
					"bits_per_second":	228483423.48600268,
					"jitter_ms":	0.028395151786150128,
					"lost_packets":	163957,
					"packets":	184713,
					"lost_percent":	88.763108173220076,
					"omitted":	false,
					"sender":	false
				}],
			"sum":	{
				"start":	45.000142,
				"end":	46.000136,
				"seconds":	0.99999397993087769,
				"bytes":	28560256,
				"bits_per_second":	228483423.48600268,
				"jitter_ms":	0.028395151786150128,
				"lost_packets":	163957,
				"packets":	184713,
				"lost_percent":	88.763108173220076,
				"omitted":	false,
				"sender":	false
			}
		}, {
			"streams":	[{
					"socket":	6,
					"start":	46.000136,
					"end":	47.000147,
					"seconds":	1.0000109672546387,
					"bytes":	26991616,
					"bits_per_second":	215930559.834566,
					"jitter_ms":	0.45463951749725551,
					"lost_packets":	117091,
					"packets":	136707,
					"lost_percent":	85.6510639542964,
					"omitted":	false,
					"sender":	false
				}],
			"sum":	{
				"start":	46.000136,
				"end":	47.000147,
				"seconds":	1.0000109672546387,
				"bytes":	26991616,
				"bits_per_second":	215930559.834566,
				"jitter_ms":	0.45463951749725551,
				"lost_packets":	117091,
				"packets":	136707,
				"lost_percent":	85.6510639542964,
				"omitted":	false,
				"sender":	false
			}
		}, {
			"streams":	[{
					"socket":	6,
					"start":	47.000147,
					"end":	48.002039,
					"seconds":	1.0018919706344604,
					"bytes":	33128576,
					"bits_per_second":	264528128.54879689,
					"jitter_ms":	0.42571918714839624,
					"lost_packets":	111042,
					"packets":	135118,
					"lost_percent":	82.1815006142779,
					"omitted":	false,
					"sender":	false
				}],
			"sum":	{
				"start":	47.000147,
				"end":	48.002039,
				"seconds":	1.0018919706344604,
				"bytes":	33128576,
				"bits_per_second":	264528128.54879689,
				"jitter_ms":	0.42571918714839624,
				"lost_packets":	111042,
				"packets":	135118,
				"lost_percent":	82.1815006142779,
				"omitted":	false,
				"sender":	false
			}
		}, {
			"streams":	[{
					"socket":	6,
					"start":	48.002039,
					"end":	49.000143,
					"seconds":	0.99810397624969482,
					"bytes":	38496352,
					"bits_per_second":	308555845.21081519,
					"jitter_ms":	0.13569979201385987,
					"lost_packets":	86555,
					"packets":	114532,
					"lost_percent":	75.5727656899382,
					"omitted":	false,
					"sender":	false
				}],
			"sum":	{
				"start":	48.002039,
				"end":	49.000143,
				"seconds":	0.99810397624969482,
				"bytes":	38496352,
				"bits_per_second":	308555845.21081519,
				"jitter_ms":	0.13569979201385987,
				"lost_packets":	86555,
				"packets":	114532,
				"lost_percent":	75.5727656899382,
				"omitted":	false,
				"sender":	false
			}
		}, {
			"streams":	[{
					"socket":	6,
					"start":	49.000143,
					"end":	50.000053,
					"seconds":	0.999909996986389,
					"bytes":	32067680,
					"bits_per_second":	256564531.58102795,
					"jitter_ms":	0.084016880289587578,
					"lost_packets":	93766,
					"packets":	117071,
					"lost_percent":	80.09327672950603,
					"omitted":	false,
					"sender":	false
				}],
			"sum":	{
				"start":	49.000143,
				"end":	50.000053,
				"seconds":	0.999909996986389,
				"bytes":	32067680,
				"bits_per_second":	256564531.58102795,
				"jitter_ms":	0.084016880289587578,
				"lost_packets":	93766,
				"packets":	117071,
				"lost_percent":	80.09327672950603,
				"omitted":	false,
				"sender":	false
			}
		}, {
			"streams":	[{
					"socket":	6,
					"start":	50.000053,
					"end":	51.000187,
					"seconds":	1.0001339912414551,
					"bytes":	26343520,
					"bits_per_second":	210719925.37559959,
					"jitter_ms":	0.059924528918622481,
					"lost_packets":	114554,
					"packets":	133699,
					"lost_percent":	85.6805211706894,
					"omitted":	false,
					"sender":	false
				}],
			"sum":	{
				"start":	50.000053,
				"end":	51.000187,
				"seconds":	1.0001339912414551,
				"bytes":	26343520,
				"bits_per_second":	210719925.37559959,
				"jitter_ms":	0.059924528918622481,
				"lost_packets":	114554,
				"packets":	133699,
				"lost_percent":	85.6805211706894,
				"omitted":	false,
				"sender":	false
			}
		}, {
			"streams":	[{
					"socket":	6,
					"start":	51.000187,
					"end":	52.000048,
					"seconds":	0.99986100196838379,
					"bytes":	29549600,
					"bits_per_second":	236429663.25780851,
					"jitter_ms":	0.028720646053526686,
					"lost_packets":	106404,
					"packets":	127879,
					"lost_percent":	83.206781410552168,
					"omitted":	false,
					"sender":	false
				}],
			"sum":	{
				"start":	51.000187,
				"end":	52.000048,
				"seconds":	0.99986100196838379,
				"bytes":	29549600,
				"bits_per_second":	236429663.25780851,
				"jitter_ms":	0.028720646053526686,
				"lost_packets":	106404,
				"packets":	127879,
				"lost_percent":	83.206781410552168,
				"omitted":	false,
				"sender":	false
			}
		}, {
			"streams":	[{
					"socket":	6,
					"start":	52.000048,
					"end":	53.000166,
					"seconds":	1.0001180171966553,
					"bytes":	28151584,
					"bits_per_second":	225186096.16820449,
					"jitter_ms":	0.047744686061673224,
					"lost_packets":	106512,
					"packets":	126971,
					"lost_percent":	83.886871805372877,
					"omitted":	false,
					"sender":	false
				}],
			"sum":	{
				"start":	52.000048,
				"end":	53.000166,
				"seconds":	1.0001180171966553,
				"bytes":	28151584,
				"bits_per_second":	225186096.16820449,
				"jitter_ms":	0.047744686061673224,
				"lost_packets":	106512,
				"packets":	126971,
				"lost_percent":	83.886871805372877,
				"omitted":	false,
				"sender":	false
			}
		}, {
			"streams":	[{
					"socket":	6,
					"start":	53.000166,
					"end":	54.000174,
					"seconds":	1.0000079870224,
					"bytes":	24498304,
					"bits_per_second":	195984866.66447991,
					"jitter_ms":	0.404593231638074,
					"lost_packets":	113327,
					"packets":	131131,
					"lost_percent":	86.422737567775741,
					"omitted":	false,
					"sender":	false
				}],
			"sum":	{
				"start":	53.000166,
				"end":	54.000174,
				"seconds":	1.0000079870224,
				"bytes":	24498304,
				"bits_per_second":	195984866.66447991,
				"jitter_ms":	0.404593231638074,
				"lost_packets":	113327,
				"packets":	131131,
				"lost_percent":	86.422737567775741,
				"omitted":	false,
				"sender":	false
			}
		}, {
			"streams":	[{
					"socket":	6,
					"start":	54.000174,
					"end":	55.00018,
					"seconds":	1.0000059604644775,
					"bytes":	22661344,
					"bits_per_second":	181289671.4293533,
					"jitter_ms":	0.037690301301555852,
					"lost_packets":	111516,
					"packets":	127985,
					"lost_percent":	87.132085791303666,
					"omitted":	false,
					"sender":	false
				}],
			"sum":	{
				"start":	54.000174,
				"end":	55.00018,
				"seconds":	1.0000059604644775,
				"bytes":	22661344,
				"bits_per_second":	181289671.4293533,
				"jitter_ms":	0.037690301301555852,
				"lost_packets":	111516,
				"packets":	127985,
				"lost_percent":	87.132085791303666,
				"omitted":	false,
				"sender":	false
			}
		}, {
			"streams":	[{
					"socket":	6,
					"start":	55.00018,
					"end":	56.000153,
					"seconds":	0.99997299909591675,
					"bytes":	23627296,
					"bits_per_second":	189023471.80463168,
					"jitter_ms":	0.055725529233790663,
					"lost_packets":	108157,
					"packets":	125328,
					"lost_percent":	86.2991510277033,
					"omitted":	false,
					"sender":	false
				}],
			"sum":	{
				"start":	55.00018,
				"end":	56.000153,
				"seconds":	0.99997299909591675,
				"bytes":	23627296,
				"bits_per_second":	189023471.80463168,
				"jitter_ms":	0.055725529233790663,
				"lost_packets":	108157,
				"packets":	125328,
				"lost_percent":	86.2991510277033,
				"omitted":	false,
				"sender":	false
			}
		}, {
			"streams":	[{
					"socket":	6,
					"start":	56.000153,
					"end":	57.000166,
					"seconds":	1.000012993812561,
					"bytes":	34931136,
					"bits_per_second":	279445456.93811148,
					"jitter_ms":	0.50171503316645449,
					"lost_packets":	106706,
					"packets":	132092,
					"lost_percent":	80.7815764770009,
					"omitted":	false,
					"sender":	false
				}],
			"sum":	{
				"start":	56.000153,
				"end":	57.000166,
				"seconds":	1.000012993812561,
				"bytes":	34931136,
				"bits_per_second":	279445456.93811148,
				"jitter_ms":	0.50171503316645449,
				"lost_packets":	106706,
				"packets":	132092,
				"lost_percent":	80.7815764770009,
				"omitted":	false,
				"sender":	false
			}
		}, {
			"streams":	[{
					"socket":	6,
					"start":	57.000166,
					"end":	58.000154,
					"seconds":	0.9999880194664,
					"bytes":	32554784,
					"bits_per_second":	260441392.22685036,
					"jitter_ms":	0.087120320378747368,
					"lost_packets":	101975,
					"packets":	125634,
					"lost_percent":	81.1683143098206,
					"omitted":	false,
					"sender":	false
				}],
			"sum":	{
				"start":	57.000166,
				"end":	58.000154,
				"seconds":	0.9999880194664,
				"bytes":	32554784,
				"bits_per_second":	260441392.22685036,
				"jitter_ms":	0.087120320378747368,
				"lost_packets":	101975,
				"packets":	125634,
				"lost_percent":	81.1683143098206,
				"omitted":	false,
				"sender":	false
			}
		}, {
			"streams":	[{
					"socket":	6,
					"start":	58.000154,
					"end":	59.000171,
					"seconds":	1.0000170469284058,
					"bytes":	30033952,
					"bits_per_second":	240267520.17678532,
					"jitter_ms":	0.014962090988080387,
					"lost_packets":	115451,
					"packets":	137278,
					"lost_percent":	84.1001471466659,
					"omitted":	false,
					"sender":	false
				}],
			"sum":	{
				"start":	58.000154,
				"end":	59.000171,
				"seconds":	1.0000170469284058,
				"bytes":	30033952,
				"bits_per_second":	240267520.17678532,
				"jitter_ms":	0.014962090988080387,
				"lost_packets":	115451,
				"packets":	137278,
				"lost_percent":	84.1001471466659,
				"omitted":	false,
				"sender":	false
			}
		}, {
			"streams":	[{
					"socket":	6,
					"start":	59.000171,
					"end":	60.000169,
					"seconds":	0.99999797344207764,
					"bytes":	34358720,
					"bits_per_second":	274870317.0406186,
					"jitter_ms":	0.0683586870475455,
					"lost_packets":	109066,
					"packets":	134036,
					"lost_percent":	81.370676534662323,
					"omitted":	false,
					"sender":	false
				}],
			"sum":	{
				"start":	59.000171,
				"end":	60.000169,
				"seconds":	0.99999797344207764,
				"bytes":	34358720,
				"bits_per_second":	274870317.0406186,
				"jitter_ms":	0.0683586870475455,
				"lost_packets":	109066,
				"packets":	134036,
				"lost_percent":	81.370676534662323,
				"omitted":	false,
				"sender":	false
			}
		}],
	"end":	{
		"streams":	[{
				"udp":	{
					"socket":	6,
					"start":	0,
					"end":	60.000169,
					"seconds":	60.000169,
					"bytes":	10531732000,
					"bits_per_second":	1404226978.0940118,
					"jitter_ms":	0.0683586870475455,
					"lost_packets":	4349154,
					"packets":	7584663,
					"lost_percent":	57.341427035057457,
					"out_of_order":	412,
					"sender":	false
				}
			}],
		"sum":	{
			"start":	0,
			"end":	60.000169,
			"seconds":	60.000169,
			"bytes":	10531732000,
			"bits_per_second":	1404226978.0940118,
			"jitter_ms":	0.0683586870475455,
			"lost_packets":	4349154,
			"packets":	7584663,
			"lost_percent":	57.341427035057457,
			"sender":	false
		},
		"cpu_utilization_percent":	{
			"host_total":	29.838060951249378,
			"host_user":	4.7787184929860853,
			"host_system":	25.05935075587692,
			"remote_total":	36.173867,
			"remote_user":	6.061556,
			"remote_system":	30.112312
		}
	}
}
