{
	"start":	{
		"connected":	[{
				"socket":	6,
				"local_host":	"100.68.33.194",
				"local_port":	34026,
				"remote_host":	"138.68.49.206",
				"remote_port":	5257
			}],
		"version":	"iperf 3.9",
		"system_info":	"Linux localhost 5.10.81-android12-9-24854392-abS901U1UEU2AVHF #1 SMP PREEMPT Tue Aug 16 04:54:26 UTC 2022 aarch64",
		"timestamp":	{
			"time":	"Tue, 14 Feb 2023 06:59:59 GMT",
			"timesecs":	1676357999
		},
		"connecting_to":	{
			"host":	"138.68.49.206",
			"port":	5257
		},
		"cookie":	"t36pedoas5lpkkez76ny524ruo4sasnukdh5",
		"sock_bufsize":	16777216,
		"sndbuf_actual":	16777216,
		"rcvbuf_actual":	33554432,
		"test_start":	{
			"protocol":	"UDP",
			"num_streams":	1,
			"blksize":	1376,
			"omit":	0,
			"duration":	60,
			"bytes":	0,
			"blocks":	0,
			"reverse":	1,
			"tos":	0
		}
	},
	"intervals":	[{
			"streams":	[{
					"socket":	6,
					"start":	0,
					"end":	1.000203,
					"seconds":	1.000203013420105,
					"bytes":	12572512,
					"bits_per_second":	100559681.03522837,
					"jitter_ms":	0.049460713393772,
					"lost_packets":	4,
					"packets":	9141,
					"lost_percent":	0.043758888524231487,
					"omitted":	false,
					"sender":	false
				}],
			"sum":	{
				"start":	0,
				"end":	1.000203,
				"seconds":	1.000203013420105,
				"bytes":	12572512,
				"bits_per_second":	100559681.03522837,
				"jitter_ms":	0.049460713393772,
				"lost_packets":	4,
				"packets":	9141,
				"lost_percent":	0.043758888524231487,
				"omitted":	false,
				"sender":	false
			}
		}, {
			"streams":	[{
					"socket":	6,
					"start":	1.000203,
					"end":	2.000187,
					"seconds":	0.9999840259552002,
					"bytes":	13195840,
					"bits_per_second":	105568406.35445255,
					"jitter_ms":	0.0928069111376929,
					"lost_packets":	63595,
					"packets":	73185,
					"lost_percent":	86.8962219033955,
					"omitted":	false,
					"sender":	false
				}],
			"sum":	{
				"start":	1.000203,
				"end":	2.000187,
				"seconds":	0.9999840259552002,
				"bytes":	13195840,
				"bits_per_second":	105568406.35445255,
				"jitter_ms":	0.0928069111376929,
				"lost_packets":	63595,
				"packets":	73185,
				"lost_percent":	86.8962219033955,
				"omitted":	false,
				"sender":	false
			}
		}, {
			"streams":	[{
					"socket":	6,
					"start":	2.000187,
					"end":	3.000164,
					"seconds":	0.9999769926071167,
					"bytes":	21190400,
					"bits_per_second":	169527100.37660274,
					"jitter_ms":	0.366028445302707,
					"lost_packets":	175173,
					"packets":	190573,
					"lost_percent":	91.9191071138094,
					"omitted":	false,
					"sender":	false
				}],
			"sum":	{
				"start":	2.000187,
				"end":	3.000164,
				"seconds":	0.9999769926071167,
				"bytes":	21190400,
				"bits_per_second":	169527100.37660274,
				"jitter_ms":	0.366028445302707,
				"lost_packets":	175173,
				"packets":	190573,
				"lost_percent":	91.9191071138094,
				"omitted":	false,
				"sender":	false
			}
		}, {
			"streams":	[{
					"socket":	6,
					"start":	3.000164,
					"end":	4.000156,
					"seconds":	0.9999920129776,
					"bytes":	27140224,
					"bits_per_second":	217123526.17046708,
					"jitter_ms":	0.017529023175064565,
					"lost_packets":	95547,
					"packets":	115271,
					"lost_percent":	82.889018053109623,
					"omitted":	false,
					"sender":	false
				}],
			"sum":	{
				"start":	3.000164,
				"end":	4.000156,
				"seconds":	0.9999920129776,
				"bytes":	27140224,
				"bits_per_second":	217123526.17046708,
				"jitter_ms":	0.017529023175064565,
				"lost_packets":	95547,
				"packets":	115271,
				"lost_percent":	82.889018053109623,
				"omitted":	false,
				"sender":	false
			}
		}, {
			"streams":	[{
					"socket":	6,
					"start":	4.000156,
					"end":	5.000179,
					"seconds":	1.0000230073928833,
					"bytes":	25407840,
					"bits_per_second":	203258043.56233507,
					"jitter_ms":	0.023351168056665209,
					"lost_packets":	108317,
					"packets":	126782,
					"lost_percent":	85.4356296635169,
					"omitted":	false,
					"sender":	false
				}],
			"sum":	{
				"start":	4.000156,
				"end":	5.000179,
				"seconds":	1.0000230073928833,
				"bytes":	25407840,
				"bits_per_second":	203258043.56233507,
				"jitter_ms":	0.023351168056665209,
				"lost_packets":	108317,
				"packets":	126782,
				"lost_percent":	85.4356296635169,
				"omitted":	false,
				"sender":	false
			}
		}, {
			"streams":	[{
					"socket":	6,
					"start":	5.000179,
					"end":	6.000121,
					"seconds":	0.99994200468063354,
					"bytes":	23193856,
					"bits_per_second":	185561609.704817,
					"jitter_ms":	0.59635373247823631,
					"lost_packets":	105276,
					"packets":	122132,
					"lost_percent":	86.1985392853634,
					"omitted":	false,
					"sender":	false
				}],
			"sum":	{
				"start":	5.000179,
				"end":	6.000121,
				"seconds":	0.99994200468063354,
				"bytes":	23193856,
				"bits_per_second":	185561609.704817,
				"jitter_ms":	0.59635373247823631,
				"lost_packets":	105276,
				"packets":	122132,
				"lost_percent":	86.1985392853634,
				"omitted":	false,
				"sender":	false
			}
		}, {
			"streams":	[{
					"socket":	6,
					"start":	6.000121,
					"end":	7.000447,
					"seconds":	1.0003260374069214,
					"bytes":	24726720,
					"bits_per_second":	197749286.33546263,
					"jitter_ms":	0.28863921039847512,
					"lost_packets":	110897,
					"packets":	128867,
					"lost_percent":	86.0553904413077,
					"omitted":	false,
					"sender":	false
				}],
			"sum":	{
				"start":	6.000121,
				"end":	7.000447,
				"seconds":	1.0003260374069214,
				"bytes":	24726720,
				"bits_per_second":	197749286.33546263,
				"jitter_ms":	0.28863921039847512,
				"lost_packets":	110897,
				"packets":	128867,
				"lost_percent":	86.0553904413077,
				"omitted":	false,
				"sender":	false
			}
		}, {
			"streams":	[{
					"socket":	6,
					"start":	7.000447,
					"end":	8.000182,
					"seconds":	0.99973499774932861,
					"bytes":	16046912,
					"bits_per_second":	128409324.76006861,
					"jitter_ms":	4.94612534682789,
					"lost_packets":	77155,
					"packets":	88817,
					"lost_percent":	86.869630813920764,
					"omitted":	false,
					"sender":	false
				}],
			"sum":	{
				"start":	7.000447,
				"end":	8.000182,
				"seconds":	0.99973499774932861,
				"bytes":	16046912,
				"bits_per_second":	128409324.76006861,
				"jitter_ms":	4.94612534682789,
				"lost_packets":	77155,
				"packets":	88817,
				"lost_percent":	86.869630813920764,
				"omitted":	false,
				"sender":	false
			}
		}, {
			"streams":	[{
					"socket":	6,
					"start":	8.000182,
					"end":	9.000078,
					"seconds":	0.999895989894867,
					"bytes":	25278496,
					"bits_per_second":	202249003.94016287,
					"jitter_ms":	0.21457681505030829,
					"lost_packets":	131871,
					"packets":	150242,
					"lost_percent":	87.7723938712211,
					"omitted":	false,
					"sender":	false
				}],
			"sum":	{
				"start":	8.000182,
				"end":	9.000078,
				"seconds":	0.999895989894867,
				"bytes":	25278496,
				"bits_per_second":	202249003.94016287,
				"jitter_ms":	0.21457681505030829,
				"lost_packets":	131871,
				"packets":	150242,
				"lost_percent":	87.7723938712211,
				"omitted":	false,
				"sender":	false
			}
		}, {
			"streams":	[{
					"socket":	6,
					"start":	9.000078,
					"end":	10.000295,
					"seconds":	1.0002169609069824,
					"bytes":	21735296,
					"bits_per_second":	173844650.506952,
					"jitter_ms":	0.10403051541510484,
					"lost_packets":	108325,
					"packets":	124121,
					"lost_percent":	87.27370871971705,
					"omitted":	false,
					"sender":	false
				}],
			"sum":	{
				"start":	9.000078,
				"end":	10.000295,
				"seconds":	1.0002169609069824,
				"bytes":	21735296,
				"bits_per_second":	173844650.506952,
				"jitter_ms":	0.10403051541510484,
				"lost_packets":	108325,
				"packets":	124121,
				"lost_percent":	87.27370871971705,
				"omitted":	false,
				"sender":	false
			}
		}, {
			"streams":	[{
					"socket":	6,
					"start":	10.000295,
					"end":	11.00004,
					"seconds":	0.999745011329651,
					"bytes":	17951296,
					"bits_per_second":	143646996.35660061,
					"jitter_ms":	0.19070436796143608,
					"lost_packets":	114322,
					"packets":	127368,
					"lost_percent":	89.75723886690534,
					"omitted":	false,
					"sender":	false
				}],
			"sum":	{
				"start":	10.000295,
				"end":	11.00004,
				"seconds":	0.999745011329651,
				"bytes":	17951296,
				"bits_per_second":	143646996.35660061,
				"jitter_ms":	0.19070436796143608,
				"lost_packets":	114322,
				"packets":	127368,
				"lost_percent":	89.75723886690534,
				"omitted":	false,
				"sender":	false
			}
		}, {
			"streams":	[{
					"socket":	6,
					"start":	11.00004,
					"end":	12.000155,
					"seconds":	1.0001150369644165,
					"bytes":	17542624,
					"bits_per_second":	140324849.45528647,
					"jitter_ms":	0.037465786784880224,
					"lost_packets":	112867,
					"packets":	125616,
					"lost_percent":	89.850815182779257,
					"omitted":	false,
					"sender":	false
				}],
			"sum":	{
				"start":	11.00004,
				"end":	12.000155,
				"seconds":	1.0001150369644165,
				"bytes":	17542624,
				"bits_per_second":	140324849.45528647,
				"jitter_ms":	0.037465786784880224,
				"lost_packets":	112867,
				"packets":	125616,
				"lost_percent":	89.850815182779257,
				"omitted":	false,
				"sender":	false
			}
		}, {
			"streams":	[{
					"socket":	6,
					"start":	12.000155,
					"end":	13.000022,
					"seconds":	0.999867022037506,
					"bytes":	19605248,
					"bits_per_second":	156862843.30129319,
					"jitter_ms":	0.0590731544435816,
					"lost_packets":	110844,
					"packets":	125092,
					"lost_percent":	88.6099830524734,
					"omitted":	false,
					"sender":	false
				}],
			"sum":	{
				"start":	12.000155,
				"end":	13.000022,
				"seconds":	0.999867022037506,
				"bytes":	19605248,
				"bits_per_second":	156862843.30129319,
				"jitter_ms":	0.0590731544435816,
				"lost_packets":	110844,
				"packets":	125092,
				"lost_percent":	88.6099830524734,
				"omitted":	false,
				"sender":	false
			}
		}, {
			"streams":	[{
					"socket":	6,
					"start":	13.000022,
					"end":	14.000024,
					"seconds":	1.0000020265579224,
					"bytes":	18870464,
					"bits_per_second":	150963406.06391346,
					"jitter_ms":	0.16355480818535489,
					"lost_packets":	98979,
					"packets":	112693,
					"lost_percent":	87.8306549652596,
					"omitted":	false,
					"sender":	false
				}],
			"sum":	{
				"start":	13.000022,
				"end":	14.000024,
				"seconds":	1.0000020265579224,
				"bytes":	18870464,
				"bits_per_second":	150963406.06391346,
				"jitter_ms":	0.16355480818535489,
				"lost_packets":	98979,
				"packets":	112693,
				"lost_percent":	87.8306549652596,
				"omitted":	false,
				"sender":	false
			}
		}, {
			"streams":	[{
					"socket":	6,
					"start":	14.000024,
					"end":	15.000113,
					"seconds":	1.0000890493392944,
					"bytes":	19858432,
					"bits_per_second":	158853310.21768039,
					"jitter_ms":	0.23993088377542843,
					"lost_packets":	122868,
					"packets":	137300,
					"lost_percent":	89.4887108521486,
					"omitted":	false,
					"sender":	false
				}],
			"sum":	{
				"start":	14.000024,
				"end":	15.000113,
				"seconds":	1.0000890493392944,
				"bytes":	19858432,
				"bits_per_second":	158853310.21768039,
				"jitter_ms":	0.23993088377542843,
				"lost_packets":	122868,
				"packets":	137300,
				"lost_percent":	89.4887108521486,
				"omitted":	false,
				"sender":	false
			}
		}, {
			"streams":	[{
					"socket":	6,
					"start":	15.000113,
					"end":	16.000041,
					"seconds":	0.99992799758911133,
					"bytes":	18789280,
					"bits_per_second":	150325063.76700822,
					"jitter_ms":	0.246568709258147,
					"lost_packets":	112135,
					"packets":	125790,
					"lost_percent":	89.144606089514269,
					"omitted":	false,
					"sender":	false
				}],
			"sum":	{
				"start":	15.000113,
				"end":	16.000041,
				"seconds":	0.99992799758911133,
				"bytes":	18789280,
				"bits_per_second":	150325063.76700822,
				"jitter_ms":	0.246568709258147,
				"lost_packets":	112135,
				"packets":	125790,
				"lost_percent":	89.144606089514269,
				"omitted":	false,
				"sender":	false
			}
		}, {
			"streams":	[{
					"socket":	6,
					"start":	16.000041,
					"end":	17.000153,
					"seconds":	1.0001120567321777,
					"bytes":	20150144,
					"bits_per_second":	161183090.3496131,
					"jitter_ms":	0.0405721347828941,
					"lost_packets":	105969,
					"packets":	120613,
					"lost_percent":	87.8586885327452,
					"omitted":	false,
					"sender":	false
				}],
			"sum":	{
				"start":	16.000041,
				"end":	17.000153,
				"seconds":	1.0001120567321777,
				"bytes":	20150144,
				"bits_per_second":	161183090.3496131,
				"jitter_ms":	0.0405721347828941,
				"lost_packets":	105969,
				"packets":	120613,
				"lost_percent":	87.8586885327452,
				"omitted":	false,
				"sender":	false
			}
		}, {
			"streams":	[{
					"socket":	6,
					"start":	17.000153,
					"end":	18.000023,
					"seconds":	0.999870002269745,
					"bytes":	17000480,
					"bits_per_second":	136021522.48918945,
					"jitter_ms":	0.0558529419133465,
					"lost_packets":	117091,
					"packets":	129446,
					"lost_percent":	90.455479504967329,
					"omitted":	false,
					"sender":	false
				}],
			"sum":	{
				"start":	17.000153,
				"end":	18.000023,
				"seconds":	0.999870002269745,
				"bytes":	17000480,
				"bits_per_second":	136021522.48918945,
				"jitter_ms":	0.0558529419133465,
				"lost_packets":	117091,
				"packets":	129446,
				"lost_percent":	90.455479504967329,
				"omitted":	false,
				"sender":	false
			}
		}, {
			"streams":	[{
					"socket":	6,
					"start":	18.000023,
					"end":	19.000135,
					"seconds":	1.0001120567321777,
					"bytes":	25892192,
					"bits_per_second":	207114327.4452793,
					"jitter_ms":	0.15656614397994906,
					"lost_packets":	102171,
					"packets":	120988,
					"lost_percent":	84.447217905908,
					"omitted":	false,
					"sender":	false
				}],
			"sum":	{
				"start":	18.000023,
				"end":	19.000135,
				"seconds":	1.0001120567321777,
				"bytes":	25892192,
				"bits_per_second":	207114327.4452793,
				"jitter_ms":	0.15656614397994906,
				"lost_packets":	102171,
				"packets":	120988,
				"lost_percent":	84.447217905908,
				"omitted":	false,
				"sender":	false
			}
		}, {
			"streams":	[{
					"socket":	6,
					"start":	19.000135,
					"end":	20.00012,
					"seconds":	0.9999849796295166,
					"bytes":	27642464,
					"bits_per_second":	221143033.65029526,
					"jitter_ms":	0.07821842079870335,
					"lost_packets":	91359,
					"packets":	111448,
					"lost_percent":	81.974553154834538,
					"omitted":	false,
					"sender":	false
				}],
			"sum":	{
				"start":	19.000135,
				"end":	20.00012,
				"seconds":	0.9999849796295166,
				"bytes":	27642464,
				"bits_per_second":	221143033.65029526,
				"jitter_ms":	0.07821842079870335,
				"lost_packets":	91359,
				"packets":	111448,
				"lost_percent":	81.974553154834538,
				"omitted":	false,
				"sender":	false
			}
		}, {
			"streams":	[{
					"socket":	6,
					"start":	20.00012,
					"end":	21.000317,
					"seconds":	1.0001970529556274,
					"bytes":	19438752,
					"bits_per_second":	155479378.32896116,
					"jitter_ms":	0.21830638597534513,
					"lost_packets":	106723,
					"packets":	120850,
					"lost_percent":	88.310302027306577,
					"omitted":	false,
					"sender":	false
				}],
			"sum":	{
				"start":	20.00012,
				"end":	21.000317,
				"seconds":	1.0001970529556274,
				"bytes":	19438752,
				"bits_per_second":	155479378.32896116,
				"jitter_ms":	0.21830638597534513,
				"lost_packets":	106723,
				"packets":	120850,
				"lost_percent":	88.310302027306577,
				"omitted":	false,
				"sender":	false
			}
		}, {
			"streams":	[{
					"socket":	6,
					"start":	21.000317,
					"end":	22.000121,
					"seconds":	0.99980401992797852,
					"bytes":	18384736,
					"bits_per_second":	147106717.98518559,
					"jitter_ms":	0.069633555714991427,
					"lost_packets":	117548,
					"packets":	130909,
					"lost_percent":	89.7936734678288,
					"omitted":	false,
					"sender":	false
				}],
			"sum":	{
				"start":	21.000317,
				"end":	22.000121,
				"seconds":	0.99980401992797852,
				"bytes":	18384736,
				"bits_per_second":	147106717.98518559,
				"jitter_ms":	0.069633555714991427,
				"lost_packets":	117548,
				"packets":	130909,
				"lost_percent":	89.7936734678288,
				"omitted":	false,
				"sender":	false
			}
		}, {
			"streams":	[{
					"socket":	6,
					"start":	22.000121,
					"end":	23.000257,
					"seconds":	1.0001360177993774,
					"bytes":	20652384,
					"bits_per_second":	165196602.32168758,
					"jitter_ms":	0.014606030483508831,
					"lost_packets":	105984,
					"packets":	120993,
					"lost_percent":	87.5951501326523,
					"omitted":	false,
					"sender":	false
				}],
			"sum":	{
				"start":	22.000121,
				"end":	23.000257,
				"seconds":	1.0001360177993774,
				"bytes":	20652384,
				"bits_per_second":	165196602.32168758,
				"jitter_ms":	0.014606030483508831,
				"lost_packets":	105984,
				"packets":	120993,
				"lost_percent":	87.5951501326523,
				"omitted":	false,
				"sender":	false
			}
		}, {
			"streams":	[{
					"socket":	6,
					"start":	23.000257,
					"end":	24.000614,
					"seconds":	1.0003570318222046,
					"bytes":	23433280,
					"bits_per_second":	187399332.47484657,
					"jitter_ms":	0.18016868786690649,
					"lost_packets":	113179,
					"packets":	130209,
					"lost_percent":	86.921026964341948,
					"omitted":	false,
					"sender":	false
				}],
			"sum":	{
				"start":	23.000257,
				"end":	24.000614,
				"seconds":	1.0003570318222046,
				"bytes":	23433280,
				"bits_per_second":	187399332.47484657,
				"jitter_ms":	0.18016868786690649,
				"lost_packets":	113179,
				"packets":	130209,
				"lost_percent":	86.921026964341948,
				"omitted":	false,
				"sender":	false
			}
		}, {
			"streams":	[{
					"socket":	6,
					"start":	24.000614,
					"end":	25.000175,
					"seconds":	0.99956101179122925,
					"bytes":	23358976,
					"bits_per_second":	186953878.54826665,
					"jitter_ms":	0.031869423101637671,
					"lost_packets":	120079,
					"packets":	137055,
					"lost_percent":	87.613731713545661,
					"omitted":	false,
					"sender":	false
				}],
			"sum":	{
				"start":	24.000614,
				"end":	25.000175,
				"seconds":	0.99956101179122925,
				"bytes":	23358976,
				"bits_per_second":	186953878.54826665,
				"jitter_ms":	0.031869423101637671,
				"lost_packets":	120079,
				"packets":	137055,
				"lost_percent":	87.613731713545661,
				"omitted":	false,
				"sender":	false
			}
		}, {
			"streams":	[{
					"socket":	6,
					"start":	25.000175,
					"end":	26.000027,
					"seconds":	0.99985200166702271,
					"bytes":	21885280,
					"bits_per_second":	175108155.71513656,
					"jitter_ms":	0.0409079282686973,
					"lost_packets":	114314,
					"packets":	130219,
					"lost_percent":	87.785960574109765,
					"omitted":	false,
					"sender":	false
				}],
			"sum":	{
				"start":	25.000175,
				"end":	26.000027,
				"seconds":	0.99985200166702271,
				"bytes":	21885280,
				"bits_per_second":	175108155.71513656,
				"jitter_ms":	0.0409079282686973,
				"lost_packets":	114314,
				"packets":	130219,
				"lost_percent":	87.785960574109765,
				"omitted":	false,
				"sender":	false
			}
		}, {
			"streams":	[{
					"socket":	6,
					"start":	26.000027,
					"end":	27.000273,
					"seconds":	1.0002460479736328,
					"bytes":	18509952,
					"bits_per_second":	148043190.27302319,
					"jitter_ms":	0.14828832069261053,
					"lost_packets":	120902,
					"packets":	134354,
					"lost_percent":	89.9876445807345,
					"omitted":	false,
					"sender":	false
				}],
			"sum":	{
				"start":	26.000027,
				"end":	27.000273,
				"seconds":	1.0002460479736328,
				"bytes":	18509952,
				"bits_per_second":	148043190.27302319,
				"jitter_ms":	0.14828832069261053,
				"lost_packets":	120902,
				"packets":	134354,
				"lost_percent":	89.9876445807345,
				"omitted":	false,
				"sender":	false
			}
		}, {
			"streams":	[{
					"socket":	6,
					"start":	27.000273,
					"end":	28.000344,
					"seconds":	1.0000710487365723,
					"bytes":	15581824,
					"bits_per_second":	124645736.07793254,
					"jitter_ms":	0.05721523989973492,
					"lost_packets":	97196,
					"packets":	108520,
					"lost_percent":	89.565057132325833,
					"omitted":	false,
					"sender":	false
				}],
			"sum":	{
				"start":	27.000273,
				"end":	28.000344,
				"seconds":	1.0000710487365723,
				"bytes":	15581824,
				"bits_per_second":	124645736.07793254,
				"jitter_ms":	0.05721523989973492,
				"lost_packets":	97196,
				"packets":	108520,
				"lost_percent":	89.565057132325833,
				"omitted":	false,
				"sender":	false
			}
		}, {
			"streams":	[{
					"socket":	6,
					"start":	28.000344,
					"end":	29.00009,
					"seconds":	0.999746024608612,
					"bytes":	160624608,
					"bits_per_second":	1285323304.4893177,
					"jitter_ms":	0.014946732329061678,
					"lost_packets":	98459,
					"packets":	215192,
					"lost_percent":	45.7540243131715,
					"omitted":	false,
					"sender":	false
				}],
			"sum":	{
				"start":	28.000344,
				"end":	29.00009,
				"seconds":	0.999746024608612,
				"bytes":	160624608,
				"bits_per_second":	1285323304.4893177,
				"jitter_ms":	0.014946732329061678,
				"lost_packets":	98459,
				"packets":	215192,
				"lost_percent":	45.7540243131715,
				"omitted":	false,
				"sender":	false
			}
		}, {
			"streams":	[{
					"socket":	6,
					"start":	29.00009,
					"end":	30.000018,
					"seconds":	0.99992799758911133,
					"bytes":	132960128,
					"bits_per_second":	1063757617.1130333,
					"jitter_ms":	0.086257531412827632,
					"lost_packets":	0,
					"packets":	96628,
					"lost_percent":	0,
					"omitted":	false,
					"sender":	false
				}],
			"sum":	{
				"start":	29.00009,
				"end":	30.000018,
				"seconds":	0.99992799758911133,
				"bytes":	132960128,
				"bits_per_second":	1063757617.1130333,
				"jitter_ms":	0.086257531412827632,
				"lost_packets":	0,
				"packets":	96628,
				"lost_percent":	0,
				"omitted":	false,
				"sender":	false
			}
		}, {
			"streams":	[{
					"socket":	6,
					"start":	30.000018,
					"end":	31.000023,
					"seconds":	1.0000050067901611,
					"bytes":	114695104,
					"bits_per_second":	917556237.9884553,
					"jitter_ms":	0.00387794153687069,
					"lost_packets":	0,
					"packets":	83354,
					"lost_percent":	0,
					"omitted":	false,
					"sender":	false
				}],
			"sum":	{
				"start":	30.000018,
				"end":	31.000023,
				"seconds":	1.0000050067901611,
				"bytes":	114695104,
				"bits_per_second":	917556237.9884553,
				"jitter_ms":	0.00387794153687069,
				"lost_packets":	0,
				"packets":	83354,
				"lost_percent":	0,
				"omitted":	false,
				"sender":	false
			}
		}, {
			"streams":	[{
					"socket":	6,
					"start":	31.000023,
					"end":	32.000024,
					"seconds":	1.0000009536743164,
					"bytes":	130396640,
					"bits_per_second":	1043172125.1535367,
					"jitter_ms":	0.0014478583900394439,
					"lost_packets":	0,
					"packets":	94765,
					"lost_percent":	0,
					"omitted":	false,
					"sender":	false
				}],
			"sum":	{
				"start":	31.000023,
				"end":	32.000024,
				"seconds":	1.0000009536743164,
				"bytes":	130396640,
				"bits_per_second":	1043172125.1535367,
				"jitter_ms":	0.0014478583900394439,
				"lost_packets":	0,
				"packets":	94765,
				"lost_percent":	0,
				"omitted":	false,
				"sender":	false
			}
		}, {
			"streams":	[{
					"socket":	6,
					"start":	32.000024,
					"end":	33.000335,
					"seconds":	1.000311017036438,
					"bytes":	130638816,
					"bits_per_second":	1044785581.8846091,
					"jitter_ms":	0.074598813036892045,
					"lost_packets":	0,
					"packets":	94941,
					"lost_percent":	0,
					"omitted":	false,
					"sender":	false
				}],
			"sum":	{
				"start":	32.000024,
				"end":	33.000335,
				"seconds":	1.000311017036438,
				"bytes":	130638816,
				"bits_per_second":	1044785581.8846091,
				"jitter_ms":	0.074598813036892045,
				"lost_packets":	0,
				"packets":	94941,
				"lost_percent":	0,
				"omitted":	false,
				"sender":	false
			}
		}, {
			"streams":	[{
					"socket":	6,
					"start":	33.000335,
					"end":	34.000022,
					"seconds":	0.99968701601028442,
					"bytes":	133547680,
					"bits_per_second":	1068715930.9759494,
					"jitter_ms":	0.0065269459155910771,
					"lost_packets":	0,
					"packets":	97055,
					"lost_percent":	0,
					"omitted":	false,
					"sender":	false
				}],
			"sum":	{
				"start":	33.000335,
				"end":	34.000022,
				"seconds":	0.99968701601028442,
				"bytes":	133547680,
				"bits_per_second":	1068715930.9759494,
				"jitter_ms":	0.0065269459155910771,
				"lost_packets":	0,
				"packets":	97055,
				"lost_percent":	0,
				"omitted":	false,
				"sender":	false
			}
		}, {
			"streams":	[{
					"socket":	6,
					"start":	34.000022,
					"end":	35.000116,
					"seconds":	1.0000940561294556,
					"bytes":	105968512,
					"bits_per_second":	847668367.594282,
					"jitter_ms":	0.0015219022426527038,
					"lost_packets":	0,
					"packets":	77012,
					"lost_percent":	0,
					"omitted":	false,
					"sender":	false
				}],
			"sum":	{
				"start":	34.000022,
				"end":	35.000116,
				"seconds":	1.0000940561294556,
				"bytes":	105968512,
				"bits_per_second":	847668367.594282,
				"jitter_ms":	0.0015219022426527038,
				"lost_packets":	0,
				"packets":	77012,
				"lost_percent":	0,
				"omitted":	false,
				"sender":	false
			}
		}, {
			"streams":	[{
					"socket":	6,
					"start":	35.000116,
					"end":	36.000308,
					"seconds":	1.0001920461654663,
					"bytes":	134911296,
					"bits_per_second":	1079083134.2218533,
					"jitter_ms":	0.085175351623943671,
					"lost_packets":	0,
					"packets":	98046,
					"lost_percent":	0,
					"omitted":	false,
					"sender":	false
				}],
			"sum":	{
				"start":	35.000116,
				"end":	36.000308,
				"seconds":	1.0001920461654663,
				"bytes":	134911296,
				"bits_per_second":	1079083134.2218533,
				"jitter_ms":	0.085175351623943671,
				"lost_packets":	0,
				"packets":	98046,
				"lost_percent":	0,
				"omitted":	false,
				"sender":	false
			}
		}, {
			"streams":	[{
					"socket":	6,
					"start":	36.000308,
					"end":	37.000118,
					"seconds":	0.999809980392456,
					"bytes":	76442304,
					"bits_per_second":	611654658.37813747,
					"jitter_ms":	4.8692387759323461,
					"lost_packets":	24329,
					"packets":	79883,
					"lost_percent":	30.455791595207991,
					"omitted":	false,
					"sender":	false
				}],
			"sum":	{
				"start":	36.000308,
				"end":	37.000118,
				"seconds":	0.999809980392456,
				"bytes":	76442304,
				"bits_per_second":	611654658.37813747,
				"jitter_ms":	4.8692387759323461,
				"lost_packets":	24329,
				"packets":	79883,
				"lost_percent":	30.455791595207991,
				"omitted":	false,
				"sender":	false
			}
		}, {
			"streams":	[{
					"socket":	6,
					"start":	37.000118,
					"end":	38.00002,
					"seconds":	0.99990200996398926,
					"bytes":	108476960,
					"bits_per_second":	867900725.62335753,
					"jitter_ms":	0.011970452307044421,
					"lost_packets":	36568,
					"packets":	115403,
					"lost_percent":	31.6872178366247,
					"omitted":	false,
					"sender":	false
				}],
			"sum":	{
				"start":	37.000118,
				"end":	38.00002,
				"seconds":	0.99990200996398926,
				"bytes":	108476960,
				"bits_per_second":	867900725.62335753,
				"jitter_ms":	0.011970452307044421,
				"lost_packets":	36568,
				"packets":	115403,
				"lost_percent":	31.6872178366247,
				"omitted":	false,
				"sender":	false
			}
		}, {
			"streams":	[{
					"socket":	6,
					"start":	38.00002,
					"end":	39.00002,
					"seconds":	1,
					"bytes":	186792000,
					"bits_per_second":	1494336000,
					"jitter_ms":	0.00599543474382372,
					"lost_packets":	10857,
					"packets":	146607,
					"lost_percent":	7.40551269721091,
					"omitted":	false,
					"sender":	false
				}],
			"sum":	{
				"start":	38.00002,
				"end":	39.00002,
				"seconds":	1,
				"bytes":	186792000,
				"bits_per_second":	1494336000,
				"jitter_ms":	0.00599543474382372,
				"lost_packets":	10857,
				"packets":	146607,
				"lost_percent":	7.40551269721091,
				"omitted":	false,
				"sender":	false
			}
		}, {
			"streams":	[{
					"socket":	6,
					"start":	39.00002,
					"end":	40.000097,
					"seconds":	1.00007700920105,
					"bytes":	186819520,
					"bits_per_second":	1494441074.2868531,
					"jitter_ms":	0.050605464570111926,
					"lost_packets":	2,
					"packets":	135772,
					"lost_percent":	0.00147305777332587,
					"omitted":	false,
					"sender":	false
				}],
			"sum":	{
				"start":	39.00002,
				"end":	40.000097,
				"seconds":	1.00007700920105,
				"bytes":	186819520,
				"bits_per_second":	1494441074.2868531,
				"jitter_ms":	0.050605464570111926,
				"lost_packets":	2,
				"packets":	135772,
				"lost_percent":	0.00147305777332587,
				"omitted":	false,
				"sender":	false
			}
		}, {
			"streams":	[{
					"socket":	6,
					"start":	40.000097,
					"end":	41.000061,
					"seconds":	0.99996399879455566,
					"bytes":	140116704,
					"bits_per_second":	1120973988.4148548,
					"jitter_ms":	0.047303392152717061,
					"lost_packets":	5,
					"packets":	101834,
					"lost_percent":	0.0049099514896792816,
					"omitted":	false,
					"sender":	false
				}],
			"sum":	{
				"start":	40.000097,
				"end":	41.000061,
				"seconds":	0.99996399879455566,
				"bytes":	140116704,
				"bits_per_second":	1120973988.4148548,
				"jitter_ms":	0.047303392152717061,
				"lost_packets":	5,
				"packets":	101834,
				"lost_percent":	0.0049099514896792816,
				"omitted":	false,
				"sender":	false
			}
		}, {
			"streams":	[{
					"socket":	6,
					"start":	41.000061,
					"end":	42.00002,
					"seconds":	0.99995899200439453,
					"bytes":	134010016,
					"bits_per_second":	1072124093.6601213,
					"jitter_ms":	0.0059904821588445574,
					"lost_packets":	25856,
					"packets":	123247,
					"lost_percent":	20.97900963106607,
					"omitted":	false,
					"sender":	false
				}],
			"sum":	{
				"start":	41.000061,
				"end":	42.00002,
				"seconds":	0.99995899200439453,
				"bytes":	134010016,
				"bits_per_second":	1072124093.6601213,
				"jitter_ms":	0.0059904821588445574,
				"lost_packets":	25856,
				"packets":	123247,
				"lost_percent":	20.97900963106607,
				"omitted":	false,
				"sender":	false
			}
		}, {
			"streams":	[{
					"socket":	6,
					"start":	42.00002,
					"end":	43.000021,
					"seconds":	1.0000009536743164,
					"bytes":	129002752,
					"bits_per_second":	1032021031.788048,
					"jitter_ms":	0.00537375833405549,
					"lost_packets":	855,
					"packets":	94607,
					"lost_percent":	0.90373862399188221,
					"omitted":	false,
					"sender":	false
				}],
			"sum":	{
				"start":	42.00002,
				"end":	43.000021,
				"seconds":	1.0000009536743164,
				"bytes":	129002752,
				"bits_per_second":	1032021031.788048,
				"jitter_ms":	0.00537375833405549,
				"lost_packets":	855,
				"packets":	94607,
				"lost_percent":	0.90373862399188221,
				"omitted":	false,
				"sender":	false
			}
		}, {
			"streams":	[{
					"socket":	6,
					"start":	43.000021,
					"end":	44.000019,
					"seconds":	0.99999797344207764,
					"bytes":	116342176,
					"bits_per_second":	930739294.19709027,
					"jitter_ms":	0.0474061504199163,
					"lost_packets":	43547,
					"packets":	128098,
					"lost_percent":	33.995066277381383,
					"omitted":	false,
					"sender":	false
				}],
			"sum":	{
				"start":	43.000021,
				"end":	44.000019,
				"seconds":	0.99999797344207764,
				"bytes":	116342176,
				"bits_per_second":	930739294.19709027,
				"jitter_ms":	0.0474061504199163,
				"lost_packets":	43547,
				"packets":	128098,
				"lost_percent":	33.995066277381383,
				"omitted":	false,
				"sender":	false
			}
		}, {
			"streams":	[{
					"socket":	6,
					"start":	44.000019,
					"end":	45.0003,
					"seconds":	1.0002809762954712,
					"bytes":	195507584,
					"bits_per_second":	1563621331.4707637,
					"jitter_ms":	0.080147995982107936,
					"lost_packets":	18542,
					"packets":	160626,
					"lost_percent":	11.543585720867107,
					"omitted":	false,
					"sender":	false
				}],
			"sum":	{
				"start":	44.000019,
				"end":	45.0003,
				"seconds":	1.0002809762954712,
				"bytes":	195507584,
				"bits_per_second":	1563621331.4707637,
				"jitter_ms":	0.080147995982107936,
				"lost_packets":	18542,
				"packets":	160626,
				"lost_percent":	11.543585720867107,
				"omitted":	false,
				"sender":	false
			}
		}, {
			"streams":	[{
					"socket":	6,
					"start":	45.0003,
					"end":	46.000022,
					"seconds":	0.99972200393676758,
					"bytes":	163558240,
					"bits_per_second":	1308829769.5233688,
					"jitter_ms":	0.0098958186567805143,
					"lost_packets":	0,
					"packets":	118865,
					"lost_percent":	0,
					"omitted":	false,
					"sender":	false
				}],
			"sum":	{
				"start":	45.0003,
				"end":	46.000022,
				"seconds":	0.99972200393676758,
				"bytes":	163558240,
				"bits_per_second":	1308829769.5233688,
				"jitter_ms":	0.0098958186567805143,
				"lost_packets":	0,
				"packets":	118865,
				"lost_percent":	0,
				"omitted":	false,
				"sender":	false
			}
		}, {
			"streams":	[{
					"socket":	6,
					"start":	46.000022,
					"end":	47.000019,
					"seconds":	0.99999701976776123,
					"bytes":	177997984,
					"bits_per_second":	1423988115.8152905,
					"jitter_ms":	0.014419592990240334,
					"lost_packets":	0,
					"packets":	129359,
					"lost_percent":	0,
					"omitted":	false,
					"sender":	false
				}],
			"sum":	{
				"start":	46.000022,
				"end":	47.000019,
				"seconds":	0.99999701976776123,
				"bytes":	177997984,
				"bits_per_second":	1423988115.8152905,
				"jitter_ms":	0.014419592990240334,
				"lost_packets":	0,
				"packets":	129359,
				"lost_percent":	0,
				"omitted":	false,
				"sender":	false
			}
		}, {
			"streams":	[{
					"socket":	6,
					"start":	47.000019,
					"end":	48.000342,
					"seconds":	1.0003230571746826,
					"bytes":	146290816,
					"bits_per_second":	1169948567.7211881,
					"jitter_ms":	0.083521723747587068,
					"lost_packets":	0,
					"packets":	106316,
					"lost_percent":	0,
					"omitted":	false,
					"sender":	false
				}],
			"sum":	{
				"start":	47.000019,
				"end":	48.000342,
				"seconds":	1.0003230571746826,
				"bytes":	146290816,
				"bits_per_second":	1169948567.7211881,
				"jitter_ms":	0.083521723747587068,
				"lost_packets":	0,
				"packets":	106316,
				"lost_percent":	0,
				"omitted":	false,
				"sender":	false
			}
		}, {
			"streams":	[{
					"socket":	6,
					"start":	48.000342,
					"end":	49.000099,
					"seconds":	0.99975699186325073,
					"bytes":	191866688,
					"bits_per_second":	1535306595.9952316,
					"jitter_ms":	0.0038395075634737445,
					"lost_packets":	0,
					"packets":	139438,
					"lost_percent":	0,
					"omitted":	false,
					"sender":	false
				}],
			"sum":	{
				"start":	48.000342,
				"end":	49.000099,
				"seconds":	0.99975699186325073,
				"bytes":	191866688,
				"bits_per_second":	1535306595.9952316,
				"jitter_ms":	0.0038395075634737445,
				"lost_packets":	0,
				"packets":	139438,
				"lost_percent":	0,
				"omitted":	false,
				"sender":	false
			}
		}, {
			"streams":	[{
					"socket":	6,
					"start":	49.000099,
					"end":	50.000044,
					"seconds":	0.99994498491287231,
					"bytes":	134450336,
					"bits_per_second":	1075661865.6312575,
					"jitter_ms":	0.031349840983280343,
					"lost_packets":	1,
					"packets":	97712,
					"lost_percent":	0.0010234157524152611,
					"omitted":	false,
					"sender":	false
				}],
			"sum":	{
				"start":	49.000099,
				"end":	50.000044,
				"seconds":	0.99994498491287231,
				"bytes":	134450336,
				"bits_per_second":	1075661865.6312575,
				"jitter_ms":	0.031349840983280343,
				"lost_packets":	1,
				"packets":	97712,
				"lost_percent":	0.0010234157524152611,
				"omitted":	false,
				"sender":	false
			}
		}, {
			"streams":	[{
					"socket":	6,
					"start":	50.000044,
					"end":	51.000262,
					"seconds":	1.0002180337905884,
					"bytes":	71825824,
					"bits_per_second":	574481335.65676451,
					"jitter_ms":	0.10142730970438109,
					"lost_packets":	22405,
					"packets":	74604,
					"lost_percent":	30.031901774703769,
					"omitted":	false,
					"sender":	false
				}],
			"sum":	{
				"start":	50.000044,
				"end":	51.000262,
				"seconds":	1.0002180337905884,
				"bytes":	71825824,
				"bits_per_second":	574481335.65676451,
				"jitter_ms":	0.10142730970438109,
				"lost_packets":	22405,
				"packets":	74604,
				"lost_percent":	30.031901774703769,
				"omitted":	false,
				"sender":	false
			}
		}, {
			"streams":	[{
					"socket":	6,
					"start":	51.000262,
					"end":	52.000019,
					"seconds":	0.99975699186325073,
					"bytes":	82850336,
					"bits_per_second":	662963793.596214,
					"jitter_ms":	0.050960757638909941,
					"lost_packets":	55643,
					"packets":	115854,
					"lost_percent":	48.028553179001158,
					"omitted":	false,
					"sender":	false
				}],
			"sum":	{
				"start":	51.000262,
				"end":	52.000019,
				"seconds":	0.99975699186325073,
				"bytes":	82850336,
				"bits_per_second":	662963793.596214,
				"jitter_ms":	0.050960757638909941,
				"lost_packets":	55643,
				"packets":	115854,
				"lost_percent":	48.028553179001158,
				"omitted":	false,
				"sender":	false
			}
		}, {
			"streams":	[{
					"socket":	6,
					"start":	52.000019,
					"end":	53.000163,
					"seconds":	1.0001440048217773,
					"bytes":	24191456,
					"bits_per_second":	193503782.52228463,
					"jitter_ms":	1.6752145212101559,
					"lost_packets":	91338,
					"packets":	108919,
					"lost_percent":	83.85864725162736,
					"omitted":	false,
					"sender":	false
				}],
			"sum":	{
				"start":	52.000019,
				"end":	53.000163,
				"seconds":	1.0001440048217773,
				"bytes":	24191456,
				"bits_per_second":	193503782.52228463,
				"jitter_ms":	1.6752145212101559,
				"lost_packets":	91338,
				"packets":	108919,
				"lost_percent":	83.85864725162736,
				"omitted":	false,
				"sender":	false
			}
		}, {
			"streams":	[{
					"socket":	6,
					"start":	53.000163,
					"end":	54.000274,
					"seconds":	1.0001109838485718,
					"bytes":	7551488,
					"bits_per_second":	60405199.998430423,
					"jitter_ms":	0.03933720400143724,
					"lost_packets":	115731,
					"packets":	121219,
					"lost_percent":	95.4726569267194,
					"omitted":	false,
					"sender":	false
				}],
			"sum":	{
				"start":	53.000163,
				"end":	54.000274,
				"seconds":	1.0001109838485718,
				"bytes":	7551488,
				"bits_per_second":	60405199.998430423,
				"jitter_ms":	0.03933720400143724,
				"lost_packets":	115731,
				"packets":	121219,
				"lost_percent":	95.4726569267194,
				"omitted":	false,
				"sender":	false
			}
		}, {
			"streams":	[{
					"socket":	6,
					"start":	54.000274,
					"end":	55.000157,
					"seconds":	0.999882996082306,
					"bytes":	15485504,
					"bits_per_second":	123898528.61324428,
					"jitter_ms":	0.035814566466991556,
					"lost_packets":	48157,
					"packets":	59411,
					"lost_percent":	81.057379946474555,
					"omitted":	false,
					"sender":	false
				}],
			"sum":	{
				"start":	54.000274,
				"end":	55.000157,
				"seconds":	0.999882996082306,
				"bytes":	15485504,
				"bits_per_second":	123898528.61324428,
				"jitter_ms":	0.035814566466991556,
				"lost_packets":	48157,
				"packets":	59411,
				"lost_percent":	81.057379946474555,
				"omitted":	false,
				"sender":	false
			}
		}, {
			"streams":	[{
					"socket":	6,
					"start":	55.000157,
					"end":	56.00023,
					"seconds":	1.0000729560852051,
					"bytes":	38084928,
					"bits_per_second":	304657197.40354788,
					"jitter_ms":	0.16820676440022819,
					"lost_packets":	175953,
					"packets":	203631,
					"lost_percent":	86.407766990291265,
					"omitted":	false,
					"sender":	false
				}],
			"sum":	{
				"start":	55.000157,
				"end":	56.00023,
				"seconds":	1.0000729560852051,
				"bytes":	38084928,
				"bits_per_second":	304657197.40354788,
				"jitter_ms":	0.16820676440022819,
				"lost_packets":	175953,
				"packets":	203631,
				"lost_percent":	86.407766990291265,
				"omitted":	false,
				"sender":	false
			}
		}, {
			"streams":	[{
					"socket":	6,
					"start":	56.00023,
					"end":	57.000049,
					"seconds":	0.999818980693817,
					"bytes":	39126560,
					"bits_per_second":	313069151.56060278,
					"jitter_ms":	0.01744591075807354,
					"lost_packets":	98330,
					"packets":	126765,
					"lost_percent":	77.5687295389106,
					"omitted":	false,
					"sender":	false
				}],
			"sum":	{
				"start":	56.00023,
				"end":	57.000049,
				"seconds":	0.999818980693817,
				"bytes":	39126560,
				"bits_per_second":	313069151.56060278,
				"jitter_ms":	0.01744591075807354,
				"lost_packets":	98330,
				"packets":	126765,
				"lost_percent":	77.5687295389106,
				"omitted":	false,
				"sender":	false
			}
		}, {
			"streams":	[{
					"socket":	6,
					"start":	57.000049,
					"end":	58.000182,
					"seconds":	1.0001330375671387,
					"bytes":	35184320,
					"bits_per_second":	281437118.29048014,
					"jitter_ms":	0.00968925180725426,
					"lost_packets":	102471,
					"packets":	128041,
					"lost_percent":	80.0298341937348,
					"omitted":	false,
					"sender":	false
				}],
			"sum":	{
				"start":	57.000049,
				"end":	58.000182,
				"seconds":	1.0001330375671387,
				"bytes":	35184320,
				"bits_per_second":	281437118.29048014,
				"jitter_ms":	0.00968925180725426,
				"lost_packets":	102471,
				"packets":	128041,
				"lost_percent":	80.0298341937348,
				"omitted":	false,
				"sender":	false
			}
		}, {
			"streams":	[{
					"socket":	6,
					"start":	58.000182,
					"end":	59.000173,
					"seconds":	0.999990999698639,
					"bytes":	26402688,
					"bits_per_second":	211223405.07430017,
					"jitter_ms":	0.073337427121413445,
					"lost_packets":	97239,
					"packets":	116427,
					"lost_percent":	83.519286763379625,
					"omitted":	false,
					"sender":	false
				}],
			"sum":	{
				"start":	58.000182,
				"end":	59.000173,
				"seconds":	0.999990999698639,
				"bytes":	26402688,
				"bits_per_second":	211223405.07430017,
				"jitter_ms":	0.073337427121413445,
				"lost_packets":	97239,
				"packets":	116427,
				"lost_percent":	83.519286763379625,
				"omitted":	false,
				"sender":	false
			}
		}, {
			"streams":	[{
					"socket":	6,
					"start":	59.000173,
					"end":	60.000042,
					"seconds":	0.99986898899078369,
					"bytes":	25226208,
					"bits_per_second":	201836106.75204188,
					"jitter_ms":	0.0058652895615710242,
					"lost_packets":	102303,
					"packets":	120636,
					"lost_percent":	84.80304386750224,
					"omitted":	false,
					"sender":	false
				}],
			"sum":	{
				"start":	59.000173,
				"end":	60.000042,
				"seconds":	0.99986898899078369,
				"bytes":	25226208,
				"bits_per_second":	201836106.75204188,
				"jitter_ms":	0.0058652895615710242,
				"lost_packets":	102303,
				"packets":	120636,
				"lost_percent":	84.80304386750224,
				"omitted":	false,
				"sender":	false
			}
		}],
	"end":	{
		"streams":	[{
				"udp":	{
					"socket":	6,
					"start":	0,
					"end":	60.000042,
					"seconds":	60.000042,
					"bytes":	9852249440,
					"bits_per_second":	1313632339.1240292,
					"jitter_ms":	0.0058652895615710242,
					"lost_packets":	4129281,
					"packets":	7088861,
					"lost_percent":	58.25027462098636,
					"out_of_order":	757,
					"sender":	false
				}
			}],
		"sum":	{
			"start":	0,
			"end":	60.000042,
			"seconds":	60.000042,
			"bytes":	9852249440,
			"bits_per_second":	1313632339.1240292,
			"jitter_ms":	0.0058652895615710242,
			"lost_packets":	4129281,
			"packets":	7088861,
			"lost_percent":	58.25027462098636,
			"sender":	false
		},
		"cpu_utilization_percent":	{
			"host_total":	29.187892069643151,
			"host_user":	4.6505330039624733,
			"host_system":	24.537369022478135,
			"remote_total":	19.985408,
			"remote_user":	3.354576,
			"remote_system":	16.630832
		}
	}
}
