{
	"start":	{
		"connected":	[{
				"socket":	6,
				"local_host":	"100.68.33.194",
				"local_port":	48154,
				"remote_host":	"138.68.49.206",
				"remote_port":	5257
			}],
		"version":	"iperf 3.9",
		"system_info":	"Linux localhost 5.10.81-android12-9-24854392-abS901U1UEU2AVHF #1 SMP PREEMPT Tue Aug 16 04:54:26 UTC 2022 aarch64",
		"timestamp":	{
			"time":	"Tue, 14 Feb 2023 06:13:17 GMT",
			"timesecs":	1676355197
		},
		"connecting_to":	{
			"host":	"138.68.49.206",
			"port":	5257
		},
		"cookie":	"j3yerekvghxguw7dhvosfzgogkmze464ih6j",
		"sock_bufsize":	16777216,
		"sndbuf_actual":	16777216,
		"rcvbuf_actual":	33554432,
		"test_start":	{
			"protocol":	"UDP",
			"num_streams":	1,
			"blksize":	1376,
			"omit":	0,
			"duration":	30,
			"bytes":	0,
			"blocks":	0,
			"reverse":	1,
			"tos":	0
		}
	},
	"intervals":	[{
			"streams":	[{
					"socket":	6,
					"start":	0,
					"end":	1.000206,
					"seconds":	1.0002059936523438,
					"bytes":	13970528,
					"bits_per_second":	111741206.02085447,
					"jitter_ms":	0.11163407639725398,
					"lost_packets":	0,
					"packets":	10153,
					"lost_percent":	0,
					"omitted":	false,
					"sender":	false
				}],
			"sum":	{
				"start":	0,
				"end":	1.000206,
				"seconds":	1.0002059936523438,
				"bytes":	13970528,
				"bits_per_second":	111741206.02085447,
				"jitter_ms":	0.11163407639725398,
				"lost_packets":	0,
				"packets":	10153,
				"lost_percent":	0,
				"omitted":	false,
				"sender":	false
			}
		}, {
			"streams":	[{
					"socket":	6,
					"start":	1.000206,
					"end":	2.005917,
					"seconds":	1.0057109594345093,
					"bytes":	12556000,
					"bits_per_second":	99877603.060505435,
					"jitter_ms":	0.95083814114207332,
					"lost_packets":	2,
					"packets":	9127,
					"lost_percent":	0.021913005368686317,
					"omitted":	false,
					"sender":	false
				}],
			"sum":	{
				"start":	1.000206,
				"end":	2.005917,
				"seconds":	1.0057109594345093,
				"bytes":	12556000,
				"bits_per_second":	99877603.060505435,
				"jitter_ms":	0.95083814114207332,
				"lost_packets":	2,
				"packets":	9127,
				"lost_percent":	0.021913005368686317,
				"omitted":	false,
				"sender":	false
			}
		}, {
			"streams":	[{
					"socket":	6,
					"start":	2.005917,
					"end":	3.000724,
					"seconds":	0.994807004928589,
					"bytes":	21260576,
					"bits_per_second":	170972467.17940968,
					"jitter_ms":	0.00944848778676798,
					"lost_packets":	9594,
					"packets":	25045,
					"lost_percent":	38.3070473148333,
					"omitted":	false,
					"sender":	false
				}],
			"sum":	{
				"start":	2.005917,
				"end":	3.000724,
				"seconds":	0.994807004928589,
				"bytes":	21260576,
				"bits_per_second":	170972467.17940968,
				"jitter_ms":	0.00944848778676798,
				"lost_packets":	9594,
				"packets":	25045,
				"lost_percent":	38.3070473148333,
				"omitted":	false,
				"sender":	false
			}
		}, {
			"streams":	[{
					"socket":	6,
					"start":	3.000724,
					"end":	4.000149,
					"seconds":	0.99942499399185181,
					"bytes":	25266112,
					"bits_per_second":	202245188.19833311,
					"jitter_ms":	0.00667797909156206,
					"lost_packets":	1158,
					"packets":	19520,
					"lost_percent":	5.932377049180328,
					"omitted":	false,
					"sender":	false
				}],
			"sum":	{
				"start":	3.000724,
				"end":	4.000149,
				"seconds":	0.99942499399185181,
				"bytes":	25266112,
				"bits_per_second":	202245188.19833311,
				"jitter_ms":	0.00667797909156206,
				"lost_packets":	1158,
				"packets":	19520,
				"lost_percent":	5.932377049180328,
				"omitted":	false,
				"sender":	false
			}
		}, {
			"streams":	[{
					"socket":	6,
					"start":	4.000149,
					"end":	5.000165,
					"seconds":	1.0000159740448,
					"bytes":	26848512,
					"bits_per_second":	214784665.02013865,
					"jitter_ms":	0.019918913227659561,
					"lost_packets":	5,
					"packets":	19517,
					"lost_percent":	0.025618691397243428,
					"omitted":	false,
					"sender":	false
				}],
			"sum":	{
				"start":	4.000149,
				"end":	5.000165,
				"seconds":	1.0000159740448,
				"bytes":	26848512,
				"bits_per_second":	214784665.02013865,
				"jitter_ms":	0.019918913227659561,
				"lost_packets":	5,
				"packets":	19517,
				"lost_percent":	0.025618691397243428,
				"omitted":	false,
				"sender":	false
			}
		}, {
			"streams":	[{
					"socket":	6,
					"start":	5.000165,
					"end":	6.000179,
					"seconds":	1.0000139474868774,
					"bytes":	26624224,
					"bits_per_second":	212990821.31331471,
					"jitter_ms":	0.0052124276461097746,
					"lost_packets":	5,
					"packets":	19354,
					"lost_percent":	0.025834452826289139,
					"omitted":	false,
					"sender":	false
				}],
			"sum":	{
				"start":	5.000165,
				"end":	6.000179,
				"seconds":	1.0000139474868774,
				"bytes":	26624224,
				"bits_per_second":	212990821.31331471,
				"jitter_ms":	0.0052124276461097746,
				"lost_packets":	5,
				"packets":	19354,
				"lost_percent":	0.025834452826289139,
				"omitted":	false,
				"sender":	false
			}
		}, {
			"streams":	[{
					"socket":	6,
					"start":	6.000179,
					"end":	7.000142,
					"seconds":	0.99996298551559448,
					"bytes":	25589472,
					"bits_per_second":	204723353.72938406,
					"jitter_ms":	0.01067238481141358,
					"lost_packets":	5,
					"packets":	18602,
					"lost_percent":	0.026878830233308247,
					"omitted":	false,
					"sender":	false
				}],
			"sum":	{
				"start":	6.000179,
				"end":	7.000142,
				"seconds":	0.99996298551559448,
				"bytes":	25589472,
				"bits_per_second":	204723353.72938406,
				"jitter_ms":	0.01067238481141358,
				"lost_packets":	5,
				"packets":	18602,
				"lost_percent":	0.026878830233308247,
				"omitted":	false,
				"sender":	false
			}
		}, {
			"streams":	[{
					"socket":	6,
					"start":	7.000142,
					"end":	8.001273,
					"seconds":	1.0011310577392578,
					"bytes":	22544384,
					"bits_per_second":	180151310.46605992,
					"jitter_ms":	0.0068686794951626053,
					"lost_packets":	5,
					"packets":	16389,
					"lost_percent":	0.03050826774055769,
					"omitted":	false,
					"sender":	false
				}],
			"sum":	{
				"start":	7.000142,
				"end":	8.001273,
				"seconds":	1.0011310577392578,
				"bytes":	22544384,
				"bits_per_second":	180151310.46605992,
				"jitter_ms":	0.0068686794951626053,
				"lost_packets":	5,
				"packets":	16389,
				"lost_percent":	0.03050826774055769,
				"omitted":	false,
				"sender":	false
			}
		}, {
			"streams":	[{
					"socket":	6,
					"start":	8.001273,
					"end":	9.00003,
					"seconds":	0.998757004737854,
					"bytes":	22635200,
					"bits_per_second":	181306963.69686928,
					"jitter_ms":	0.002335424983732366,
					"lost_packets":	5,
					"packets":	16455,
					"lost_percent":	0.030385900941962928,
					"omitted":	false,
					"sender":	false
				}],
			"sum":	{
				"start":	8.001273,
				"end":	9.00003,
				"seconds":	0.998757004737854,
				"bytes":	22635200,
				"bits_per_second":	181306963.69686928,
				"jitter_ms":	0.002335424983732366,
				"lost_packets":	5,
				"packets":	16455,
				"lost_percent":	0.030385900941962928,
				"omitted":	false,
				"sender":	false
			}
		}, {
			"streams":	[{
					"socket":	6,
					"start":	9.00003,
					"end":	10.000176,
					"seconds":	1.0001460313797,
					"bytes":	22991584,
					"bits_per_second":	183905815.97995764,
					"jitter_ms":	0.033305729624492242,
					"lost_packets":	1152,
					"packets":	17861,
					"lost_percent":	6.4498068417221877,
					"omitted":	false,
					"sender":	false
				}],
			"sum":	{
				"start":	9.00003,
				"end":	10.000176,
				"seconds":	1.0001460313797,
				"bytes":	22991584,
				"bits_per_second":	183905815.97995764,
				"jitter_ms":	0.033305729624492242,
				"lost_packets":	1152,
				"packets":	17861,
				"lost_percent":	6.4498068417221877,
				"omitted":	false,
				"sender":	false
			}
		}, {
			"streams":	[{
					"socket":	6,
					"start":	10.000176,
					"end":	11.000167,
					"seconds":	0.999990999698639,
					"bytes":	22760416,
					"bits_per_second":	182084966.81957471,
					"jitter_ms":	0.049220280517907583,
					"lost_packets":	1484,
					"packets":	18025,
					"lost_percent":	8.233009708737864,
					"omitted":	false,
					"sender":	false
				}],
			"sum":	{
				"start":	10.000176,
				"end":	11.000167,
				"seconds":	0.999990999698639,
				"bytes":	22760416,
				"bits_per_second":	182084966.81957471,
				"jitter_ms":	0.049220280517907583,
				"lost_packets":	1484,
				"packets":	18025,
				"lost_percent":	8.233009708737864,
				"omitted":	false,
				"sender":	false
			}
		}, {
			"streams":	[{
					"socket":	6,
					"start":	11.000167,
					"end":	12.000143,
					"seconds":	0.99997597932815552,
					"bytes":	23079648,
					"bits_per_second":	184641619.215744,
					"jitter_ms":	0.076056217006787,
					"lost_packets":	1469,
					"packets":	18242,
					"lost_percent":	8.05284508277601,
					"omitted":	false,
					"sender":	false
				}],
			"sum":	{
				"start":	11.000167,
				"end":	12.000143,
				"seconds":	0.99997597932815552,
				"bytes":	23079648,
				"bits_per_second":	184641619.215744,
				"jitter_ms":	0.076056217006787,
				"lost_packets":	1469,
				"packets":	18242,
				"lost_percent":	8.05284508277601,
				"omitted":	false,
				"sender":	false
			}
		}, {
			"streams":	[{
					"socket":	6,
					"start":	12.000143,
					"end":	13.000045,
					"seconds":	0.99990200996398926,
					"bytes":	22476960,
					"bits_per_second":	179833301.87172633,
					"jitter_ms":	0.015935751567689345,
					"lost_packets":	2086,
					"packets":	18421,
					"lost_percent":	11.324032354378156,
					"omitted":	false,
					"sender":	false
				}],
			"sum":	{
				"start":	12.000143,
				"end":	13.000045,
				"seconds":	0.99990200996398926,
				"bytes":	22476960,
				"bits_per_second":	179833301.87172633,
				"jitter_ms":	0.015935751567689345,
				"lost_packets":	2086,
				"packets":	18421,
				"lost_percent":	11.324032354378156,
				"omitted":	false,
				"sender":	false
			}
		}, {
			"streams":	[{
					"socket":	6,
					"start":	13.000045,
					"end":	14.000142,
					"seconds":	1.0000970363616943,
					"bytes":	23032864,
					"bits_per_second":	184245033.53228578,
					"jitter_ms":	0.032229531911323439,
					"lost_packets":	1893,
					"packets":	18632,
					"lost_percent":	10.159939888364105,
					"omitted":	false,
					"sender":	false
				}],
			"sum":	{
				"start":	13.000045,
				"end":	14.000142,
				"seconds":	1.0000970363616943,
				"bytes":	23032864,
				"bits_per_second":	184245033.53228578,
				"jitter_ms":	0.032229531911323439,
				"lost_packets":	1893,
				"packets":	18632,
				"lost_percent":	10.159939888364105,
				"omitted":	false,
				"sender":	false
			}
		}, {
			"streams":	[{
					"socket":	6,
					"start":	14.000142,
					"end":	15.000036,
					"seconds":	0.99989402294158936,
					"bytes":	25006048,
					"bits_per_second":	200069586.786285,
					"jitter_ms":	0.018319422846932814,
					"lost_packets":	455,
					"packets":	18628,
					"lost_percent":	2.4425595877174144,
					"omitted":	false,
					"sender":	false
				}],
			"sum":	{
				"start":	14.000142,
				"end":	15.000036,
				"seconds":	0.99989402294158936,
				"bytes":	25006048,
				"bits_per_second":	200069586.786285,
				"jitter_ms":	0.018319422846932814,
				"lost_packets":	455,
				"packets":	18628,
				"lost_percent":	2.4425595877174144,
				"omitted":	false,
				"sender":	false
			}
		}, {
			"streams":	[{
					"socket":	6,
					"start":	15.000036,
					"end":	16.000029,
					"seconds":	0.99999302625656128,
					"bytes":	25852288,
					"bits_per_second":	206819746.30784881,
					"jitter_ms":	0.011059481866857795,
					"lost_packets":	5,
					"packets":	18793,
					"lost_percent":	0.026605651040280957,
					"omitted":	false,
					"sender":	false
				}],
			"sum":	{
				"start":	15.000036,
				"end":	16.000029,
				"seconds":	0.99999302625656128,
				"bytes":	25852288,
				"bits_per_second":	206819746.30784881,
				"jitter_ms":	0.011059481866857795,
				"lost_packets":	5,
				"packets":	18793,
				"lost_percent":	0.026605651040280957,
				"omitted":	false,
				"sender":	false
			}
		}, {
			"streams":	[{
					"socket":	6,
					"start":	16.000029,
					"end":	17.000141,
					"seconds":	1.0001120567321777,
					"bytes":	23522720,
					"bits_per_second":	188160675.32959822,
					"jitter_ms":	0.0061488870334772874,
					"lost_packets":	76,
					"packets":	17171,
					"lost_percent":	0.44260672063362644,
					"omitted":	false,
					"sender":	false
				}],
			"sum":	{
				"start":	16.000029,
				"end":	17.000141,
				"seconds":	1.0001120567321777,
				"bytes":	23522720,
				"bits_per_second":	188160675.32959822,
				"jitter_ms":	0.0061488870334772874,
				"lost_packets":	76,
				"packets":	17171,
				"lost_percent":	0.44260672063362644,
				"omitted":	false,
				"sender":	false
			}
		}, {
			"streams":	[{
					"socket":	6,
					"start":	17.000141,
					"end":	18.000165,
					"seconds":	1.0000239610672,
					"bytes":	25223456,
					"bits_per_second":	201782813.06845632,
					"jitter_ms":	0.013504989682813584,
					"lost_packets":	353,
					"packets":	18684,
					"lost_percent":	1.8893170627274674,
					"omitted":	false,
					"sender":	false
				}],
			"sum":	{
				"start":	17.000141,
				"end":	18.000165,
				"seconds":	1.0000239610672,
				"bytes":	25223456,
				"bits_per_second":	201782813.06845632,
				"jitter_ms":	0.013504989682813584,
				"lost_packets":	353,
				"packets":	18684,
				"lost_percent":	1.8893170627274674,
				"omitted":	false,
				"sender":	false
			}
		}, {
			"streams":	[{
					"socket":	6,
					"start":	18.000165,
					"end":	19.000037,
					"seconds":	0.99987202882766724,
					"bytes":	23683712,
					"bits_per_second":	189493945.76238918,
					"jitter_ms":	0.31453119749529984,
					"lost_packets":	5,
					"packets":	17217,
					"lost_percent":	0.029041064064587327,
					"omitted":	false,
					"sender":	false
				}],
			"sum":	{
				"start":	18.000165,
				"end":	19.000037,
				"seconds":	0.99987202882766724,
				"bytes":	23683712,
				"bits_per_second":	189493945.76238918,
				"jitter_ms":	0.31453119749529984,
				"lost_packets":	5,
				"packets":	17217,
				"lost_percent":	0.029041064064587327,
				"omitted":	false,
				"sender":	false
			}
		}, {
			"streams":	[{
					"socket":	6,
					"start":	19.000037,
					"end":	20.000132,
					"seconds":	1.000095009803772,
					"bytes":	24935872,
					"bits_per_second":	199468024.58212566,
					"jitter_ms":	0.0524458821959634,
					"lost_packets":	351,
					"packets":	18473,
					"lost_percent":	1.9000703729767769,
					"omitted":	false,
					"sender":	false
				}],
			"sum":	{
				"start":	19.000037,
				"end":	20.000132,
				"seconds":	1.000095009803772,
				"bytes":	24935872,
				"bits_per_second":	199468024.58212566,
				"jitter_ms":	0.0524458821959634,
				"lost_packets":	351,
				"packets":	18473,
				"lost_percent":	1.9000703729767769,
				"omitted":	false,
				"sender":	false
			}
		}, {
			"streams":	[{
					"socket":	6,
					"start":	20.000132,
					"end":	21.000042,
					"seconds":	0.999909996986389,
					"bytes":	24997792,
					"bits_per_second":	200000336.63302016,
					"jitter_ms":	0.3546590868953759,
					"lost_packets":	5,
					"packets":	18172,
					"lost_percent":	0.0275148580233326,
					"omitted":	false,
					"sender":	false
				}],
			"sum":	{
				"start":	20.000132,
				"end":	21.000042,
				"seconds":	0.999909996986389,
				"bytes":	24997792,
				"bits_per_second":	200000336.63302016,
				"jitter_ms":	0.3546590868953759,
				"lost_packets":	5,
				"packets":	18172,
				"lost_percent":	0.0275148580233326,
				"omitted":	false,
				"sender":	false
			}
		}, {
			"streams":	[{
					"socket":	6,
					"start":	21.000042,
					"end":	22.000163,
					"seconds":	1.000120997428894,
					"bytes":	21561920,
					"bits_per_second":	172474491.03003556,
					"jitter_ms":	0.0384208696937236,
					"lost_packets":	1207,
					"packets":	16877,
					"lost_percent":	7.1517449783729337,
					"omitted":	false,
					"sender":	false
				}],
			"sum":	{
				"start":	21.000042,
				"end":	22.000163,
				"seconds":	1.000120997428894,
				"bytes":	21561920,
				"bits_per_second":	172474491.03003556,
				"jitter_ms":	0.0384208696937236,
				"lost_packets":	1207,
				"packets":	16877,
				"lost_percent":	7.1517449783729337,
				"omitted":	false,
				"sender":	false
			}
		}, {
			"streams":	[{
					"socket":	6,
					"start":	22.000163,
					"end":	23.00013,
					"seconds":	0.99996697902679443,
					"bytes":	21352768,
					"bits_per_second":	170827784.89970794,
					"jitter_ms":	0.0050304600788051027,
					"lost_packets":	3131,
					"packets":	18649,
					"lost_percent":	16.7891039734034,
					"omitted":	false,
					"sender":	false
				}],
			"sum":	{
				"start":	22.000163,
				"end":	23.00013,
				"seconds":	0.99996697902679443,
				"bytes":	21352768,
				"bits_per_second":	170827784.89970794,
				"jitter_ms":	0.0050304600788051027,
				"lost_packets":	3131,
				"packets":	18649,
				"lost_percent":	16.7891039734034,
				"omitted":	false,
				"sender":	false
			}
		}, {
			"streams":	[{
					"socket":	6,
					"start":	23.00013,
					"end":	24.000167,
					"seconds":	1.0000369548797607,
					"bytes":	23901120,
					"bits_per_second":	191201894.15699139,
					"jitter_ms":	0.01731323544334204,
					"lost_packets":	1402,
					"packets":	18772,
					"lost_percent":	7.4685702109524827,
					"omitted":	false,
					"sender":	false
				}],
			"sum":	{
				"start":	23.00013,
				"end":	24.000167,
				"seconds":	1.0000369548797607,
				"bytes":	23901120,
				"bits_per_second":	191201894.15699139,
				"jitter_ms":	0.01731323544334204,
				"lost_packets":	1402,
				"packets":	18772,
				"lost_percent":	7.4685702109524827,
				"omitted":	false,
				"sender":	false
			}
		}, {
			"streams":	[{
					"socket":	6,
					"start":	24.000167,
					"end":	25.000336,
					"seconds":	1.000169038772583,
					"bytes":	25871552,
					"bits_per_second":	206937435.54989317,
					"jitter_ms":	0.058709831447342181,
					"lost_packets":	125,
					"packets":	18927,
					"lost_percent":	0.660432186823057,
					"omitted":	false,
					"sender":	false
				}],
			"sum":	{
				"start":	24.000167,
				"end":	25.000336,
				"seconds":	1.000169038772583,
				"bytes":	25871552,
				"bits_per_second":	206937435.54989317,
				"jitter_ms":	0.058709831447342181,
				"lost_packets":	125,
				"packets":	18927,
				"lost_percent":	0.660432186823057,
				"omitted":	false,
				"sender":	false
			}
		}, {
			"streams":	[{
					"socket":	6,
					"start":	25.000336,
					"end":	26.000226,
					"seconds":	0.9998900294303894,
					"bytes":	26643488,
					"bits_per_second":	213171346.57440746,
					"jitter_ms":	0.012217895293217573,
					"lost_packets":	5,
					"packets":	19368,
					"lost_percent":	0.025815778603882691,
					"omitted":	false,
					"sender":	false
				}],
			"sum":	{
				"start":	25.000336,
				"end":	26.000226,
				"seconds":	0.9998900294303894,
				"bytes":	26643488,
				"bits_per_second":	213171346.57440746,
				"jitter_ms":	0.012217895293217573,
				"lost_packets":	5,
				"packets":	19368,
				"lost_percent":	0.025815778603882691,
				"omitted":	false,
				"sender":	false
			}
		}, {
			"streams":	[{
					"socket":	6,
					"start":	26.000226,
					"end":	27.000035,
					"seconds":	0.99980902671813965,
					"bytes":	21318368,
					"bits_per_second":	170579520.13077754,
					"jitter_ms":	0.023285487761504579,
					"lost_packets":	188,
					"packets":	15681,
					"lost_percent":	1.1989031311778586,
					"omitted":	false,
					"sender":	false
				}],
			"sum":	{
				"start":	26.000226,
				"end":	27.000035,
				"seconds":	0.99980902671813965,
				"bytes":	21318368,
				"bits_per_second":	170579520.13077754,
				"jitter_ms":	0.023285487761504579,
				"lost_packets":	188,
				"packets":	15681,
				"lost_percent":	1.1989031311778586,
				"omitted":	false,
				"sender":	false
			}
		}, {
			"streams":	[{
					"socket":	6,
					"start":	27.000035,
					"end":	28.000165,
					"seconds":	1.0001300573349,
					"bytes":	22278816,
					"bits_per_second":	178207350.82689187,
					"jitter_ms":	0.011865498842932826,
					"lost_packets":	2540,
					"packets":	18731,
					"lost_percent":	13.560407879985052,
					"omitted":	false,
					"sender":	false
				}],
			"sum":	{
				"start":	27.000035,
				"end":	28.000165,
				"seconds":	1.0001300573349,
				"bytes":	22278816,
				"bits_per_second":	178207350.82689187,
				"jitter_ms":	0.011865498842932826,
				"lost_packets":	2540,
				"packets":	18731,
				"lost_percent":	13.560407879985052,
				"omitted":	false,
				"sender":	false
			}
		}, {
			"streams":	[{
					"socket":	6,
					"start":	28.000165,
					"end":	29.002028,
					"seconds":	1.0018630027770996,
					"bytes":	23598400,
					"bits_per_second":	188436142.94239238,
					"jitter_ms":	0.279262626433205,
					"lost_packets":	573,
					"packets":	17723,
					"lost_percent":	3.2330869491621059,
					"omitted":	false,
					"sender":	false
				}],
			"sum":	{
				"start":	28.000165,
				"end":	29.002028,
				"seconds":	1.0018630027770996,
				"bytes":	23598400,
				"bits_per_second":	188436142.94239238,
				"jitter_ms":	0.279262626433205,
				"lost_packets":	573,
				"packets":	17723,
				"lost_percent":	3.2330869491621059,
				"omitted":	false,
				"sender":	false
			}
		}, {
			"streams":	[{
					"socket":	6,
					"start":	29.002028,
					"end":	30.000264,
					"seconds":	0.99823600053787231,
					"bytes":	24107520,
					"bits_per_second":	193200966.40081358,
					"jitter_ms":	0.0083259799182508927,
					"lost_packets":	823,
					"packets":	18343,
					"lost_percent":	4.48672518126806,
					"omitted":	false,
					"sender":	false
				}],
			"sum":	{
				"start":	29.002028,
				"end":	30.000264,
				"seconds":	0.99823600053787231,
				"bytes":	24107520,
				"bits_per_second":	193200966.40081358,
				"jitter_ms":	0.0083259799182508927,
				"lost_packets":	823,
				"packets":	18343,
				"lost_percent":	4.48672518126806,
				"omitted":	false,
				"sender":	false
			}
		}],
	"end":	{
		"streams":	[{
				"udp":	{
					"socket":	6,
					"start":	0,
					"end":	30.000264,
					"seconds":	30.000264,
					"bytes":	750500672,
					"bits_per_second":	200131751.37392125,
					"jitter_ms":	0.0083259799182508927,
					"lost_packets":	30107,
					"packets":	535552,
					"lost_percent":	5.6216763264818352,
					"out_of_order":	169,
					"sender":	false
				}
			}],
		"sum":	{
			"start":	0,
			"end":	30.000264,
			"seconds":	30.000264,
			"bytes":	750500672,
			"bits_per_second":	200131751.37392125,
			"jitter_ms":	0.0083259799182508927,
			"lost_packets":	30107,
			"packets":	535552,
			"lost_percent":	5.6216763264818352,
			"sender":	false
		},
		"cpu_utilization_percent":	{
			"host_total":	26.753903960297286,
			"host_user":	3.1751828038932182,
			"host_system":	23.578750909238348,
			"remote_total":	6.217488,
			"remote_user":	0.990577,
			"remote_system":	5.226914
		}
	}
}
