{
	"start":	{
		"connected":	[{
				"socket":	6,
				"local_host":	"100.68.33.194",
				"local_port":	58517,
				"remote_host":	"138.68.49.206",
				"remote_port":	5257
			}],
		"version":	"iperf 3.9",
		"system_info":	"Linux localhost 5.10.81-android12-9-24854392-abS901U1UEU2AVHF #1 SMP PREEMPT Tue Aug 16 04:54:26 UTC 2022 aarch64",
		"timestamp":	{
			"time":	"Tue, 14 Feb 2023 06:10:16 GMT",
			"timesecs":	1676355016
		},
		"connecting_to":	{
			"host":	"138.68.49.206",
			"port":	5257
		},
		"cookie":	"ih56exehe6qahra7cytjgnqx7yghtpmikcgx",
		"sock_bufsize":	16777216,
		"sndbuf_actual":	16777216,
		"rcvbuf_actual":	33554432,
		"test_start":	{
			"protocol":	"UDP",
			"num_streams":	1,
			"blksize":	1376,
			"omit":	0,
			"duration":	30,
			"bytes":	0,
			"blocks":	0,
			"reverse":	1,
			"tos":	0
		}
	},
	"intervals":	[{
			"streams":	[{
					"socket":	6,
					"start":	0,
					"end":	1.00048,
					"seconds":	1.000480055809021,
					"bytes":	10767200,
					"bits_per_second":	86096268.985938266,
					"jitter_ms":	0.91899477977378563,
					"lost_packets":	3,
					"packets":	7828,
					"lost_percent":	0.038323965252938172,
					"omitted":	false,
					"sender":	false
				}],
			"sum":	{
				"start":	0,
				"end":	1.00048,
				"seconds":	1.000480055809021,
				"bytes":	10767200,
				"bits_per_second":	86096268.985938266,
				"jitter_ms":	0.91899477977378563,
				"lost_packets":	3,
				"packets":	7828,
				"lost_percent":	0.038323965252938172,
				"omitted":	false,
				"sender":	false
			}
		}, {
			"streams":	[{
					"socket":	6,
					"start":	1.00048,
					"end":	2.000208,
					"seconds":	0.99972802400589,
					"bytes":	8723840,
					"bits_per_second":	69809706.564341366,
					"jitter_ms":	3.2043544334519947,
					"lost_packets":	8941,
					"packets":	15281,
					"lost_percent":	58.5105686800602,
					"omitted":	false,
					"sender":	false
				}],
			"sum":	{
				"start":	1.00048,
				"end":	2.000208,
				"seconds":	0.99972802400589,
				"bytes":	8723840,
				"bits_per_second":	69809706.564341366,
				"jitter_ms":	3.2043544334519947,
				"lost_packets":	8941,
				"packets":	15281,
				"lost_percent":	58.5105686800602,
				"omitted":	false,
				"sender":	false
			}
		}, {
			"streams":	[{
					"socket":	6,
					"start":	2.000208,
					"end":	3.000022,
					"seconds":	0.999813973903656,
					"bytes":	18051744,
					"bits_per_second":	144440821.76222515,
					"jitter_ms":	0.0039003908765487742,
					"lost_packets":	183071,
					"packets":	196190,
					"lost_percent":	93.313114837657366,
					"omitted":	false,
					"sender":	false
				}],
			"sum":	{
				"start":	2.000208,
				"end":	3.000022,
				"seconds":	0.999813973903656,
				"bytes":	18051744,
				"bits_per_second":	144440821.76222515,
				"jitter_ms":	0.0039003908765487742,
				"lost_packets":	183071,
				"packets":	196190,
				"lost_percent":	93.313114837657366,
				"omitted":	false,
				"sender":	false
			}
		}, {
			"streams":	[{
					"socket":	6,
					"start":	3.000022,
					"end":	4.000363,
					"seconds":	1.0003410577774048,
					"bytes":	17761408,
					"bits_per_second":	142042819.19179013,
					"jitter_ms":	0.34598566784561052,
					"lost_packets":	80844,
					"packets":	93752,
					"lost_percent":	86.2317603891117,
					"omitted":	false,
					"sender":	false
				}],
			"sum":	{
				"start":	3.000022,
				"end":	4.000363,
				"seconds":	1.0003410577774048,
				"bytes":	17761408,
				"bits_per_second":	142042819.19179013,
				"jitter_ms":	0.34598566784561052,
				"lost_packets":	80844,
				"packets":	93752,
				"lost_percent":	86.2317603891117,
				"omitted":	false,
				"sender":	false
			}
		}, {
			"streams":	[{
					"socket":	6,
					"start":	4.000363,
					"end":	5.000202,
					"seconds":	0.99983900785446167,
					"bytes":	18035232,
					"bits_per_second":	144305087.98572692,
					"jitter_ms":	0.053148247800791228,
					"lost_packets":	72209,
					"packets":	85316,
					"lost_percent":	84.637113788738333,
					"omitted":	false,
					"sender":	false
				}],
			"sum":	{
				"start":	4.000363,
				"end":	5.000202,
				"seconds":	0.99983900785446167,
				"bytes":	18035232,
				"bits_per_second":	144305087.98572692,
				"jitter_ms":	0.053148247800791228,
				"lost_packets":	72209,
				"packets":	85316,
				"lost_percent":	84.637113788738333,
				"omitted":	false,
				"sender":	false
			}
		}, {
			"streams":	[{
					"socket":	6,
					"start":	5.000202,
					"end":	6.000484,
					"seconds":	1.0002820491790771,
					"bytes":	10410816,
					"bits_per_second":	83263043.726869375,
					"jitter_ms":	0.010694385962146905,
					"lost_packets":	51670,
					"packets":	59236,
					"lost_percent":	87.227361739482745,
					"omitted":	false,
					"sender":	false
				}],
			"sum":	{
				"start":	5.000202,
				"end":	6.000484,
				"seconds":	1.0002820491790771,
				"bytes":	10410816,
				"bits_per_second":	83263043.726869375,
				"jitter_ms":	0.010694385962146905,
				"lost_packets":	51670,
				"packets":	59236,
				"lost_percent":	87.227361739482745,
				"omitted":	false,
				"sender":	false
			}
		}, {
			"streams":	[{
					"socket":	6,
					"start":	6.000484,
					"end":	7.000168,
					"seconds":	0.999683976173401,
					"bytes":	22310464,
					"bits_per_second":	178540134.9366442,
					"jitter_ms":	0.00628088680138604,
					"lost_packets":	110909,
					"packets":	127123,
					"lost_percent":	87.2454237234804,
					"omitted":	false,
					"sender":	false
				}],
			"sum":	{
				"start":	6.000484,
				"end":	7.000168,
				"seconds":	0.999683976173401,
				"bytes":	22310464,
				"bits_per_second":	178540134.9366442,
				"jitter_ms":	0.00628088680138604,
				"lost_packets":	110909,
				"packets":	127123,
				"lost_percent":	87.2454237234804,
				"omitted":	false,
				"sender":	false
			}
		}, {
			"streams":	[{
					"socket":	6,
					"start":	7.000168,
					"end":	8.000265,
					"seconds":	1.0000970363616943,
					"bytes":	14141152,
					"bits_per_second":	113118239.41760565,
					"jitter_ms":	0.362002184390635,
					"lost_packets":	73568,
					"packets":	83845,
					"lost_percent":	87.742858846681372,
					"omitted":	false,
					"sender":	false
				}],
			"sum":	{
				"start":	7.000168,
				"end":	8.000265,
				"seconds":	1.0000970363616943,
				"bytes":	14141152,
				"bits_per_second":	113118239.41760565,
				"jitter_ms":	0.362002184390635,
				"lost_packets":	73568,
				"packets":	83845,
				"lost_percent":	87.742858846681372,
				"omitted":	false,
				"sender":	false
			}
		}, {
			"streams":	[{
					"socket":	6,
					"start":	8.000265,
					"end":	9.000021,
					"seconds":	0.99975597858428955,
					"bytes":	16679872,
					"bits_per_second":	133471545.91559139,
					"jitter_ms":	0.0664039099686132,
					"lost_packets":	82534,
					"packets":	94656,
					"lost_percent":	87.1936274509804,
					"omitted":	false,
					"sender":	false
				}],
			"sum":	{
				"start":	8.000265,
				"end":	9.000021,
				"seconds":	0.99975597858428955,
				"bytes":	16679872,
				"bits_per_second":	133471545.91559139,
				"jitter_ms":	0.0664039099686132,
				"lost_packets":	82534,
				"packets":	94656,
				"lost_percent":	87.1936274509804,
				"omitted":	false,
				"sender":	false
			}
		}, {
			"streams":	[{
					"socket":	6,
					"start":	9.000021,
					"end":	10.000205,
					"seconds":	1.0001840591430664,
					"bytes":	20320768,
					"bits_per_second":	162536227.72120839,
					"jitter_ms":	0.012552969145417975,
					"lost_packets":	81405,
					"packets":	96173,
					"lost_percent":	84.644338847701533,
					"omitted":	false,
					"sender":	false
				}],
			"sum":	{
				"start":	9.000021,
				"end":	10.000205,
				"seconds":	1.0001840591430664,
				"bytes":	20320768,
				"bits_per_second":	162536227.72120839,
				"jitter_ms":	0.012552969145417975,
				"lost_packets":	81405,
				"packets":	96173,
				"lost_percent":	84.644338847701533,
				"omitted":	false,
				"sender":	false
			}
		}, {
			"streams":	[{
					"socket":	6,
					"start":	10.000205,
					"end":	11.001799,
					"seconds":	1.0015939474105835,
					"bytes":	20341408,
					"bits_per_second":	162472291.71133515,
					"jitter_ms":	0.43845265071330991,
					"lost_packets":	71226,
					"packets":	86009,
					"lost_percent":	82.8122638328547,
					"omitted":	false,
					"sender":	false
				}],
			"sum":	{
				"start":	10.000205,
				"end":	11.001799,
				"seconds":	1.0015939474105835,
				"bytes":	20341408,
				"bits_per_second":	162472291.71133515,
				"jitter_ms":	0.43845265071330991,
				"lost_packets":	71226,
				"packets":	86009,
				"lost_percent":	82.8122638328547,
				"omitted":	false,
				"sender":	false
			}
		}, {
			"streams":	[{
					"socket":	6,
					"start":	11.001799,
					"end":	12.000199,
					"seconds":	0.99839997291564941,
					"bytes":	21128480,
					"bits_per_second":	169298722.5414122,
					"jitter_ms":	0.026074565484877823,
					"lost_packets":	79980,
					"packets":	95335,
					"lost_percent":	83.893638223108,
					"omitted":	false,
					"sender":	false
				}],
			"sum":	{
				"start":	11.001799,
				"end":	12.000199,
				"seconds":	0.99839997291564941,
				"bytes":	21128480,
				"bits_per_second":	169298722.5414122,
				"jitter_ms":	0.026074565484877823,
				"lost_packets":	79980,
				"packets":	95335,
				"lost_percent":	83.893638223108,
				"omitted":	false,
				"sender":	false
			}
		}, {
			"streams":	[{
					"socket":	6,
					"start":	12.000199,
					"end":	13.00003,
					"seconds":	0.99983102083206177,
					"bytes":	19258496,
					"bits_per_second":	154094006.67703256,
					"jitter_ms":	0.0034848253499507658,
					"lost_packets":	65725,
					"packets":	79721,
					"lost_percent":	82.443772657141778,
					"omitted":	false,
					"sender":	false
				}],
			"sum":	{
				"start":	12.000199,
				"end":	13.00003,
				"seconds":	0.99983102083206177,
				"bytes":	19258496,
				"bits_per_second":	154094006.67703256,
				"jitter_ms":	0.0034848253499507658,
				"lost_packets":	65725,
				"packets":	79721,
				"lost_percent":	82.443772657141778,
				"omitted":	false,
				"sender":	false
			}
		}, {
			"streams":	[{
					"socket":	6,
					"start":	13.00003,
					"end":	14.000235,
					"seconds":	1.0002050399780273,
					"bytes":	17396768,
					"bits_per_second":	139145613.58644763,
					"jitter_ms":	0.016061853375313389,
					"lost_packets":	85474,
					"packets":	98117,
					"lost_percent":	87.114363464027647,
					"omitted":	false,
					"sender":	false
				}],
			"sum":	{
				"start":	13.00003,
				"end":	14.000235,
				"seconds":	1.0002050399780273,
				"bytes":	17396768,
				"bits_per_second":	139145613.58644763,
				"jitter_ms":	0.016061853375313389,
				"lost_packets":	85474,
				"packets":	98117,
				"lost_percent":	87.114363464027647,
				"omitted":	false,
				"sender":	false
			}
		}, {
			"streams":	[{
					"socket":	6,
					"start":	14.000235,
					"end":	15.000241,
					"seconds":	1.0000059604644775,
					"bytes":	12450048,
					"bits_per_second":	99599790.3389877,
					"jitter_ms":	0.043557359373961574,
					"lost_packets":	70056,
					"packets":	79104,
					"lost_percent":	88.5618932038835,
					"omitted":	false,
					"sender":	false
				}],
			"sum":	{
				"start":	14.000235,
				"end":	15.000241,
				"seconds":	1.0000059604644775,
				"bytes":	12450048,
				"bits_per_second":	99599790.3389877,
				"jitter_ms":	0.043557359373961574,
				"lost_packets":	70056,
				"packets":	79104,
				"lost_percent":	88.5618932038835,
				"omitted":	false,
				"sender":	false
			}
		}, {
			"streams":	[{
					"socket":	6,
					"start":	15.000241,
					"end":	16.000177,
					"seconds":	0.99993598461151123,
					"bytes":	18540224,
					"bits_per_second":	148331287.4849934,
					"jitter_ms":	0.071402657607420553,
					"lost_packets":	92474,
					"packets":	105948,
					"lost_percent":	87.2824404424812,
					"omitted":	false,
					"sender":	false
				}],
			"sum":	{
				"start":	15.000241,
				"end":	16.000177,
				"seconds":	0.99993598461151123,
				"bytes":	18540224,
				"bits_per_second":	148331287.4849934,
				"jitter_ms":	0.071402657607420553,
				"lost_packets":	92474,
				"packets":	105948,
				"lost_percent":	87.2824404424812,
				"omitted":	false,
				"sender":	false
			}
		}, {
			"streams":	[{
					"socket":	6,
					"start":	16.000177,
					"end":	17.000157,
					"seconds":	0.99997997283935547,
					"bytes":	18383360,
					"bits_per_second":	147069825.39101908,
					"jitter_ms":	0.05589766842006362,
					"lost_packets":	70011,
					"packets":	83371,
					"lost_percent":	83.9752431900781,
					"omitted":	false,
					"sender":	false
				}],
			"sum":	{
				"start":	16.000177,
				"end":	17.000157,
				"seconds":	0.99997997283935547,
				"bytes":	18383360,
				"bits_per_second":	147069825.39101908,
				"jitter_ms":	0.05589766842006362,
				"lost_packets":	70011,
				"packets":	83371,
				"lost_percent":	83.9752431900781,
				"omitted":	false,
				"sender":	false
			}
		}, {
			"streams":	[{
					"socket":	6,
					"start":	17.000157,
					"end":	18.000167,
					"seconds":	1.0000100135803223,
					"bytes":	16766560,
					"bits_per_second":	134131136.86708726,
					"jitter_ms":	0.014129083051110389,
					"lost_packets":	84455,
					"packets":	96640,
					"lost_percent":	87.391349337748338,
					"omitted":	false,
					"sender":	false
				}],
			"sum":	{
				"start":	17.000157,
				"end":	18.000167,
				"seconds":	1.0000100135803223,
				"bytes":	16766560,
				"bits_per_second":	134131136.86708726,
				"jitter_ms":	0.014129083051110389,
				"lost_packets":	84455,
				"packets":	96640,
				"lost_percent":	87.391349337748338,
				"omitted":	false,
				"sender":	false
			}
		}, {
			"streams":	[{
					"socket":	6,
					"start":	18.000167,
					"end":	19.00013,
					"seconds":	0.99996298551559448,
					"bytes":	20334528,
					"bits_per_second":	162682245.59944281,
					"jitter_ms":	0.014958451208507847,
					"lost_packets":	80624,
					"packets":	95402,
					"lost_percent":	84.50975870526824,
					"omitted":	false,
					"sender":	false
				}],
			"sum":	{
				"start":	18.000167,
				"end":	19.00013,
				"seconds":	0.99996298551559448,
				"bytes":	20334528,
				"bits_per_second":	162682245.59944281,
				"jitter_ms":	0.014958451208507847,
				"lost_packets":	80624,
				"packets":	95402,
				"lost_percent":	84.50975870526824,
				"omitted":	false,
				"sender":	false
			}
		}, {
			"streams":	[{
					"socket":	6,
					"start":	19.00013,
					"end":	20.000145,
					"seconds":	1.0000150203704834,
					"bytes":	21157376,
					"bits_per_second":	169256465.70517841,
					"jitter_ms":	0.010871025608387392,
					"lost_packets":	71098,
					"packets":	86474,
					"lost_percent":	82.21893285843143,
					"omitted":	false,
					"sender":	false
				}],
			"sum":	{
				"start":	19.00013,
				"end":	20.000145,
				"seconds":	1.0000150203704834,
				"bytes":	21157376,
				"bits_per_second":	169256465.70517841,
				"jitter_ms":	0.010871025608387392,
				"lost_packets":	71098,
				"packets":	86474,
				"lost_percent":	82.21893285843143,
				"omitted":	false,
				"sender":	false
			}
		}, {
			"streams":	[{
					"socket":	6,
					"start":	20.000145,
					"end":	21.000123,
					"seconds":	0.999978005886078,
					"bytes":	21871520,
					"bits_per_second":	174976008.44226331,
					"jitter_ms":	0.00279428083965438,
					"lost_packets":	77875,
					"packets":	93770,
					"lost_percent":	83.048949557427747,
					"omitted":	false,
					"sender":	false
				}],
			"sum":	{
				"start":	20.000145,
				"end":	21.000123,
				"seconds":	0.999978005886078,
				"bytes":	21871520,
				"bits_per_second":	174976008.44226331,
				"jitter_ms":	0.00279428083965438,
				"lost_packets":	77875,
				"packets":	93770,
				"lost_percent":	83.048949557427747,
				"omitted":	false,
				"sender":	false
			}
		}, {
			"streams":	[{
					"socket":	6,
					"start":	21.000123,
					"end":	22.00002,
					"seconds":	0.999897003173828,
					"bytes":	16950944,
					"bits_per_second":	135621520.586181,
					"jitter_ms":	0.027470281167765963,
					"lost_packets":	79712,
					"packets":	92031,
					"lost_percent":	86.61429300996403,
					"omitted":	false,
					"sender":	false
				}],
			"sum":	{
				"start":	21.000123,
				"end":	22.00002,
				"seconds":	0.999897003173828,
				"bytes":	16950944,
				"bits_per_second":	135621520.586181,
				"jitter_ms":	0.027470281167765963,
				"lost_packets":	79712,
				"packets":	92031,
				"lost_percent":	86.61429300996403,
				"omitted":	false,
				"sender":	false
			}
		}, {
			"streams":	[{
					"socket":	6,
					"start":	22.00002,
					"end":	23.002982,
					"seconds":	1.0029619932174683,
					"bytes":	5852128,
					"bits_per_second":	46678761.824077263,
					"jitter_ms":	31.215468710490025,
					"lost_packets":	20750,
					"packets":	25003,
					"lost_percent":	82.9900411950566,
					"omitted":	false,
					"sender":	false
				}],
			"sum":	{
				"start":	22.00002,
				"end":	23.002982,
				"seconds":	1.0029619932174683,
				"bytes":	5852128,
				"bits_per_second":	46678761.824077263,
				"jitter_ms":	31.215468710490025,
				"lost_packets":	20750,
				"packets":	25003,
				"lost_percent":	82.9900411950566,
				"omitted":	false,
				"sender":	false
			}
		}, {
			"streams":	[{
					"socket":	6,
					"start":	23.002982,
					"end":	24.000083,
					"seconds":	0.99710100889205933,
					"bytes":	24726720,
					"bits_per_second":	198388887.6211279,
					"jitter_ms":	0.00890765347559259,
					"lost_packets":	125440,
					"packets":	143410,
					"lost_percent":	87.469493061850642,
					"omitted":	false,
					"sender":	false
				}],
			"sum":	{
				"start":	23.002982,
				"end":	24.000083,
				"seconds":	0.99710100889205933,
				"bytes":	24726720,
				"bits_per_second":	198388887.6211279,
				"jitter_ms":	0.00890765347559259,
				"lost_packets":	125440,
				"packets":	143410,
				"lost_percent":	87.469493061850642,
				"omitted":	false,
				"sender":	false
			}
		}, {
			"streams":	[{
					"socket":	6,
					"start":	24.000083,
					"end":	25.000131,
					"seconds":	1.000048041343689,
					"bytes":	16776192,
					"bits_per_second":	134203088.70329149,
					"jitter_ms":	0.0064401416112993123,
					"lost_packets":	86589,
					"packets":	98781,
					"lost_percent":	87.6575454793938,
					"omitted":	false,
					"sender":	false
				}],
			"sum":	{
				"start":	24.000083,
				"end":	25.000131,
				"seconds":	1.000048041343689,
				"bytes":	16776192,
				"bits_per_second":	134203088.70329149,
				"jitter_ms":	0.0064401416112993123,
				"lost_packets":	86589,
				"packets":	98781,
				"lost_percent":	87.6575454793938,
				"omitted":	false,
				"sender":	false
			}
		}, {
			"streams":	[{
					"socket":	6,
					"start":	25.000131,
					"end":	26.000225,
					"seconds":	1.0000940561294556,
					"bytes":	19283264,
					"bits_per_second":	154251603.6911945,
					"jitter_ms":	0.34059704998653112,
					"lost_packets":	76904,
					"packets":	90918,
					"lost_percent":	84.586110561165,
					"omitted":	false,
					"sender":	false
				}],
			"sum":	{
				"start":	25.000131,
				"end":	26.000225,
				"seconds":	1.0000940561294556,
				"bytes":	19283264,
				"bits_per_second":	154251603.6911945,
				"jitter_ms":	0.34059704998653112,
				"lost_packets":	76904,
				"packets":	90918,
				"lost_percent":	84.586110561165,
				"omitted":	false,
				"sender":	false
			}
		}, {
			"streams":	[{
					"socket":	6,
					"start":	26.000225,
					"end":	27.000107,
					"seconds":	0.99988198280334473,
					"bytes":	20166656,
					"bits_per_second":	161352290.34498042,
					"jitter_ms":	0.0068165058051797931,
					"lost_packets":	76520,
					"packets":	91176,
					"lost_percent":	83.925594454681061,
					"omitted":	false,
					"sender":	false
				}],
			"sum":	{
				"start":	26.000225,
				"end":	27.000107,
				"seconds":	0.99988198280334473,
				"bytes":	20166656,
				"bits_per_second":	161352290.34498042,
				"jitter_ms":	0.0068165058051797931,
				"lost_packets":	76520,
				"packets":	91176,
				"lost_percent":	83.925594454681061,
				"omitted":	false,
				"sender":	false
			}
		}, {
			"streams":	[{
					"socket":	6,
					"start":	27.000107,
					"end":	28.000324,
					"seconds":	1.0002169609069824,
					"bytes":	8379840,
					"bits_per_second":	67024178.373470344,
					"jitter_ms":	5.313342905918363,
					"lost_packets":	56057,
					"packets":	62147,
					"lost_percent":	90.200653289780675,
					"omitted":	false,
					"sender":	false
				}],
			"sum":	{
				"start":	27.000107,
				"end":	28.000324,
				"seconds":	1.0002169609069824,
				"bytes":	8379840,
				"bits_per_second":	67024178.373470344,
				"jitter_ms":	5.313342905918363,
				"lost_packets":	56057,
				"packets":	62147,
				"lost_percent":	90.200653289780675,
				"omitted":	false,
				"sender":	false
			}
		}, {
			"streams":	[{
					"socket":	6,
					"start":	28.000324,
					"end":	29.000137,
					"seconds":	0.9998130202293396,
					"bytes":	23228256,
					"bits_per_second":	185860800.209798,
					"jitter_ms":	0.0064906017230817355,
					"lost_packets":	103755,
					"packets":	120636,
					"lost_percent":	86.0066646772108,
					"omitted":	false,
					"sender":	false
				}],
			"sum":	{
				"start":	28.000324,
				"end":	29.000137,
				"seconds":	0.9998130202293396,
				"bytes":	23228256,
				"bits_per_second":	185860800.209798,
				"jitter_ms":	0.0064906017230817355,
				"lost_packets":	103755,
				"packets":	120636,
				"lost_percent":	86.0066646772108,
				"omitted":	false,
				"sender":	false
			}
		}, {
			"streams":	[{
					"socket":	6,
					"start":	29.000137,
					"end":	30.000279,
					"seconds":	1.000141978263855,
					"bytes":	8039968,
					"bits_per_second":	64310613.290777527,
					"jitter_ms":	0.042721386375959521,
					"lost_packets":	34754,
					"packets":	40597,
					"lost_percent":	85.607310885040761,
					"omitted":	false,
					"sender":	false
				}],
			"sum":	{
				"start":	29.000137,
				"end":	30.000279,
				"seconds":	1.000141978263855,
				"bytes":	8039968,
				"bits_per_second":	64310613.290777527,
				"jitter_ms":	0.042721386375959521,
				"lost_packets":	34754,
				"packets":	40597,
				"lost_percent":	85.607310885040761,
				"omitted":	false,
				"sender":	false
			}
		}],
	"end":	{
		"streams":	[{
				"udp":	{
					"socket":	6,
					"start":	0,
					"end":	30.000279,
					"seconds":	30.000279,
					"bytes":	3757919296,
					"bits_per_second":	1002102492.7134844,
					"jitter_ms":	0.042721386375959521,
					"lost_packets":	2254633,
					"packets":	2623990,
					"lost_percent":	85.9238411731752,
					"out_of_order":	346,
					"sender":	false
				}
			}],
		"sum":	{
			"start":	0,
			"end":	30.000279,
			"seconds":	30.000279,
			"bytes":	3757919296,
			"bits_per_second":	1002102492.7134844,
			"jitter_ms":	0.042721386375959521,
			"lost_packets":	2254633,
			"packets":	2623990,
			"lost_percent":	85.9238411731752,
			"sender":	false
		},
		"cpu_utilization_percent":	{
			"host_total":	17.368813238388281,
			"host_user":	2.3967731580542262,
			"host_system":	14.972073118949721,
			"remote_total":	6.488905,
			"remote_user":	1.097395,
			"remote_system":	5.39151
		}
	}
}
