{
	"start":	{
		"connected":	[{
				"socket":	6,
				"local_host":	"100.98.65.252",
				"local_port":	58221,
				"remote_host":	"138.68.49.206",
				"remote_port":	5257
			}],
		"version":	"iperf 3.9",
		"system_info":	"Linux localhost 5.10.81-android12-9-24854392-abS901U1UEU2AVHF #1 SMP PREEMPT Tue Aug 16 04:54:26 UTC 2022 aarch64",
		"timestamp":	{
			"time":	"Mon, 06 Feb 2023 09:36:12 GMT",
			"timesecs":	1675676172
		},
		"connecting_to":	{
			"host":	"138.68.49.206",
			"port":	5257
		},
		"cookie":	"i3n4l5oshgufogjgk2gfhzx7rwnzd3m7ngct",
		"sock_bufsize":	0,
		"sndbuf_actual":	229376,
		"rcvbuf_actual":	229376,
		"test_start":	{
			"protocol":	"UDP",
			"num_streams":	1,
			"blksize":	1376,
			"omit":	0,
			"duration":	30,
			"bytes":	0,
			"blocks":	0,
			"reverse":	1,
			"tos":	0
		}
	},
	"intervals":	[{
			"streams":	[{
					"socket":	6,
					"start":	0,
					"end":	1.000033,
					"seconds":	1.0000330209732056,
					"bytes":	11419424,
					"bits_per_second":	91352375.4556578,
					"jitter_ms":	0.28840613468682585,
					"lost_packets":	2444,
					"packets":	10743,
					"lost_percent":	22.749697477427162,
					"omitted":	false,
					"sender":	false
				}],
			"sum":	{
				"start":	0,
				"end":	1.000033,
				"seconds":	1.0000330209732056,
				"bytes":	11419424,
				"bits_per_second":	91352375.4556578,
				"jitter_ms":	0.28840613468682585,
				"lost_packets":	2444,
				"packets":	10743,
				"lost_percent":	22.749697477427162,
				"omitted":	false,
				"sender":	false
			}
		}, {
			"streams":	[{
					"socket":	6,
					"start":	1.000033,
					"end":	2.000133,
					"seconds":	1.0001000165939331,
					"bytes":	22765920,
					"bits_per_second":	182109146.06348667,
					"jitter_ms":	0.00488004670373341,
					"lost_packets":	182335,
					"packets":	198880,
					"lost_percent":	91.680913113435238,
					"omitted":	false,
					"sender":	false
				}],
			"sum":	{
				"start":	1.000033,
				"end":	2.000133,
				"seconds":	1.0001000165939331,
				"bytes":	22765920,
				"bits_per_second":	182109146.06348667,
				"jitter_ms":	0.00488004670373341,
				"lost_packets":	182335,
				"packets":	198880,
				"lost_percent":	91.680913113435238,
				"omitted":	false,
				"sender":	false
			}
		}, {
			"streams":	[{
					"socket":	6,
					"start":	2.000133,
					"end":	3.000121,
					"seconds":	0.9999880194664,
					"bytes":	38336736,
					"bits_per_second":	306697562.4004513,
					"jitter_ms":	0.0040183580671533823,
					"lost_packets":	114525,
					"packets":	142386,
					"lost_percent":	80.432767266444728,
					"omitted":	false,
					"sender":	false
				}],
			"sum":	{
				"start":	2.000133,
				"end":	3.000121,
				"seconds":	0.9999880194664,
				"bytes":	38336736,
				"bits_per_second":	306697562.4004513,
				"jitter_ms":	0.0040183580671533823,
				"lost_packets":	114525,
				"packets":	142386,
				"lost_percent":	80.432767266444728,
				"omitted":	false,
				"sender":	false
			}
		}, {
			"streams":	[{
					"socket":	6,
					"start":	3.000121,
					"end":	4.000752,
					"seconds":	1.0006309747695923,
					"bytes":	37427200,
					"bits_per_second":	299228794.18053657,
					"jitter_ms":	0.18239404677238413,
					"lost_packets":	106111,
					"packets":	133311,
					"lost_percent":	79.5965824275566,
					"omitted":	false,
					"sender":	false
				}],
			"sum":	{
				"start":	3.000121,
				"end":	4.000752,
				"seconds":	1.0006309747695923,
				"bytes":	37427200,
				"bits_per_second":	299228794.18053657,
				"jitter_ms":	0.18239404677238413,
				"lost_packets":	106111,
				"packets":	133311,
				"lost_percent":	79.5965824275566,
				"omitted":	false,
				"sender":	false
			}
		}, {
			"streams":	[{
					"socket":	6,
					"start":	4.000752,
					"end":	5.000033,
					"seconds":	0.99928098917007446,
					"bytes":	36620864,
					"bits_per_second":	293177709.94854575,
					"jitter_ms":	0.20599472163842508,
					"lost_packets":	114139,
					"packets":	140753,
					"lost_percent":	81.0916996440573,
					"omitted":	false,
					"sender":	false
				}],
			"sum":	{
				"start":	4.000752,
				"end":	5.000033,
				"seconds":	0.99928098917007446,
				"bytes":	36620864,
				"bits_per_second":	293177709.94854575,
				"jitter_ms":	0.20599472163842508,
				"lost_packets":	114139,
				"packets":	140753,
				"lost_percent":	81.0916996440573,
				"omitted":	false,
				"sender":	false
			}
		}, {
			"streams":	[{
					"socket":	6,
					"start":	5.000033,
					"end":	6.00013,
					"seconds":	1.0000970363616943,
					"bytes":	36846528,
					"bits_per_second":	294743623.15117681,
					"jitter_ms":	0.00645557558120158,
					"lost_packets":	103420,
					"packets":	130198,
					"lost_percent":	79.432863792070535,
					"omitted":	false,
					"sender":	false
				}],
			"sum":	{
				"start":	5.000033,
				"end":	6.00013,
				"seconds":	1.0000970363616943,
				"bytes":	36846528,
				"bits_per_second":	294743623.15117681,
				"jitter_ms":	0.00645557558120158,
				"lost_packets":	103420,
				"packets":	130198,
				"lost_percent":	79.432863792070535,
				"omitted":	false,
				"sender":	false
			}
		}, {
			"streams":	[{
					"socket":	6,
					"start":	6.00013,
					"end":	7.000128,
					"seconds":	0.99999797344207764,
					"bytes":	37987232,
					"bits_per_second":	303898471.86785579,
					"jitter_ms":	0.0032498785151869052,
					"lost_packets":	115544,
					"packets":	143151,
					"lost_percent":	80.714769718688657,
					"omitted":	false,
					"sender":	false
				}],
			"sum":	{
				"start":	6.00013,
				"end":	7.000128,
				"seconds":	0.99999797344207764,
				"bytes":	37987232,
				"bits_per_second":	303898471.86785579,
				"jitter_ms":	0.0032498785151869052,
				"lost_packets":	115544,
				"packets":	143151,
				"lost_percent":	80.714769718688657,
				"omitted":	false,
				"sender":	false
			}
		}, {
			"streams":	[{
					"socket":	6,
					"start":	7.000128,
					"end":	8.000035,
					"seconds":	0.99990701675415039,
					"bytes":	36850656,
					"bits_per_second":	294832662.49794155,
					"jitter_ms":	0.0057133853171499683,
					"lost_packets":	107207,
					"packets":	133988,
					"lost_percent":	80.012389169179329,
					"omitted":	false,
					"sender":	false
				}],
			"sum":	{
				"start":	7.000128,
				"end":	8.000035,
				"seconds":	0.99990701675415039,
				"bytes":	36850656,
				"bits_per_second":	294832662.49794155,
				"jitter_ms":	0.0057133853171499683,
				"lost_packets":	107207,
				"packets":	133988,
				"lost_percent":	80.012389169179329,
				"omitted":	false,
				"sender":	false
			}
		}, {
			"streams":	[{
					"socket":	6,
					"start":	8.000035,
					"end":	9.000255,
					"seconds":	1.0002199411392212,
					"bytes":	36966240,
					"bits_per_second":	295664891.1270178,
					"jitter_ms":	0.0076875051701910885,
					"lost_packets":	108795,
					"packets":	135660,
					"lost_percent":	80.1968155683326,
					"omitted":	false,
					"sender":	false
				}],
			"sum":	{
				"start":	8.000035,
				"end":	9.000255,
				"seconds":	1.0002199411392212,
				"bytes":	36966240,
				"bits_per_second":	295664891.1270178,
				"jitter_ms":	0.0076875051701910885,
				"lost_packets":	108795,
				"packets":	135660,
				"lost_percent":	80.1968155683326,
				"omitted":	false,
				"sender":	false
			}
		}, {
			"streams":	[{
					"socket":	6,
					"start":	9.000255,
					"end":	10.000137,
					"seconds":	0.99988198280334473,
					"bytes":	36838272,
					"bits_per_second":	294740960.501898,
					"jitter_ms":	0.0030466235078114336,
					"lost_packets":	106197,
					"packets":	132969,
					"lost_percent":	79.8659838007355,
					"omitted":	false,
					"sender":	false
				}],
			"sum":	{
				"start":	9.000255,
				"end":	10.000137,
				"seconds":	0.99988198280334473,
				"bytes":	36838272,
				"bits_per_second":	294740960.501898,
				"jitter_ms":	0.0030466235078114336,
				"lost_packets":	106197,
				"packets":	132969,
				"lost_percent":	79.8659838007355,
				"omitted":	false,
				"sender":	false
			}
		}, {
			"streams":	[{
					"socket":	6,
					"start":	10.000137,
					"end":	11.00121,
					"seconds":	1.0010730028152466,
					"bytes":	37636352,
					"bits_per_second":	300768090.99162966,
					"jitter_ms":	0.30222616131704461,
					"lost_packets":	112934,
					"packets":	140286,
					"lost_percent":	80.5026873672355,
					"omitted":	false,
					"sender":	false
				}],
			"sum":	{
				"start":	10.000137,
				"end":	11.00121,
				"seconds":	1.0010730028152466,
				"bytes":	37636352,
				"bits_per_second":	300768090.99162966,
				"jitter_ms":	0.30222616131704461,
				"lost_packets":	112934,
				"packets":	140286,
				"lost_percent":	80.5026873672355,
				"omitted":	false,
				"sender":	false
			}
		}, {
			"streams":	[{
					"socket":	6,
					"start":	11.00121,
					"end":	12.000036,
					"seconds":	0.998826026916504,
					"bytes":	35898464,
					"bits_per_second":	287525258.91479123,
					"jitter_ms":	0.014332233698466892,
					"lost_packets":	108419,
					"packets":	134508,
					"lost_percent":	80.604127635530972,
					"omitted":	false,
					"sender":	false
				}],
			"sum":	{
				"start":	11.00121,
				"end":	12.000036,
				"seconds":	0.998826026916504,
				"bytes":	35898464,
				"bits_per_second":	287525258.91479123,
				"jitter_ms":	0.014332233698466892,
				"lost_packets":	108419,
				"packets":	134508,
				"lost_percent":	80.604127635530972,
				"omitted":	false,
				"sender":	false
			}
		}, {
			"streams":	[{
					"socket":	6,
					"start":	12.000036,
					"end":	13.000311,
					"seconds":	1.0002750158309937,
					"bytes":	37745056,
					"bits_per_second":	301877426.928575,
					"jitter_ms":	0.00841460764173414,
					"lost_packets":	111715,
					"packets":	139146,
					"lost_percent":	80.286174234257544,
					"omitted":	false,
					"sender":	false
				}],
			"sum":	{
				"start":	12.000036,
				"end":	13.000311,
				"seconds":	1.0002750158309937,
				"bytes":	37745056,
				"bits_per_second":	301877426.928575,
				"jitter_ms":	0.00841460764173414,
				"lost_packets":	111715,
				"packets":	139146,
				"lost_percent":	80.286174234257544,
				"omitted":	false,
				"sender":	false
			}
		}, {
			"streams":	[{
					"socket":	6,
					"start":	13.000311,
					"end":	14.000039,
					"seconds":	0.99972802400589,
					"bytes":	35978272,
					"bits_per_second":	287904479.10691386,
					"jitter_ms":	0.0075692471899300867,
					"lost_packets":	106873,
					"packets":	133020,
					"lost_percent":	80.343557359795525,
					"omitted":	false,
					"sender":	false
				}],
			"sum":	{
				"start":	13.000311,
				"end":	14.000039,
				"seconds":	0.99972802400589,
				"bytes":	35978272,
				"bits_per_second":	287904479.10691386,
				"jitter_ms":	0.0075692471899300867,
				"lost_packets":	106873,
				"packets":	133020,
				"lost_percent":	80.343557359795525,
				"omitted":	false,
				"sender":	false
			}
		}, {
			"streams":	[{
					"socket":	6,
					"start":	14.000039,
					"end":	15.000119,
					"seconds":	1.0000799894332886,
					"bytes":	36941472,
					"bits_per_second":	295508138.47147149,
					"jitter_ms":	0.00463649971890788,
					"lost_packets":	106674,
					"packets":	133521,
					"lost_percent":	79.8930505313771,
					"omitted":	false,
					"sender":	false
				}],
			"sum":	{
				"start":	14.000039,
				"end":	15.000119,
				"seconds":	1.0000799894332886,
				"bytes":	36941472,
				"bits_per_second":	295508138.47147149,
				"jitter_ms":	0.00463649971890788,
				"lost_packets":	106674,
				"packets":	133521,
				"lost_percent":	79.8930505313771,
				"omitted":	false,
				"sender":	false
			}
		}, {
			"streams":	[{
					"socket":	6,
					"start":	15.000119,
					"end":	16.00013,
					"seconds":	1.0000109672546387,
					"bytes":	40012704,
					"bits_per_second":	320098121.40239322,
					"jitter_ms":	0.004837895976186106,
					"lost_packets":	105465,
					"packets":	134544,
					"lost_percent":	78.386996075633249,
					"omitted":	false,
					"sender":	false
				}],
			"sum":	{
				"start":	15.000119,
				"end":	16.00013,
				"seconds":	1.0000109672546387,
				"bytes":	40012704,
				"bits_per_second":	320098121.40239322,
				"jitter_ms":	0.004837895976186106,
				"lost_packets":	105465,
				"packets":	134544,
				"lost_percent":	78.386996075633249,
				"omitted":	false,
				"sender":	false
			}
		}, {
			"streams":	[{
					"socket":	6,
					"start":	16.00013,
					"end":	17.000032,
					"seconds":	0.99990200996398926,
					"bytes":	37190528,
					"bits_per_second":	297553381.26654541,
					"jitter_ms":	0.0039932902314899332,
					"lost_packets":	114787,
					"packets":	141815,
					"lost_percent":	80.941367274265772,
					"omitted":	false,
					"sender":	false
				}],
			"sum":	{
				"start":	16.00013,
				"end":	17.000032,
				"seconds":	0.99990200996398926,
				"bytes":	37190528,
				"bits_per_second":	297553381.26654541,
				"jitter_ms":	0.0039932902314899332,
				"lost_packets":	114787,
				"packets":	141815,
				"lost_percent":	80.941367274265772,
				"omitted":	false,
				"sender":	false
			}
		}, {
			"streams":	[{
					"socket":	6,
					"start":	17.000032,
					"end":	18.000653,
					"seconds":	1.00062096118927,
					"bytes":	36591968,
					"bits_per_second":	292554079.2710101,
					"jitter_ms":	0.072879026875949923,
					"lost_packets":	107423,
					"packets":	134016,
					"lost_percent":	80.1568469436485,
					"omitted":	false,
					"sender":	false
				}],
			"sum":	{
				"start":	17.000032,
				"end":	18.000653,
				"seconds":	1.00062096118927,
				"bytes":	36591968,
				"bits_per_second":	292554079.2710101,
				"jitter_ms":	0.072879026875949923,
				"lost_packets":	107423,
				"packets":	134016,
				"lost_percent":	80.1568469436485,
				"omitted":	false,
				"sender":	false
			}
		}, {
			"streams":	[{
					"socket":	6,
					"start":	18.000653,
					"end":	19.000461,
					"seconds":	0.99980801343917847,
					"bytes":	37490496,
					"bits_per_second":	299981560.42809647,
					"jitter_ms":	0.0452285189517242,
					"lost_packets":	112553,
					"packets":	139799,
					"lost_percent":	80.5105902045079,
					"omitted":	false,
					"sender":	false
				}],
			"sum":	{
				"start":	18.000653,
				"end":	19.000461,
				"seconds":	0.99980801343917847,
				"bytes":	37490496,
				"bits_per_second":	299981560.42809647,
				"jitter_ms":	0.0452285189517242,
				"lost_packets":	112553,
				"packets":	139799,
				"lost_percent":	80.5105902045079,
				"omitted":	false,
				"sender":	false
			}
		}, {
			"streams":	[{
					"socket":	6,
					"start":	19.000461,
					"end":	20.000033,
					"seconds":	0.999571979045868,
					"bytes":	38122080,
					"bits_per_second":	305107232.2886768,
					"jitter_ms":	0.00619322110562673,
					"lost_packets":	106513,
					"packets":	134218,
					"lost_percent":	79.358208288009067,
					"omitted":	false,
					"sender":	false
				}],
			"sum":	{
				"start":	19.000461,
				"end":	20.000033,
				"seconds":	0.999571979045868,
				"bytes":	38122080,
				"bits_per_second":	305107232.2886768,
				"jitter_ms":	0.00619322110562673,
				"lost_packets":	106513,
				"packets":	134218,
				"lost_percent":	79.358208288009067,
				"omitted":	false,
				"sender":	false
			}
		}, {
			"streams":	[{
					"socket":	6,
					"start":	20.000033,
					"end":	21.000369,
					"seconds":	1.0003360509872437,
					"bytes":	36735072,
					"bits_per_second":	293781850.319166,
					"jitter_ms":	0.083343059369871061,
					"lost_packets":	103575,
					"packets":	130272,
					"lost_percent":	79.506724392041264,
					"omitted":	false,
					"sender":	false
				}],
			"sum":	{
				"start":	20.000033,
				"end":	21.000369,
				"seconds":	1.0003360509872437,
				"bytes":	36735072,
				"bits_per_second":	293781850.319166,
				"jitter_ms":	0.083343059369871061,
				"lost_packets":	103575,
				"packets":	130272,
				"lost_percent":	79.506724392041264,
				"omitted":	false,
				"sender":	false
			}
		}, {
			"streams":	[{
					"socket":	6,
					"start":	21.000369,
					"end":	22.001518,
					"seconds":	1.00114905834198,
					"bytes":	36034688,
					"bits_per_second":	287946636.515267,
					"jitter_ms":	0.047227293913887018,
					"lost_packets":	117661,
					"packets":	143849,
					"lost_percent":	81.794798712538849,
					"omitted":	false,
					"sender":	false
				}],
			"sum":	{
				"start":	21.000369,
				"end":	22.001518,
				"seconds":	1.00114905834198,
				"bytes":	36034688,
				"bits_per_second":	287946636.515267,
				"jitter_ms":	0.047227293913887018,
				"lost_packets":	117661,
				"packets":	143849,
				"lost_percent":	81.794798712538849,
				"omitted":	false,
				"sender":	false
			}
		}, {
			"streams":	[{
					"socket":	6,
					"start":	22.001518,
					"end":	23.000034,
					"seconds":	0.998516023159027,
					"bytes":	38325728,
					"bits_per_second":	307061496.14903969,
					"jitter_ms":	0.057642391863566018,
					"lost_packets":	106223,
					"packets":	134076,
					"lost_percent":	79.2259613950297,
					"omitted":	false,
					"sender":	false
				}],
			"sum":	{
				"start":	22.001518,
				"end":	23.000034,
				"seconds":	0.998516023159027,
				"bytes":	38325728,
				"bits_per_second":	307061496.14903969,
				"jitter_ms":	0.057642391863566018,
				"lost_packets":	106223,
				"packets":	134076,
				"lost_percent":	79.2259613950297,
				"omitted":	false,
				"sender":	false
			}
		}, {
			"streams":	[{
					"socket":	6,
					"start":	23.000034,
					"end":	24.00121,
					"seconds":	1.0011759996414185,
					"bytes":	37246944,
					"bits_per_second":	297625544.46643049,
					"jitter_ms":	0.50975256409801817,
					"lost_packets":	111646,
					"packets":	138715,
					"lost_percent":	80.4858883321919,
					"omitted":	false,
					"sender":	false
				}],
			"sum":	{
				"start":	23.000034,
				"end":	24.00121,
				"seconds":	1.0011759996414185,
				"bytes":	37246944,
				"bits_per_second":	297625544.46643049,
				"jitter_ms":	0.50975256409801817,
				"lost_packets":	111646,
				"packets":	138715,
				"lost_percent":	80.4858883321919,
				"omitted":	false,
				"sender":	false
			}
		}, {
			"streams":	[{
					"socket":	6,
					"start":	24.00121,
					"end":	25.000139,
					"seconds":	0.99892902374267578,
					"bytes":	36616736,
					"bits_per_second":	293247949.5915215,
					"jitter_ms":	0.0026436554999104485,
					"lost_packets":	109069,
					"packets":	135680,
					"lost_percent":	80.386939858490564,
					"omitted":	false,
					"sender":	false
				}],
			"sum":	{
				"start":	24.00121,
				"end":	25.000139,
				"seconds":	0.99892902374267578,
				"bytes":	36616736,
				"bits_per_second":	293247949.5915215,
				"jitter_ms":	0.0026436554999104485,
				"lost_packets":	109069,
				"packets":	135680,
				"lost_percent":	80.386939858490564,
				"omitted":	false,
				"sender":	false
			}
		}, {
			"streams":	[{
					"socket":	6,
					"start":	25.000139,
					"end":	26.000673,
					"seconds":	1.0005340576171875,
					"bytes":	38906400,
					"bits_per_second":	311085062.652697,
					"jitter_ms":	0.10865889266631618,
					"lost_packets":	109398,
					"packets":	137673,
					"lost_percent":	79.462203917979565,
					"omitted":	false,
					"sender":	false
				}],
			"sum":	{
				"start":	25.000139,
				"end":	26.000673,
				"seconds":	1.0005340576171875,
				"bytes":	38906400,
				"bits_per_second":	311085062.652697,
				"jitter_ms":	0.10865889266631618,
				"lost_packets":	109398,
				"packets":	137673,
				"lost_percent":	79.462203917979565,
				"omitted":	false,
				"sender":	false
			}
		}, {
			"streams":	[{
					"socket":	6,
					"start":	26.000673,
					"end":	27.000133,
					"seconds":	0.999459981918335,
					"bytes":	36981376,
					"bits_per_second":	296010859.216346,
					"jitter_ms":	0.0056630742298230336,
					"lost_packets":	107681,
					"packets":	134557,
					"lost_percent":	80.0263085532525,
					"omitted":	false,
					"sender":	false
				}],
			"sum":	{
				"start":	26.000673,
				"end":	27.000133,
				"seconds":	0.999459981918335,
				"bytes":	36981376,
				"bits_per_second":	296010859.216346,
				"jitter_ms":	0.0056630742298230336,
				"lost_packets":	107681,
				"packets":	134557,
				"lost_percent":	80.0263085532525,
				"omitted":	false,
				"sender":	false
			}
		}, {
			"streams":	[{
					"socket":	6,
					"start":	27.000133,
					"end":	28.000029,
					"seconds":	0.999895989894867,
					"bytes":	36887808,
					"bits_per_second":	295133160.83108628,
					"jitter_ms":	0.014125826090896838,
					"lost_packets":	109213,
					"packets":	136021,
					"lost_percent":	80.291278552576443,
					"omitted":	false,
					"sender":	false
				}],
			"sum":	{
				"start":	27.000133,
				"end":	28.000029,
				"seconds":	0.999895989894867,
				"bytes":	36887808,
				"bits_per_second":	295133160.83108628,
				"jitter_ms":	0.014125826090896838,
				"lost_packets":	109213,
				"packets":	136021,
				"lost_percent":	80.291278552576443,
				"omitted":	false,
				"sender":	false
			}
		}, {
			"streams":	[{
					"socket":	6,
					"start":	28.000029,
					"end":	29.000032,
					"seconds":	1.0000029802322388,
					"bytes":	37910176,
					"bits_per_second":	303280504.15366411,
					"jitter_ms":	0.13506679645074374,
					"lost_packets":	111260,
					"packets":	138811,
					"lost_percent":	80.152149325341654,
					"omitted":	false,
					"sender":	false
				}],
			"sum":	{
				"start":	28.000029,
				"end":	29.000032,
				"seconds":	1.0000029802322388,
				"bytes":	37910176,
				"bits_per_second":	303280504.15366411,
				"jitter_ms":	0.13506679645074374,
				"lost_packets":	111260,
				"packets":	138811,
				"lost_percent":	80.152149325341654,
				"omitted":	false,
				"sender":	false
			}
		}, {
			"streams":	[{
					"socket":	6,
					"start":	29.000032,
					"end":	30.001061,
					"seconds":	1.0010290145874023,
					"bytes":	37537280,
					"bits_per_second":	299989546.380706,
					"jitter_ms":	0.098319966024302333,
					"lost_packets":	107738,
					"packets":	135018,
					"lost_percent":	79.795286554385342,
					"omitted":	false,
					"sender":	false
				}],
			"sum":	{
				"start":	29.000032,
				"end":	30.001061,
				"seconds":	1.0010290145874023,
				"bytes":	37537280,
				"bits_per_second":	299989546.380706,
				"jitter_ms":	0.098319966024302333,
				"lost_packets":	107738,
				"packets":	135018,
				"lost_percent":	79.795286554385342,
				"omitted":	false,
				"sender":	false
			}
		}],
	"end":	{
		"streams":	[{
				"udp":	{
					"socket":	6,
					"start":	0,
					"end":	30.001061,
					"seconds":	30.001061,
					"bytes":	5620399968,
					"bits_per_second":	1498720320.0580139,
					"jitter_ms":	0.098319966024302333,
					"lost_packets":	3247537,
					"packets":	4031584,
					"lost_percent":	80.552383380825,
					"out_of_order":	614,
					"sender":	false
				}
			}],
		"sum":	{
			"start":	0,
			"end":	30.001061,
			"seconds":	30.001061,
			"bytes":	5620399968,
			"bits_per_second":	1498720320.0580139,
			"jitter_ms":	0.098319966024302333,
			"lost_packets":	3247537,
			"packets":	4031584,
			"lost_percent":	80.552383380825,
			"sender":	false
		},
		"cpu_utilization_percent":	{
			"host_total":	31.952470567969272,
			"host_user":	3.6844150760796146,
			"host_system":	28.268035676565827,
			"remote_total":	34.531269,
			"remote_user":	6.82555,
			"remote_system":	27.70572
		}
	}
}
